0 verbose cli /usr/local/bin/node /usr/local/bin/npm
1 info using npm@9.7.1
2 info using node@v18.16.0
3 timing npm:load:whichnode Completed in 16ms
4 timing config:load:defaults Completed in 2ms
5 timing config:load:file:/usr/local/lib/node_modules/npm/npmrc Completed in 6ms
6 timing config:load:builtin Completed in 7ms
7 timing config:load:cli Completed in 2ms
8 timing config:load:env Completed in 0ms
9 timing config:load:project Completed in 1ms
10 timing config:load:file:/home/container/.npmrc Completed in 0ms
11 timing config:load:user Completed in 0ms
12 timing config:load:file:/usr/local/etc/npmrc Completed in 0ms
13 timing config:load:global Completed in 1ms
14 timing config:load:setEnvs Completed in 1ms
15 timing config:load Completed in 15ms
16 timing npm:load:configload Completed in 16ms
17 timing config:load:flatten Completed in 7ms
18 timing npm:load:mkdirpcache Completed in 2ms
19 timing npm:load:mkdirplogs Completed in 0ms
20 verbose title npm install
21 verbose argv "install"
22 timing npm:load:setTitle Completed in 2ms
23 timing npm:load:display Completed in 1ms
24 verbose logfile logs-max:10 dir:/home/container/.npm/_logs/2023-06-14T20_42_50_413Z-
25 verbose logfile /home/container/.npm/_logs/2023-06-14T20_42_50_413Z-debug-0.log
26 timing npm:load:logFile Completed in 16ms
27 timing npm:load:timers Completed in 0ms
28 timing npm:load:configScope Completed in 0ms
29 timing npm:load Completed in 98ms
30 timing arborist:ctor Completed in 0ms
31 silly logfile start cleaning logs, removing 1 files
32 timing arborist:ctor Completed in 0ms
33 silly logfile done cleaning log files
34 verbose shrinkwrap failed to load node_modules/.package-lock.json out of date, updated: node_modules
35 verbose shrinkwrap failed to load node_modules/.package-lock.json out of date, updated: node_modules
36 timing idealTree:init Completed in 79ms
37 timing idealTree:userRequests Completed in 0ms
38 silly idealTree buildDeps
39 silly fetch manifest @adiwajshing/baileys@github:adiwajshing/baileys
40 silly fetch manifest @adiwajshing/keyed-db@^0.2.4
41 http fetch GET 200 https://registry.npmjs.org/@adiwajshing%2fkeyed-db 40ms (cache hit)
42 silly fetch manifest qrcode-terminal@^0.12.0
43 http fetch GET 200 https://registry.npmjs.org/qrcode-terminal 27ms (cache hit)
44 silly fetch manifest async@^3.2.3
45 http fetch GET 200 https://registry.npmjs.org/async 8ms (cache hit)
46 silly fetch manifest form-data@^4.0.0
47 http fetch GET 200 https://registry.npmjs.org/form-data 20ms (cache hit)
48 silly fetch manifest qs@^6.10.3
49 http fetch GET 200 https://registry.npmjs.org/qs 9ms (cache hit)
50 silly fetch manifest awesome-phonenumber@^2.69.0
51 http fetch GET 200 https://registry.npmjs.org/awesome-phonenumber 5ms (cache hit)
52 silly fetch manifest axios@^0.21.1
53 http fetch GET 200 https://registry.npmjs.org/axios 33ms (cache hit)
54 silly fetch manifest cfonts@^2.10.0
55 http fetch GET 200 https://registry.npmjs.org/cfonts 9ms (cache hit)
56 silly fetch manifest colors@^1.4.0
57 http fetch GET 200 https://registry.npmjs.org/colors 9ms (cache hit)
58 silly fetch manifest chalk@^4.1.2
59 http fetch GET 200 https://registry.npmjs.org/chalk 9ms (cache hit)
60 silly fetch manifest chokidar@^3.5.3
61 http fetch GET 200 https://registry.npmjs.org/chokidar 9ms (cache hit)
62 silly fetch manifest cheerio@^1.0.0-rc.10
63 http fetch GET 200 https://registry.npmjs.org/cheerio 8ms (cache hit)
64 silly fetch manifest child_process@^1.0.2
65 http fetch GET 200 https://registry.npmjs.org/child_process 4ms (cache hit)
66 silly fetch manifest cookie@^0.4.1
67 http fetch GET 200 https://registry.npmjs.org/cookie 5ms (cache hit)
68 silly fetch manifest crypto@^1.0.1
69 http fetch GET 200 https://registry.npmjs.org/crypto 5ms (cache hit)
70 silly fetch manifest emoji-api@^2.0.1
71 http fetch GET 200 https://registry.npmjs.org/emoji-api 4ms (cache hit)
72 silly fetch manifest emoji-regex@^10.0.0
73 http fetch GET 200 https://registry.npmjs.org/emoji-regex 33ms (cache hit)
74 silly fetch manifest emoji-unicode@^2.0.1
75 http fetch GET 200 https://registry.npmjs.org/emoji-unicode 5ms (cache hit)
76 silly fetch manifest encodeurl@^1.0.2
77 http fetch GET 200 https://registry.npmjs.org/encodeurl 4ms (cache hit)
78 silly fetch manifest escape-string-regexp@^1.0.5
79 http fetch GET 200 https://registry.npmjs.org/escape-string-regexp 5ms (cache hit)
80 silly fetch manifest fake-useragent@^1.0.1
81 http fetch GET 200 https://registry.npmjs.org/fake-useragent 35ms (cache hit)
82 silly fetch manifest file-type@^16.5.3
83 http fetch GET 200 https://registry.npmjs.org/file-type 7ms (cache hit)
84 silly fetch manifest fluent-ffmpeg@^2.1.2
85 http fetch GET 200 https://registry.npmjs.org/fluent-ffmpeg 11ms (cache hit)
86 silly fetch manifest fs-extra@^10.0.1
87 http fetch GET 200 https://registry.npmjs.org/fs-extra 6ms (cache hit)
88 silly fetch manifest got@^12.0.1
89 http fetch GET 200 https://registry.npmjs.org/got 19ms (cache hit)
90 silly fetch manifest hxz-api@^1.0.1
91 http fetch GET 200 https://registry.npmjs.org/hxz-api 51ms (cache hit)
92 silly fetch manifest image-to-base64@^2.2.0
93 http fetch GET 200 https://registry.npmjs.org/image-to-base64 6ms (cache hit)
94 silly fetch manifest imagemagick@^0.1.3
95 http fetch GET 200 https://registry.npmjs.org/imagemagick 26ms (cache hit)
96 silly fetch manifest imgbb-uploader@^1.3.5
97 http fetch GET 200 https://registry.npmjs.org/imgbb-uploader 7ms (cache hit)
98 silly fetch manifest isarray@^2.0.5
99 http fetch GET 200 https://registry.npmjs.org/isarray 34ms (cache hit)
100 silly fetch manifest jpeg-js@^0.4.3
101 http fetch GET 200 https://registry.npmjs.org/jpeg-js 21ms (cache hit)
102 silly fetch manifest jsdom@^19.0.0
103 http fetch GET 200 https://registry.npmjs.org/jsdom 40ms (cache hit)
104 silly fetch manifest canvas@^2.5.0
105 http fetch GET 200 https://registry.npmjs.org/canvas 11ms (cache hit)
106 silly fetch manifest linkifyjs@^3.0.5
107 http fetch GET 200 https://registry.npmjs.org/linkifyjs 4ms (cache hit)
108 silly fetch manifest lolis.life@^4.0.0
109 http fetch GET 200 https://registry.npmjs.org/lolis.life 5ms (cache hit)
110 silly fetch manifest mime@^3.0.0
111 http fetch GET 200 https://registry.npmjs.org/mime 44ms (cache hit)
112 silly fetch manifest moment-timezone@^0.5.34
113 http fetch GET 200 https://registry.npmjs.org/moment-timezone 6ms (cache hit)
114 silly fetch manifest ms@^2.1.3
115 http fetch GET 200 https://registry.npmjs.org/ms 34ms (cache hit)
116 silly fetch manifest multistream@^4.1.0
117 http fetch GET 200 https://registry.npmjs.org/multistream 20ms (cache hit)
118 silly fetch manifest node-fetch@^2.6.7
119 http fetch GET 200 https://registry.npmjs.org/node-fetch 52ms (cache hit)
120 silly fetch manifest encoding@^0.1.0
121 http fetch GET 200 https://registry.npmjs.org/encoding 38ms (cache hit)
122 silly fetch manifest parse-ms@^3.0.0
123 http fetch GET 200 https://registry.npmjs.org/parse-ms 4ms (cache hit)
124 silly fetch manifest path@^0.12.7
125 http fetch GET 200 https://registry.npmjs.org/path 7ms (cache hit)
126 silly fetch manifest process-nextick-args@^2.0.1
127 http fetch GET 200 https://registry.npmjs.org/process-nextick-args 18ms (cache hit)
128 silly fetch manifest protobufs@^0.1.0
129 http fetch GET 200 https://registry.npmjs.org/protobufs 5ms (cache hit)
130 silly fetch manifest protocol-buffers@^2.6.1
131 http fetch GET 200 https://registry.npmjs.org/protocol-buffers 4ms (cache hit)
132 silly fetch manifest remove.bg@^1.3.0
133 http fetch GET 200 https://registry.npmjs.org/remove.bg 34ms (cache hit)
134 silly fetch manifest request@^2.88.2
135 http fetch GET 200 https://registry.npmjs.org/request 10ms (cache hit)
136 silly fetch manifest spinnies@^0.5.1
137 http fetch GET 200 https://registry.npmjs.org/spinnies 21ms (cache hit)
138 silly fetch manifest textmaker-thiccy@^1.3.1
139 http fetch GET 200 https://registry.npmjs.org/textmaker-thiccy 6ms (cache hit)
140 silly fetch manifest util@^0.12.4
141 http fetch GET 200 https://registry.npmjs.org/util 112ms (cache hit)
142 silly fetch manifest ws@^8.5.0
143 http fetch GET 200 https://registry.npmjs.org/ws 13ms (cache hit)
144 silly fetch manifest bufferutil@^4.0.1
145 http fetch GET 200 https://registry.npmjs.org/bufferutil 40ms (cache hit)
146 silly fetch manifest utf-8-validate@>=5.0.2
147 http fetch GET 200 https://registry.npmjs.org/utf-8-validate 16ms (cache hit)
148 silly fetch manifest xfarr-api@^1.0.3
149 http fetch GET 200 https://registry.npmjs.org/xfarr-api 3ms (cache hit)
150 silly fetch manifest yt-search@^2.10.2
151 http fetch GET 200 https://registry.npmjs.org/yt-search 5ms (cache hit)
152 silly fetch manifest yts@^2.0.0
153 http fetch GET 200 https://registry.npmjs.org/yts 2ms (cache hit)
154 silly placeDep ROOT @adiwajshing/baileys@ OK for: Aleatory-MD@1.0.0 want: github:adiwajshing/baileys
155 silly placeDep ROOT @adiwajshing/keyed-db@0.2.4 OK for: Aleatory-MD@1.0.0 want: ^0.2.4
156 silly placeDep ROOT async@3.2.4 OK for: Aleatory-MD@1.0.0 want: ^3.2.3
157 silly placeDep ROOT awesome-phonenumber@2.73.0 OK for: Aleatory-MD@1.0.0 want: ^2.69.0
158 silly placeDep ROOT axios@0.21.4 OK for: Aleatory-MD@1.0.0 want: ^0.21.1
159 silly fetch manifest follow-redirects@^1.14.0
160 silly placeDep ROOT cfonts@2.10.1 OK for: Aleatory-MD@1.0.0 want: ^2.10.0
161 silly fetch manifest chalk@^4
162 silly fetch manifest window-size@^1.1.1
163 silly placeDep ROOT chalk@4.1.2 OK for: Aleatory-MD@1.0.0 want: ^4.1.2
164 silly fetch manifest ansi-styles@^4.1.0
165 silly fetch manifest supports-color@^7.1.0
166 silly placeDep ROOT cheerio@1.0.0-rc.12 OK for: Aleatory-MD@1.0.0 want: ^1.0.0-rc.10
167 silly fetch manifest cheerio-select@^2.1.0
168 silly fetch manifest dom-serializer@^2.0.0
169 silly fetch manifest domhandler@^5.0.3
170 silly fetch manifest domutils@^3.0.1
171 silly fetch manifest htmlparser2@^8.0.1
172 silly fetch manifest parse5@^7.0.0
173 silly fetch manifest parse5-htmlparser2-tree-adapter@^7.0.0
174 silly placeDep ROOT child_process@1.0.2 OK for: Aleatory-MD@1.0.0 want: ^1.0.2
175 silly placeDep ROOT chokidar@3.5.3 OK for: Aleatory-MD@1.0.0 want: ^3.5.3
176 silly fetch manifest anymatch@~3.1.2
177 silly fetch manifest braces@~3.0.2
178 silly fetch manifest glob-parent@~5.1.2
179 silly fetch manifest is-binary-path@~2.1.0
180 silly fetch manifest is-glob@~4.0.1
181 silly fetch manifest normalize-path@~3.0.0
182 silly fetch manifest readdirp@~3.6.0
183 silly fetch manifest fsevents@~2.3.2
184 silly placeDep ROOT colors@1.4.0 OK for: Aleatory-MD@1.0.0 want: ^1.4.0
185 silly placeDep ROOT cookie@0.4.2 OK for: Aleatory-MD@1.0.0 want: ^0.4.1
186 silly placeDep ROOT crypto@1.0.1 OK for: Aleatory-MD@1.0.0 want: ^1.0.1
187 silly placeDep ROOT emoji-api@2.0.1 OK for: Aleatory-MD@1.0.0 want: ^2.0.1
188 silly fetch manifest jsdom@^17.0.0
189 silly fetch manifest node-fetch@^2.6.2
190 silly placeDep ROOT emoji-regex@10.2.1 OK for: Aleatory-MD@1.0.0 want: ^10.0.0
191 silly placeDep ROOT emoji-unicode@2.0.1 OK for: Aleatory-MD@1.0.0 want: ^2.0.1
192 silly placeDep ROOT encodeurl@1.0.2 OK for: Aleatory-MD@1.0.0 want: ^1.0.2
193 silly placeDep ROOT escape-string-regexp@1.0.5 OK for: Aleatory-MD@1.0.0 want: ^1.0.5
194 silly placeDep ROOT fake-useragent@1.0.1 OK for: Aleatory-MD@1.0.0 want: ^1.0.1
195 silly placeDep ROOT file-type@16.5.4 OK for: Aleatory-MD@1.0.0 want: ^16.5.3
196 silly fetch manifest readable-web-to-node-stream@^3.0.0
197 silly fetch manifest strtok3@^6.2.4
198 silly fetch manifest token-types@^4.1.1
199 silly placeDep ROOT fluent-ffmpeg@2.1.2 OK for: Aleatory-MD@1.0.0 want: ^2.1.2
200 silly fetch manifest which@^1.1.1
201 silly placeDep ROOT form-data@4.0.0 OK for: Aleatory-MD@1.0.0 want: ^4.0.0
202 silly fetch manifest asynckit@^0.4.0
203 silly fetch manifest combined-stream@^1.0.8
204 silly fetch manifest mime-types@^2.1.12
205 silly placeDep ROOT fs-extra@10.1.0 OK for: Aleatory-MD@1.0.0 want: ^10.0.1
206 silly fetch manifest graceful-fs@^4.2.0
207 silly fetch manifest jsonfile@^6.0.1
208 silly fetch manifest universalify@^2.0.0
209 silly placeDep ROOT got@12.6.1 OK for: Aleatory-MD@1.0.0 want: ^12.0.1
210 silly fetch manifest @sindresorhus/is@^5.2.0
211 silly fetch manifest @szmarczak/http-timer@^5.0.1
212 silly fetch manifest cacheable-lookup@^7.0.0
213 silly fetch manifest cacheable-request@^10.2.8
214 silly fetch manifest decompress-response@^6.0.0
215 silly fetch manifest form-data-encoder@^2.1.2
216 silly fetch manifest get-stream@^6.0.1
217 silly fetch manifest http2-wrapper@^2.1.10
218 silly fetch manifest lowercase-keys@^3.0.0
219 silly fetch manifest p-cancelable@^3.0.0
220 silly fetch manifest responselike@^3.0.0
221 silly placeDep ROOT hxz-api@1.0.1 OK for: Aleatory-MD@1.0.0 want: ^1.0.1
222 silly fetch manifest qs@^6.10.1
223 silly placeDep ROOT image-to-base64@2.2.0 OK for: Aleatory-MD@1.0.0 want: ^2.2.0
224 silly fetch manifest node-fetch@^2.6.0
225 silly placeDep ROOT imagemagick@0.1.3 OK for: Aleatory-MD@1.0.0 want: ^0.1.3
226 silly placeDep ROOT imgbb-uploader@1.5.1 OK for: Aleatory-MD@1.0.0 want: ^1.3.5
227 silly placeDep ROOT isarray@2.0.5 OK for: Aleatory-MD@1.0.0 want: ^2.0.5
228 silly placeDep ROOT jpeg-js@0.4.4 OK for: Aleatory-MD@1.0.0 want: ^0.4.3
229 silly placeDep ROOT jsdom@19.0.0 OK for: Aleatory-MD@1.0.0 want: ^19.0.0
230 silly fetch manifest abab@^2.0.5
231 silly fetch manifest acorn@^8.5.0
232 silly fetch manifest acorn-globals@^6.0.0
233 silly fetch manifest cssom@^0.5.0
234 silly fetch manifest cssstyle@^2.3.0
235 silly fetch manifest data-urls@^3.0.1
236 silly fetch manifest decimal.js@^10.3.1
237 silly fetch manifest domexception@^4.0.0
238 silly fetch manifest escodegen@^2.0.0
239 silly fetch manifest html-encoding-sniffer@^3.0.0
240 silly fetch manifest http-proxy-agent@^5.0.0
241 silly fetch manifest https-proxy-agent@^5.0.0
242 silly fetch manifest is-potential-custom-element-name@^1.0.1
243 silly fetch manifest nwsapi@^2.2.0
244 silly fetch manifest parse5@6.0.1
245 silly fetch manifest saxes@^5.0.1
246 silly fetch manifest symbol-tree@^3.2.4
247 silly fetch manifest tough-cookie@^4.0.0
248 silly fetch manifest w3c-hr-time@^1.0.2
249 silly fetch manifest w3c-xmlserializer@^3.0.0
250 silly fetch manifest webidl-conversions@^7.0.0
251 silly fetch manifest whatwg-encoding@^2.0.0
252 silly fetch manifest whatwg-mimetype@^3.0.0
253 silly fetch manifest whatwg-url@^10.0.0
254 silly fetch manifest ws@^8.2.3
255 silly fetch manifest xml-name-validator@^4.0.0
256 silly placeDep ROOT linkifyjs@3.0.5 OK for: Aleatory-MD@1.0.0 want: ^3.0.5
257 silly placeDep ROOT lolis.life@4.0.0 OK for: Aleatory-MD@1.0.0 want: ^4.0.0
258 silly placeDep ROOT mime@3.0.0 OK for: Aleatory-MD@1.0.0 want: ^3.0.0
259 silly placeDep ROOT moment-timezone@0.5.43 OK for: Aleatory-MD@1.0.0 want: ^0.5.34
260 silly fetch manifest moment@^2.29.4
261 silly placeDep ROOT ms@2.1.3 OK for: Aleatory-MD@1.0.0 want: ^2.1.3
262 silly placeDep ROOT multistream@4.1.0 OK for: Aleatory-MD@1.0.0 want: ^4.1.0
263 silly fetch manifest once@^1.4.0
264 silly fetch manifest readable-stream@^3.6.0
265 silly placeDep ROOT node-fetch@2.6.11 OK for: Aleatory-MD@1.0.0 want: ^2.6.7
266 silly fetch manifest whatwg-url@^5.0.0
267 silly placeDep ROOT parse-ms@3.0.0 OK for: Aleatory-MD@1.0.0 want: ^3.0.0
268 silly placeDep ROOT path@0.12.7 OK for: Aleatory-MD@1.0.0 want: ^0.12.7
269 silly fetch manifest process@^0.11.1
270 silly fetch manifest util@^0.10.3
271 silly placeDep ROOT process-nextick-args@2.0.1 OK for: Aleatory-MD@1.0.0 want: ^2.0.1
272 silly placeDep ROOT protobufs@0.1.0 OK for: Aleatory-MD@1.0.0 want: ^0.1.0
273 silly placeDep ROOT protocol-buffers@2.7.0 OK for: protobufs@0.1.0 want: ^2.6.1
274 silly fetch manifest generate-function@^2.0.0
275 silly fetch manifest generate-object-property@^1.1.0
276 silly fetch manifest protobuf-schema@^1.5.0
277 silly fetch manifest resolve-protobuf-schema@^1.0.2
278 silly fetch manifest signed-varint@^2.0.0
279 silly fetch manifest varint@^4.0.0
280 silly placeDep ROOT qrcode-terminal@0.12.0 OK for: Aleatory-MD@1.0.0 want: ^0.12.0
281 silly placeDep ROOT qs@6.11.2 OK for: Aleatory-MD@1.0.0 want: ^6.10.3
282 silly fetch manifest side-channel@^1.0.4
283 silly placeDep ROOT remove.bg@1.3.0 OK for: Aleatory-MD@1.0.0 want: ^1.3.0
284 silly fetch manifest request@^2.88.0
285 silly fetch manifest unirest@~0.6.0
286 silly placeDep ROOT request@2.88.2 OK for: Aleatory-MD@1.0.0 want: ^2.88.2
287 silly fetch manifest aws-sign2@~0.7.0
288 silly fetch manifest aws4@^1.8.0
289 silly fetch manifest caseless@~0.12.0
290 silly fetch manifest combined-stream@~1.0.6
291 silly fetch manifest extend@~3.0.2
292 silly fetch manifest forever-agent@~0.6.1
293 silly fetch manifest form-data@~2.3.2
294 silly fetch manifest har-validator@~5.1.3
295 silly fetch manifest http-signature@~1.2.0
296 silly fetch manifest is-typedarray@~1.0.0
297 silly fetch manifest isstream@~0.1.2
298 silly fetch manifest json-stringify-safe@~5.0.1
299 silly fetch manifest mime-types@~2.1.19
300 silly fetch manifest oauth-sign@~0.9.0
301 silly fetch manifest performance-now@^2.1.0
302 silly fetch manifest qs@~6.5.2
303 silly fetch manifest safe-buffer@^5.1.2
304 silly fetch manifest tough-cookie@~2.5.0
305 silly fetch manifest tunnel-agent@^0.6.0
306 silly fetch manifest uuid@^3.3.2
307 silly placeDep ROOT spinnies@0.5.1 OK for: Aleatory-MD@1.0.0 want: ^0.5.1
308 silly fetch manifest chalk@^2.4.2
309 silly fetch manifest cli-cursor@^3.0.0
310 silly fetch manifest strip-ansi@^5.2.0
311 silly placeDep ROOT textmaker-thiccy@1.3.1 OK for: Aleatory-MD@1.0.0 want: ^1.3.1
312 silly placeDep ROOT util@0.12.5 OK for: Aleatory-MD@1.0.0 want: ^0.12.4
313 silly fetch manifest inherits@^2.0.3
314 silly fetch manifest is-arguments@^1.0.4
315 silly fetch manifest is-generator-function@^1.0.7
316 silly fetch manifest is-typed-array@^1.1.3
317 silly fetch manifest which-typed-array@^1.1.2
318 silly placeDep ROOT ws@8.13.0 OK for: Aleatory-MD@1.0.0 want: ^8.5.0
319 silly placeDep ROOT xfarr-api@1.0.3 OK for: Aleatory-MD@1.0.0 want: ^1.0.3
320 silly placeDep ROOT yt-search@2.10.4 OK for: Aleatory-MD@1.0.0 want: ^2.10.2
321 silly fetch manifest async.parallellimit@~0.5.2
322 silly fetch manifest boolstring@~1.0.2
323 silly fetch manifest dasu@~0.4.3
324 silly fetch manifest human-time@0.0.2
325 silly fetch manifest jsonpath-plus@~5.0.2
326 silly fetch manifest minimist@~1.2.5
327 silly fetch manifest node-fzf@~0.5.1
328 silly placeDep ROOT yts@2.0.1 OK for: Aleatory-MD@1.0.0 want: ^2.0.0
329 http fetch GET 200 https://registry.npmjs.org/follow-redirects 1182ms (cache hit)
330 http fetch GET 200 https://registry.npmjs.org/supports-color 1178ms (cache hit)
331 http fetch GET 200 https://registry.npmjs.org/dom-serializer 1173ms (cache hit)
332 http fetch GET 200 https://registry.npmjs.org/window-size 1186ms (cache hit)
333 http fetch GET 200 https://registry.npmjs.org/domhandler 1174ms (cache hit)
334 http fetch GET 200 https://registry.npmjs.org/htmlparser2 1172ms (cache hit)
335 http fetch GET 200 https://registry.npmjs.org/domutils 1177ms (cache hit)
336 http fetch GET 200 https://registry.npmjs.org/parse5 1172ms (cache hit)
337 http fetch GET 200 https://registry.npmjs.org/anymatch 1169ms (cache hit)
338 http fetch GET 200 https://registry.npmjs.org/parse5-htmlparser2-tree-adapter 1175ms (cache hit)
339 http fetch GET 200 https://registry.npmjs.org/braces 1172ms (cache hit)
340 http fetch GET 200 https://registry.npmjs.org/glob-parent 1172ms (cache hit)
341 http fetch GET 200 https://registry.npmjs.org/is-binary-path 1171ms (cache hit)
342 http fetch GET 200 https://registry.npmjs.org/normalize-path 1167ms (cache hit)
343 http fetch GET 200 https://registry.npmjs.org/readdirp 1166ms (cache hit)
344 http fetch GET 200 https://registry.npmjs.org/is-glob 1173ms (cache hit)
345 http fetch GET 200 https://registry.npmjs.org/ansi-styles 1201ms (cache hit)
346 http fetch GET 200 https://registry.npmjs.org/strtok3 1159ms (cache hit)
347 http fetch GET 200 https://registry.npmjs.org/fsevents 1173ms (cache hit)
348 http fetch GET 200 https://registry.npmjs.org/readable-web-to-node-stream 1165ms (cache hit)
349 http fetch GET 200 https://registry.npmjs.org/token-types 1164ms (cache hit)
350 http fetch GET 200 https://registry.npmjs.org/which 1164ms (cache hit)
351 http fetch GET 200 https://registry.npmjs.org/asynckit 1163ms (cache hit)
352 http fetch GET 200 https://registry.npmjs.org/cheerio-select 1205ms (cache hit)
353 http fetch GET 200 https://registry.npmjs.org/combined-stream 1164ms (cache hit)
354 http fetch GET 200 https://registry.npmjs.org/mime-types 1164ms (cache hit)
355 http fetch GET 200 https://registry.npmjs.org/@szmarczak%2fhttp-timer 1158ms (cache hit)
356 http fetch GET 200 https://registry.npmjs.org/@sindresorhus%2fis 1164ms (cache hit)
357 http fetch GET 200 https://registry.npmjs.org/cacheable-lookup 1161ms (cache hit)
358 http fetch GET 200 https://registry.npmjs.org/cacheable-request 1175ms (cache hit)
359 http fetch GET 200 https://registry.npmjs.org/get-stream 1176ms (cache hit)
360 http fetch GET 200 https://registry.npmjs.org/form-data-encoder 1194ms (cache hit)
361 http fetch GET 200 https://registry.npmjs.org/lowercase-keys 1202ms (cache hit)
362 http fetch GET 200 https://registry.npmjs.org/http2-wrapper 1212ms (cache hit)
363 http fetch GET 200 https://registry.npmjs.org/p-cancelable 1201ms (cache hit)
364 http fetch GET 200 https://registry.npmjs.org/responselike 1201ms (cache hit)
365 http fetch GET 200 https://registry.npmjs.org/abab 1188ms (cache hit)
366 http fetch GET 200 https://registry.npmjs.org/acorn 1188ms (cache hit)
367 http fetch GET 200 https://registry.npmjs.org/cssom 1200ms (cache hit)
368 http fetch GET 200 https://registry.npmjs.org/acorn-globals 1201ms (cache hit)
369 http fetch GET 200 https://registry.npmjs.org/cssstyle 1201ms (cache hit)
370 http fetch GET 200 https://registry.npmjs.org/data-urls 1197ms (cache hit)
371 http fetch GET 200 https://registry.npmjs.org/decimal.js 1198ms (cache hit)
372 http fetch GET 200 https://registry.npmjs.org/escodegen 1197ms (cache hit)
373 http fetch GET 200 https://registry.npmjs.org/graceful-fs 1253ms (cache hit)
374 http fetch GET 200 https://registry.npmjs.org/domexception 1203ms (cache hit)
375 http fetch GET 200 https://registry.npmjs.org/http-proxy-agent 1199ms (cache hit)
376 http fetch GET 200 https://registry.npmjs.org/https-proxy-agent 1199ms (cache hit)
377 http fetch GET 200 https://registry.npmjs.org/is-potential-custom-element-name 1222ms (cache hit)
378 http fetch GET 200 https://registry.npmjs.org/nwsapi 1222ms (cache hit)
379 http fetch GET 200 https://registry.npmjs.org/parse5 1222ms (cache hit)
380 http fetch GET 200 https://registry.npmjs.org/saxes 1220ms (cache hit)
381 http fetch GET 200 https://registry.npmjs.org/symbol-tree 1220ms (cache hit)
382 http fetch GET 200 https://registry.npmjs.org/tough-cookie 1231ms (cache hit)
383 http fetch GET 200 https://registry.npmjs.org/w3c-hr-time 1230ms (cache hit)
384 http fetch GET 200 https://registry.npmjs.org/w3c-xmlserializer 1229ms (cache hit)
385 http fetch GET 200 https://registry.npmjs.org/whatwg-encoding 1227ms (cache hit)
386 http fetch GET 200 https://registry.npmjs.org/webidl-conversions 1228ms (cache hit)
387 http fetch GET 200 https://registry.npmjs.org/whatwg-mimetype 1222ms (cache hit)
388 http fetch GET 200 https://registry.npmjs.org/whatwg-url 1221ms (cache hit)
389 http fetch GET 200 https://registry.npmjs.org/moment 1213ms (cache hit)
390 http fetch GET 200 https://registry.npmjs.org/once 1211ms (cache hit)
391 http fetch GET 200 https://registry.npmjs.org/readable-stream 1211ms (cache hit)
392 http fetch GET 200 https://registry.npmjs.org/xml-name-validator 1227ms (cache hit)
393 http fetch GET 200 https://registry.npmjs.org/whatwg-url 1208ms (cache hit)
394 http fetch GET 200 https://registry.npmjs.org/process 1206ms (cache hit)
395 http fetch GET 200 https://registry.npmjs.org/generate-function 1183ms (cache hit)
396 http fetch GET 200 https://registry.npmjs.org/generate-object-property 1182ms (cache hit)
397 http fetch GET 200 https://registry.npmjs.org/protobuf-schema 1183ms (cache hit)
398 http fetch GET 200 https://registry.npmjs.org/decompress-response 1307ms (cache hit)
399 http fetch GET 200 https://registry.npmjs.org/html-encoding-sniffer 1263ms (cache hit)
400 http fetch GET 200 https://registry.npmjs.org/jsonfile 1319ms (cache hit)
401 http fetch GET 200 https://registry.npmjs.org/resolve-protobuf-schema 1187ms (cache hit)
402 http fetch GET 200 https://registry.npmjs.org/unirest 1176ms (cache hit)
403 http fetch GET 200 https://registry.npmjs.org/aws-sign2 1174ms (cache hit)
404 http fetch GET 200 https://registry.npmjs.org/caseless 1173ms (cache hit)
405 http fetch GET 200 https://registry.npmjs.org/aws4 1190ms (cache hit)
406 http fetch GET 200 https://registry.npmjs.org/combined-stream 1189ms (cache hit)
407 http fetch GET 200 https://registry.npmjs.org/extend 1190ms (cache hit)
408 http fetch GET 200 https://registry.npmjs.org/forever-agent 1189ms (cache hit)
409 http fetch GET 200 https://registry.npmjs.org/har-validator 1188ms (cache hit)
410 http fetch GET 200 https://registry.npmjs.org/http-signature 1188ms (cache hit)
411 http fetch GET 200 https://registry.npmjs.org/is-typedarray 1195ms (cache hit)
412 http fetch GET 200 https://registry.npmjs.org/mime-types 1190ms (cache hit)
413 http fetch GET 200 https://registry.npmjs.org/json-stringify-safe 1192ms (cache hit)
414 http fetch GET 200 https://registry.npmjs.org/isstream 1194ms (cache hit)
415 http fetch GET 200 https://registry.npmjs.org/signed-varint 1212ms (cache hit)
416 http fetch GET 200 https://registry.npmjs.org/performance-now 1188ms (cache hit)
417 http fetch GET 200 https://registry.npmjs.org/tough-cookie 1182ms (cache hit)
418 http fetch GET 200 https://registry.npmjs.org/safe-buffer 1187ms (cache hit)
419 http fetch GET 200 https://registry.npmjs.org/tunnel-agent 1182ms (cache hit)
420 http fetch GET 200 https://registry.npmjs.org/cli-cursor 1120ms (cache hit)
421 http fetch GET 200 https://registry.npmjs.org/strip-ansi 1109ms (cache hit)
422 http fetch GET 200 https://registry.npmjs.org/inherits 1103ms (cache hit)
423 http fetch GET 200 https://registry.npmjs.org/uuid 1182ms (cache hit)
424 http fetch GET 200 https://registry.npmjs.org/is-arguments 1108ms (cache hit)
425 http fetch GET 200 https://registry.npmjs.org/is-typed-array 1106ms (cache hit)
426 http fetch GET 200 https://registry.npmjs.org/is-generator-function 1113ms (cache hit)
427 http fetch GET 200 https://registry.npmjs.org/which-typed-array 1112ms (cache hit)
428 http fetch GET 200 https://registry.npmjs.org/async.parallellimit 1108ms (cache hit)
429 http fetch GET 200 https://registry.npmjs.org/boolstring 1116ms (cache hit)
430 http fetch GET 200 https://registry.npmjs.org/dasu 1116ms (cache hit)
431 http fetch GET 200 https://registry.npmjs.org/jsonpath-plus 1115ms (cache hit)
432 http fetch GET 200 https://registry.npmjs.org/human-time 1119ms (cache hit)
433 http fetch GET 200 https://registry.npmjs.org/minimist 1118ms (cache hit)
434 http fetch GET 200 https://registry.npmjs.org/node-fzf 1116ms (cache hit)
435 http fetch GET 200 https://registry.npmjs.org/universalify 1392ms (cache hit)
436 http fetch GET 200 https://registry.npmjs.org/varint 1255ms (cache hit)
437 http fetch GET 200 https://registry.npmjs.org/side-channel 1254ms (cache hit)
438 http fetch GET 200 https://registry.npmjs.org/oauth-sign 1237ms (cache hit)
439 timing idealTree:#root Completed in 3111ms
440 timing idealTree:node_modules/@adiwajshing/baileys Completed in 1ms
441 timing idealTree:node_modules/@adiwajshing/keyed-db Completed in 0ms
442 timing idealTree:node_modules/async Completed in 0ms
443 timing idealTree:node_modules/awesome-phonenumber Completed in 0ms
444 silly placeDep ROOT follow-redirects@1.15.2 OK for: axios@0.21.4 want: ^1.14.0
445 timing idealTree:node_modules/axios Completed in 2ms
446 silly placeDep ROOT window-size@1.1.1 OK for: cfonts@2.10.1 want: ^1.1.1
447 silly fetch manifest define-property@^1.0.0
448 silly fetch manifest is-number@^3.0.0
449 http fetch GET 200 https://registry.npmjs.org/define-property 21ms (cache hit)
450 http fetch GET 200 https://registry.npmjs.org/is-number 22ms (cache hit)
451 timing idealTree:node_modules/cfonts Completed in 28ms
452 silly placeDep ROOT ansi-styles@4.3.0 OK for: chalk@4.1.2 want: ^4.1.0
453 silly fetch manifest color-convert@^2.0.1
454 silly placeDep ROOT supports-color@7.2.0 OK for: chalk@4.1.2 want: ^7.1.0
455 silly fetch manifest has-flag@^4.0.0
456 http fetch GET 200 https://registry.npmjs.org/color-convert 319ms (cache hit)
457 http fetch GET 200 https://registry.npmjs.org/has-flag 319ms (cache hit)
458 timing idealTree:node_modules/chalk Completed in 353ms
459 silly placeDep ROOT color-convert@2.0.1 OK for: ansi-styles@4.3.0 want: ^2.0.1
460 silly fetch manifest color-name@~1.1.4
461 http fetch GET 200 https://registry.npmjs.org/color-name 36ms (cache hit)
462 timing idealTree:node_modules/ansi-styles Completed in 50ms
463 silly placeDep ROOT cheerio-select@2.1.0 OK for: cheerio@1.0.0-rc.12 want: ^2.1.0
464 silly fetch manifest boolbase@^1.0.0
465 silly fetch manifest css-select@^5.1.0
466 silly fetch manifest css-what@^6.1.0
467 silly fetch manifest domelementtype@^2.3.0
468 silly placeDep ROOT dom-serializer@2.0.0 OK for: cheerio@1.0.0-rc.12 want: ^2.0.0
469 silly fetch manifest domhandler@^5.0.2
470 silly fetch manifest entities@^4.2.0
471 silly placeDep ROOT domhandler@5.0.3 OK for: cheerio@1.0.0-rc.12 want: ^5.0.3
472 silly placeDep ROOT domutils@3.1.0 OK for: cheerio@1.0.0-rc.12 want: ^3.0.1
473 silly placeDep ROOT htmlparser2@8.0.2 OK for: cheerio@1.0.0-rc.12 want: ^8.0.1
474 silly fetch manifest entities@^4.4.0
475 silly placeDep ROOT parse5@7.1.2 OK for: cheerio@1.0.0-rc.12 want: ^7.0.0
476 silly placeDep ROOT parse5-htmlparser2-tree-adapter@7.0.0 OK for: cheerio@1.0.0-rc.12 want: ^7.0.0
477 http fetch GET 200 https://registry.npmjs.org/entities 101ms (cache hit)
478 http fetch GET 200 https://registry.npmjs.org/css-what 106ms (cache hit)
479 http fetch GET 200 https://registry.npmjs.org/entities 76ms (cache hit)
480 http fetch GET 200 https://registry.npmjs.org/boolbase 114ms (cache hit)
481 http fetch GET 200 https://registry.npmjs.org/domelementtype 111ms (cache hit)
482 http fetch GET 200 https://registry.npmjs.org/css-select 114ms (cache hit)
483 timing idealTree:node_modules/cheerio Completed in 129ms
484 silly placeDep ROOT boolbase@1.0.0 OK for: cheerio-select@2.1.0 want: ^1.0.0
485 silly placeDep ROOT css-select@5.1.0 OK for: cheerio-select@2.1.0 want: ^5.1.0
486 silly fetch manifest nth-check@^2.0.1
487 silly placeDep ROOT css-what@6.1.0 OK for: cheerio-select@2.1.0 want: ^6.1.0
488 silly placeDep ROOT domelementtype@2.3.0 OK for: cheerio-select@2.1.0 want: ^2.3.0
489 http fetch GET 200 https://registry.npmjs.org/nth-check 33ms (cache hit)
490 timing idealTree:node_modules/cheerio-select Completed in 53ms
491 timing idealTree:node_modules/boolbase Completed in 0ms
492 timing idealTree:node_modules/child_process Completed in 0ms
493 silly placeDep ROOT anymatch@3.1.3 OK for: chokidar@3.5.3 want: ~3.1.2
494 silly fetch manifest normalize-path@^3.0.0
495 silly fetch manifest picomatch@^2.0.4
496 silly placeDep ROOT braces@3.0.2 OK for: chokidar@3.5.3 want: ~3.0.2
497 silly fetch manifest fill-range@^7.0.1
498 silly placeDep ROOT fsevents@2.3.2 OK for: chokidar@3.5.3 want: ~2.3.2
499 silly placeDep ROOT glob-parent@5.1.2 OK for: chokidar@3.5.3 want: ~5.1.2
500 silly fetch manifest is-glob@^4.0.1
501 silly placeDep ROOT is-binary-path@2.1.0 OK for: chokidar@3.5.3 want: ~2.1.0
502 silly fetch manifest binary-extensions@^2.0.0
503 silly placeDep ROOT is-glob@4.0.3 OK for: chokidar@3.5.3 want: ~4.0.1
504 silly fetch manifest is-extglob@^2.1.1
505 silly placeDep ROOT normalize-path@3.0.0 OK for: chokidar@3.5.3 want: ~3.0.0
506 silly placeDep ROOT readdirp@3.6.0 OK for: chokidar@3.5.3 want: ~3.6.0
507 silly fetch manifest picomatch@^2.2.1
508 http fetch GET 200 https://registry.npmjs.org/picomatch 98ms (cache hit)
509 http fetch GET 200 https://registry.npmjs.org/fill-range 96ms (cache hit)
510 http fetch GET 200 https://registry.npmjs.org/binary-extensions 106ms (cache hit)
511 http fetch GET 200 https://registry.npmjs.org/picomatch 91ms (cache hit)
512 http fetch GET 200 https://registry.npmjs.org/is-extglob 110ms (cache hit)
513 timing idealTree:node_modules/chokidar Completed in 129ms
514 silly placeDep ROOT picomatch@2.3.1 OK for: anymatch@3.1.3 want: ^2.0.4
515 timing idealTree:node_modules/anymatch Completed in 2ms
516 silly placeDep ROOT fill-range@7.0.1 OK for: braces@3.0.2 want: ^7.0.1
517 silly fetch manifest to-regex-range@^5.0.1
518 http fetch GET 200 https://registry.npmjs.org/to-regex-range 41ms (cache hit)
519 timing idealTree:node_modules/braces Completed in 45ms
520 silly placeDep ROOT color-name@1.1.4 OK for: color-convert@2.0.1 want: ~1.1.4
521 timing idealTree:node_modules/color-convert Completed in 4ms
522 timing idealTree:node_modules/color-name Completed in 0ms
523 timing idealTree:node_modules/colors Completed in 0ms
524 timing idealTree:node_modules/cookie Completed in 0ms
525 timing idealTree:node_modules/crypto Completed in 0ms
526 silly placeDep ROOT nth-check@2.1.1 OK for: css-select@5.1.0 want: ^2.0.1
527 timing idealTree:node_modules/css-select Completed in 2ms
528 timing idealTree:node_modules/css-what Completed in 0ms
529 silly placeDep ROOT entities@4.5.0 OK for: dom-serializer@2.0.0 want: ^4.2.0
530 timing idealTree:node_modules/dom-serializer Completed in 8ms
531 timing idealTree:node_modules/domelementtype Completed in 0ms
532 timing idealTree:node_modules/domhandler Completed in 0ms
533 timing idealTree:node_modules/domutils Completed in 0ms
534 silly placeDep node_modules/emoji-api jsdom@17.0.0 OK for: emoji-api@2.0.1 want: ^17.0.0
535 silly fetch manifest acorn@^8.4.1
536 silly fetch manifest data-urls@^3.0.0
537 silly fetch manifest domexception@^2.0.1
538 silly fetch manifest html-encoding-sniffer@^2.0.1
539 silly fetch manifest http-proxy-agent@^4.0.1
540 silly fetch manifest w3c-xmlserializer@^2.0.0
541 silly fetch manifest webidl-conversions@^6.1.0
542 silly fetch manifest whatwg-encoding@^1.0.5
543 silly fetch manifest whatwg-mimetype@^2.3.0
544 silly fetch manifest whatwg-url@^9.0.0
545 silly fetch manifest xml-name-validator@^3.0.0
546 timing idealTree:node_modules/emoji-api Completed in 26ms
547 timing idealTree:node_modules/emoji-regex Completed in 0ms
548 timing idealTree:node_modules/emoji-unicode Completed in 0ms
549 timing idealTree:node_modules/encodeurl Completed in 0ms
550 timing idealTree:node_modules/entities Completed in 0ms
551 timing idealTree:node_modules/escape-string-regexp Completed in 0ms
552 timing idealTree:node_modules/fake-useragent Completed in 0ms
553 silly placeDep ROOT readable-web-to-node-stream@3.0.2 OK for: file-type@16.5.4 want: ^3.0.0
554 silly placeDep ROOT strtok3@6.3.0 OK for: file-type@16.5.4 want: ^6.2.4
555 silly fetch manifest @tokenizer/token@^0.3.0
556 silly fetch manifest peek-readable@^4.1.0
557 silly placeDep ROOT token-types@4.2.1 OK for: file-type@16.5.4 want: ^4.1.1
558 silly fetch manifest ieee754@^1.2.1
559 http fetch GET 200 https://registry.npmjs.org/@tokenizer%2ftoken 25ms (cache hit)
560 http fetch GET 200 https://registry.npmjs.org/peek-readable 25ms (cache hit)
561 http fetch GET 200 https://registry.npmjs.org/ieee754 23ms (cache hit)
562 timing idealTree:node_modules/file-type Completed in 41ms
563 silly placeDep ROOT to-regex-range@5.0.1 OK for: fill-range@7.0.1 want: ^5.0.1
564 silly fetch manifest is-number@^7.0.0
565 timing idealTree:node_modules/fill-range Completed in 4ms
566 silly placeDep ROOT which@1.3.1 OK for: fluent-ffmpeg@2.1.2 want: ^1.1.1
567 silly fetch manifest isexe@^2.0.0
568 http fetch GET 200 https://registry.npmjs.org/isexe 12ms (cache hit)
569 timing idealTree:node_modules/fluent-ffmpeg Completed in 18ms
570 timing idealTree:node_modules/follow-redirects Completed in 0ms
571 silly placeDep ROOT asynckit@0.4.0 OK for: form-data@4.0.0 want: ^0.4.0
572 silly placeDep ROOT combined-stream@1.0.8 OK for: form-data@4.0.0 want: ^1.0.8
573 silly fetch manifest delayed-stream@~1.0.0
574 silly placeDep ROOT mime-types@2.1.35 OK for: form-data@4.0.0 want: ^2.1.12
575 silly fetch manifest mime-db@1.52.0
576 http fetch GET 200 https://registry.npmjs.org/mime-db 18ms (cache hit)
577 http fetch GET 200 https://registry.npmjs.org/delayed-stream 24ms (cache hit)
578 timing idealTree:node_modules/form-data Completed in 35ms
579 timing idealTree:node_modules/asynckit Completed in 0ms
580 silly placeDep ROOT delayed-stream@1.0.0 OK for: combined-stream@1.0.8 want: ~1.0.0
581 timing idealTree:node_modules/combined-stream Completed in 4ms
582 timing idealTree:node_modules/delayed-stream Completed in 0ms
583 silly placeDep ROOT graceful-fs@4.2.11 OK for: fs-extra@10.1.0 want: ^4.2.0
584 silly placeDep ROOT jsonfile@6.1.0 OK for: fs-extra@10.1.0 want: ^6.0.1
585 silly placeDep ROOT universalify@2.0.0 OK for: fs-extra@10.1.0 want: ^2.0.0
586 timing idealTree:node_modules/fs-extra Completed in 12ms
587 timing idealTree:node_modules/fsevents Completed in 0ms
588 timing idealTree:node_modules/glob-parent Completed in 0ms
589 silly placeDep ROOT @sindresorhus/is@5.4.1 OK for: got@12.6.1 want: ^5.2.0
590 silly placeDep ROOT @szmarczak/http-timer@5.0.1 OK for: got@12.6.1 want: ^5.0.1
591 silly fetch manifest defer-to-connect@^2.0.1
592 silly placeDep ROOT cacheable-lookup@7.0.0 OK for: got@12.6.1 want: ^7.0.0
593 silly placeDep ROOT cacheable-request@10.2.10 OK for: got@12.6.1 want: ^10.2.8
594 silly fetch manifest @types/http-cache-semantics@^4.0.1
595 silly fetch manifest http-cache-semantics@^4.1.1
596 silly fetch manifest keyv@^4.5.2
597 silly fetch manifest mimic-response@^4.0.0
598 silly fetch manifest normalize-url@^8.0.0
599 silly placeDep ROOT decompress-response@6.0.0 OK for: got@12.6.1 want: ^6.0.0
600 silly fetch manifest mimic-response@^3.1.0
601 silly placeDep ROOT form-data-encoder@2.1.4 OK for: got@12.6.1 want: ^2.1.2
602 silly placeDep ROOT get-stream@6.0.1 OK for: got@12.6.1 want: ^6.0.1
603 silly placeDep ROOT http2-wrapper@2.2.0 OK for: got@12.6.1 want: ^2.1.10
604 silly fetch manifest quick-lru@^5.1.1
605 silly fetch manifest resolve-alpn@^1.2.0
606 silly placeDep ROOT lowercase-keys@3.0.0 OK for: got@12.6.1 want: ^3.0.0
607 silly placeDep ROOT p-cancelable@3.0.0 OK for: got@12.6.1 want: ^3.0.0
608 silly placeDep ROOT responselike@3.0.0 OK for: got@12.6.1 want: ^3.0.0
609 http fetch GET 200 https://registry.npmjs.org/@types%2fhttp-cache-semantics 111ms (cache hit)
610 http fetch GET 200 https://registry.npmjs.org/http-cache-semantics 115ms (cache hit)
611 http fetch GET 200 https://registry.npmjs.org/mimic-response 115ms (cache hit)
612 http fetch GET 200 https://registry.npmjs.org/defer-to-connect 125ms (cache hit)
613 http fetch GET 200 https://registry.npmjs.org/keyv 119ms (cache hit)
614 http fetch GET 200 https://registry.npmjs.org/mimic-response 116ms (cache hit)
615 http fetch GET 200 https://registry.npmjs.org/quick-lru 130ms (cache hit)
616 http fetch GET 200 https://registry.npmjs.org/normalize-url 146ms (cache hit)
617 http fetch GET 200 https://registry.npmjs.org/resolve-alpn 131ms (cache hit)
618 timing idealTree:node_modules/got Completed in 167ms
619 timing idealTree:node_modules/@sindresorhus/is Completed in 0ms
620 silly placeDep ROOT defer-to-connect@2.0.1 OK for: @szmarczak/http-timer@5.0.1 want: ^2.0.1
621 timing idealTree:node_modules/@szmarczak/http-timer Completed in 2ms
622 timing idealTree:node_modules/cacheable-lookup Completed in 0ms
623 silly placeDep ROOT @types/http-cache-semantics@4.0.1 OK for: cacheable-request@10.2.10 want: ^4.0.1
624 silly placeDep ROOT http-cache-semantics@4.1.1 OK for: cacheable-request@10.2.10 want: ^4.1.1
625 silly placeDep ROOT keyv@4.5.2 OK for: cacheable-request@10.2.10 want: ^4.5.2
626 silly fetch manifest json-buffer@3.0.1
627 silly placeDep ROOT mimic-response@4.0.0 OK for: cacheable-request@10.2.10 want: ^4.0.0
628 silly placeDep ROOT normalize-url@8.0.0 OK for: cacheable-request@10.2.10 want: ^8.0.0
629 http fetch GET 200 https://registry.npmjs.org/json-buffer 111ms (cache hit)
630 timing idealTree:node_modules/cacheable-request Completed in 138ms
631 timing idealTree:node_modules/@types/http-cache-semantics Completed in 0ms
632 silly placeDep node_modules/decompress-response mimic-response@3.1.0 OK for: decompress-response@6.0.0 want: ^3.1.0
633 timing idealTree:node_modules/decompress-response Completed in 11ms
634 timing idealTree:node_modules/defer-to-connect Completed in 0ms
635 timing idealTree:node_modules/form-data-encoder Completed in 0ms
636 timing idealTree:node_modules/get-stream Completed in 0ms
637 timing idealTree:node_modules/graceful-fs Completed in 0ms
638 timing idealTree:node_modules/htmlparser2 Completed in 0ms
639 timing idealTree:node_modules/http-cache-semantics Completed in 0ms
640 silly placeDep ROOT quick-lru@5.1.1 OK for: http2-wrapper@2.2.0 want: ^5.1.1
641 silly placeDep ROOT resolve-alpn@1.2.1 OK for: http2-wrapper@2.2.0 want: ^1.2.0
642 timing idealTree:node_modules/http2-wrapper Completed in 4ms
643 timing idealTree:node_modules/hxz-api Completed in 0ms
644 timing idealTree:node_modules/image-to-base64 Completed in 0ms
645 timing idealTree:node_modules/imagemagick Completed in 0ms
646 timing idealTree:node_modules/imgbb-uploader Completed in 0ms
647 silly placeDep ROOT binary-extensions@2.2.0 OK for: is-binary-path@2.1.0 want: ^2.0.0
648 timing idealTree:node_modules/is-binary-path Completed in 2ms
649 timing idealTree:node_modules/binary-extensions Completed in 0ms
650 silly placeDep ROOT is-extglob@2.1.1 OK for: is-glob@4.0.3 want: ^2.1.1
651 timing idealTree:node_modules/is-glob Completed in 1ms
652 timing idealTree:node_modules/is-extglob Completed in 0ms
653 timing idealTree:node_modules/isarray Completed in 0ms
654 timing idealTree:node_modules/jpeg-js Completed in 0ms
655 silly placeDep ROOT abab@2.0.6 OK for: jsdom@19.0.0 want: ^2.0.5
656 silly placeDep ROOT acorn@8.8.2 OK for: jsdom@19.0.0 want: ^8.5.0
657 silly placeDep ROOT acorn-globals@6.0.0 OK for: jsdom@19.0.0 want: ^6.0.0
658 silly fetch manifest acorn@^7.1.1
659 silly fetch manifest acorn-walk@^7.1.1
660 silly placeDep ROOT cssom@0.5.0 OK for: jsdom@19.0.0 want: ^0.5.0
661 silly placeDep ROOT cssstyle@2.3.0 OK for: jsdom@19.0.0 want: ^2.3.0
662 silly fetch manifest cssom@~0.3.6
663 silly placeDep ROOT data-urls@3.0.2 OK for: jsdom@19.0.0 want: ^3.0.1
664 silly fetch manifest whatwg-url@^11.0.0
665 silly placeDep ROOT decimal.js@10.4.3 OK for: jsdom@19.0.0 want: ^10.3.1
666 silly placeDep ROOT domexception@4.0.0 OK for: jsdom@19.0.0 want: ^4.0.0
667 silly placeDep ROOT escodegen@2.0.0 OK for: jsdom@19.0.0 want: ^2.0.0
668 silly fetch manifest estraverse@^5.2.0
669 silly fetch manifest esutils@^2.0.2
670 silly fetch manifest esprima@^4.0.1
671 silly fetch manifest optionator@^0.8.1
672 silly fetch manifest source-map@~0.6.1
673 silly placeDep ROOT html-encoding-sniffer@3.0.0 OK for: jsdom@19.0.0 want: ^3.0.0
674 silly placeDep ROOT http-proxy-agent@5.0.0 OK for: jsdom@19.0.0 want: ^5.0.0
675 silly fetch manifest @tootallnate/once@2
676 silly fetch manifest agent-base@6
677 silly fetch manifest debug@4
678 silly placeDep ROOT https-proxy-agent@5.0.1 OK for: jsdom@19.0.0 want: ^5.0.0
679 silly placeDep ROOT is-potential-custom-element-name@1.0.1 OK for: jsdom@19.0.0 want: ^1.0.1
680 silly placeDep ROOT nwsapi@2.2.5 OK for: jsdom@19.0.0 want: ^2.2.0
681 silly placeDep node_modules/jsdom parse5@6.0.1 OK for: jsdom@19.0.0 want: 6.0.1
682 silly placeDep ROOT saxes@5.0.1 OK for: jsdom@19.0.0 want: ^5.0.1
683 silly fetch manifest xmlchars@^2.2.0
684 silly placeDep ROOT symbol-tree@3.2.4 OK for: jsdom@19.0.0 want: ^3.2.4
685 silly placeDep ROOT tough-cookie@4.1.3 OK for: jsdom@19.0.0 want: ^4.0.0
686 silly fetch manifest psl@^1.1.33
687 silly fetch manifest punycode@^2.1.1
688 silly fetch manifest universalify@^0.2.0
689 silly fetch manifest url-parse@^1.5.3
690 silly placeDep ROOT w3c-hr-time@1.0.2 OK for: jsdom@19.0.0 want: ^1.0.2
691 silly fetch manifest browser-process-hrtime@^1.0.0
692 silly placeDep ROOT w3c-xmlserializer@3.0.0 OK for: jsdom@19.0.0 want: ^3.0.0
693 silly placeDep ROOT webidl-conversions@7.0.0 OK for: jsdom@19.0.0 want: ^7.0.0
694 silly placeDep ROOT whatwg-encoding@2.0.0 OK for: jsdom@19.0.0 want: ^2.0.0
695 silly fetch manifest iconv-lite@0.6.3
696 silly placeDep ROOT whatwg-mimetype@3.0.0 OK for: jsdom@19.0.0 want: ^3.0.0
697 silly placeDep ROOT whatwg-url@10.0.0 OK for: jsdom@19.0.0 want: ^10.0.0
698 silly fetch manifest tr46@^3.0.0
699 silly placeDep ROOT xml-name-validator@4.0.0 OK for: jsdom@19.0.0 want: ^4.0.0
700 http fetch GET 200 https://registry.npmjs.org/acorn-walk 202ms (cache hit)
701 http fetch GET 200 https://registry.npmjs.org/source-map 177ms (cache hit)
702 http fetch GET 200 https://registry.npmjs.org/estraverse 186ms (cache hit)
703 http fetch GET 200 https://registry.npmjs.org/esutils 187ms (cache hit)
704 http fetch GET 200 https://registry.npmjs.org/optionator 188ms (cache hit)
705 http fetch GET 200 https://registry.npmjs.org/esprima 196ms (cache hit)
706 http fetch GET 200 https://registry.npmjs.org/debug 191ms (cache hit)
707 http fetch GET 200 https://registry.npmjs.org/@tootallnate%2fonce 197ms (cache hit)
708 http fetch GET 200 https://registry.npmjs.org/xmlchars 190ms (cache hit)
709 http fetch GET 200 https://registry.npmjs.org/agent-base 201ms (cache hit)
710 http fetch GET 200 https://registry.npmjs.org/psl 199ms (cache hit)
711 http fetch GET 200 https://registry.npmjs.org/url-parse 203ms (cache hit)
712 http fetch GET 200 https://registry.npmjs.org/punycode 220ms (cache hit)
713 http fetch GET 200 https://registry.npmjs.org/iconv-lite 212ms (cache hit)
714 http fetch GET 200 https://registry.npmjs.org/browser-process-hrtime 225ms (cache hit)
715 http fetch GET 200 https://registry.npmjs.org/tr46 216ms (cache hit)
716 timing idealTree:node_modules/jsdom Completed in 315ms
717 timing idealTree:node_modules/abab Completed in 0ms
718 timing idealTree:node_modules/acorn Completed in 0ms
719 silly placeDep node_modules/acorn-globals acorn@7.4.1 OK for: acorn-globals@6.0.0 want: ^7.1.1
720 silly placeDep ROOT acorn-walk@7.2.0 OK for: acorn-globals@6.0.0 want: ^7.1.1
721 timing idealTree:node_modules/acorn-globals Completed in 13ms
722 timing idealTree:node_modules/acorn-walk Completed in 0ms
723 timing idealTree:node_modules/cssom Completed in 0ms
724 silly placeDep node_modules/cssstyle cssom@0.3.8 OK for: cssstyle@2.3.0 want: ~0.3.6
725 timing idealTree:node_modules/cssstyle Completed in 3ms
726 silly placeDep node_modules/data-urls whatwg-url@11.0.0 OK for: data-urls@3.0.2 want: ^11.0.0
727 timing idealTree:node_modules/data-urls Completed in 7ms
728 timing idealTree:node_modules/decimal.js Completed in 0ms
729 timing idealTree:node_modules/domexception Completed in 0ms
730 silly placeDep ROOT esprima@4.0.1 OK for: escodegen@2.0.0 want: ^4.0.1
731 silly placeDep ROOT estraverse@5.3.0 OK for: escodegen@2.0.0 want: ^5.2.0
732 silly placeDep ROOT esutils@2.0.3 OK for: escodegen@2.0.0 want: ^2.0.2
733 silly placeDep ROOT optionator@0.8.3 OK for: escodegen@2.0.0 want: ^0.8.1
734 silly fetch manifest prelude-ls@~1.1.2
735 silly fetch manifest deep-is@~0.1.3
736 silly fetch manifest word-wrap@~1.2.3
737 silly fetch manifest type-check@~0.3.2
738 silly fetch manifest levn@~0.3.0
739 silly fetch manifest fast-levenshtein@~2.0.6
740 silly placeDep ROOT source-map@0.6.1 OK for: escodegen@2.0.0 want: ~0.6.1
741 http fetch GET 200 https://registry.npmjs.org/deep-is 46ms (cache hit)
742 http fetch GET 200 https://registry.npmjs.org/word-wrap 45ms (cache hit)
743 http fetch GET 200 https://registry.npmjs.org/type-check 45ms (cache hit)
744 http fetch GET 200 https://registry.npmjs.org/levn 45ms (cache hit)
745 http fetch GET 200 https://registry.npmjs.org/fast-levenshtein 38ms (cache hit)
746 http fetch GET 200 https://registry.npmjs.org/prelude-ls 52ms (cache hit)
747 timing idealTree:node_modules/escodegen Completed in 62ms
748 timing idealTree:node_modules/esprima Completed in 0ms
749 timing idealTree:node_modules/estraverse Completed in 0ms
750 timing idealTree:node_modules/esutils Completed in 0ms
751 timing idealTree:node_modules/html-encoding-sniffer Completed in 0ms
752 silly placeDep ROOT @tootallnate/once@2.0.0 OK for: http-proxy-agent@5.0.0 want: 2
753 silly placeDep ROOT agent-base@6.0.2 OK for: http-proxy-agent@5.0.0 want: 6
754 silly placeDep ROOT debug@4.3.4 OK for: http-proxy-agent@5.0.0 want: 4
755 silly fetch manifest ms@2.1.2
756 timing idealTree:node_modules/http-proxy-agent Completed in 8ms
757 timing idealTree:node_modules/@tootallnate/once Completed in 0ms
758 timing idealTree:node_modules/agent-base Completed in 0ms
759 silly placeDep node_modules/debug ms@2.1.2 OK for: debug@4.3.4 want: 2.1.2
760 timing idealTree:node_modules/debug Completed in 15ms
761 timing idealTree:node_modules/https-proxy-agent Completed in 0ms
762 timing idealTree:node_modules/is-potential-custom-element-name Completed in 0ms
763 timing idealTree:node_modules/jsonfile Completed in 0ms
764 silly placeDep ROOT json-buffer@3.0.1 OK for: keyv@4.5.2 want: 3.0.1
765 timing idealTree:node_modules/keyv Completed in 2ms
766 timing idealTree:node_modules/json-buffer Completed in 0ms
767 timing idealTree:node_modules/linkifyjs Completed in 0ms
768 timing idealTree:node_modules/lolis.life Completed in 0ms
769 timing idealTree:node_modules/lowercase-keys Completed in 0ms
770 timing idealTree:node_modules/mime Completed in 0ms
771 silly placeDep ROOT mime-db@1.52.0 OK for: mime-types@2.1.35 want: 1.52.0
772 timing idealTree:node_modules/mime-types Completed in 3ms
773 timing idealTree:node_modules/mime-db Completed in 0ms
774 timing idealTree:node_modules/mimic-response Completed in 0ms
775 silly placeDep ROOT moment@2.29.4 OK for: moment-timezone@0.5.43 want: ^2.29.4
776 timing idealTree:node_modules/moment-timezone Completed in 1ms
777 timing idealTree:node_modules/moment Completed in 0ms
778 timing idealTree:node_modules/ms Completed in 0ms
779 silly placeDep ROOT once@1.4.0 OK for: multistream@4.1.0 want: ^1.4.0
780 silly fetch manifest wrappy@1
781 silly placeDep ROOT readable-stream@3.6.2 OK for: multistream@4.1.0 want: ^3.6.0
782 silly fetch manifest string_decoder@^1.1.1
783 silly fetch manifest util-deprecate@^1.0.1
784 http fetch GET 200 https://registry.npmjs.org/wrappy 22ms (cache hit)
785 http fetch GET 200 https://registry.npmjs.org/string_decoder 21ms (cache hit)
786 http fetch GET 200 https://registry.npmjs.org/util-deprecate 21ms (cache hit)
787 timing idealTree:node_modules/multistream Completed in 29ms
788 silly placeDep node_modules/node-fetch whatwg-url@5.0.0 OK for: node-fetch@2.6.11 want: ^5.0.0
789 silly fetch manifest tr46@~0.0.3
790 silly fetch manifest webidl-conversions@^3.0.0
791 timing idealTree:node_modules/node-fetch Completed in 4ms
792 timing idealTree:node_modules/normalize-path Completed in 0ms
793 timing idealTree:node_modules/normalize-url Completed in 0ms
794 timing idealTree:node_modules/nth-check Completed in 0ms
795 timing idealTree:node_modules/nwsapi Completed in 0ms
796 silly placeDep ROOT wrappy@1.0.2 OK for: once@1.4.0 want: 1
797 timing idealTree:node_modules/once Completed in 2ms
798 silly placeDep ROOT deep-is@0.1.4 OK for: optionator@0.8.3 want: ~0.1.3
799 silly placeDep ROOT fast-levenshtein@2.0.6 OK for: optionator@0.8.3 want: ~2.0.6
800 silly placeDep ROOT levn@0.3.0 OK for: optionator@0.8.3 want: ~0.3.0
801 silly placeDep ROOT prelude-ls@1.1.2 OK for: optionator@0.8.3 want: ~1.1.2
802 silly placeDep ROOT type-check@0.3.2 OK for: optionator@0.8.3 want: ~0.3.2
803 silly placeDep ROOT word-wrap@1.2.3 OK for: optionator@0.8.3 want: ~1.2.3
804 timing idealTree:node_modules/optionator Completed in 10ms
805 timing idealTree:node_modules/deep-is Completed in 0ms
806 timing idealTree:node_modules/fast-levenshtein Completed in 0ms
807 timing idealTree:node_modules/levn Completed in 0ms
808 timing idealTree:node_modules/p-cancelable Completed in 0ms
809 timing idealTree:node_modules/parse-ms Completed in 0ms
810 timing idealTree:node_modules/parse5 Completed in 0ms
811 timing idealTree:node_modules/parse5-htmlparser2-tree-adapter Completed in 0ms
812 silly placeDep ROOT process@0.11.10 OK for: path@0.12.7 want: ^0.11.1
813 silly placeDep node_modules/path util@0.10.4 OK for: path@0.12.7 want: ^0.10.3
814 silly fetch manifest inherits@2.0.3
815 timing idealTree:node_modules/path Completed in 7ms
816 timing idealTree:node_modules/picomatch Completed in 0ms
817 timing idealTree:node_modules/prelude-ls Completed in 0ms
818 timing idealTree:node_modules/process Completed in 0ms
819 timing idealTree:node_modules/process-nextick-args Completed in 0ms
820 timing idealTree:node_modules/protobufs Completed in 0ms
821 silly placeDep ROOT generate-function@2.3.1 OK for: protocol-buffers@2.7.0 want: ^2.0.0
822 silly fetch manifest is-property@^1.0.2
823 silly placeDep ROOT generate-object-property@1.2.0 OK for: protocol-buffers@2.7.0 want: ^1.1.0
824 silly fetch manifest is-property@^1.0.0
825 silly placeDep ROOT protobuf-schema@1.5.1 OK for: protocol-buffers@2.7.0 want: ^1.5.0
826 silly placeDep ROOT resolve-protobuf-schema@1.0.2 OK for: protocol-buffers@2.7.0 want: ^1.0.2
827 silly placeDep ROOT signed-varint@2.0.1 OK for: protocol-buffers@2.7.0 want: ^2.0.0
828 silly fetch manifest varint@~5.0.0
829 silly placeDep ROOT varint@4.0.1 OK for: protocol-buffers@2.7.0 want: ^4.0.0
830 http fetch GET 200 https://registry.npmjs.org/is-property 259ms (cache hit)
831 http fetch GET 200 https://registry.npmjs.org/is-property 258ms (cache hit)
832 timing idealTree:node_modules/protocol-buffers Completed in 265ms
833 silly placeDep ROOT is-property@1.0.2 OK for: generate-function@2.3.1 want: ^1.0.2
834 timing idealTree:node_modules/generate-function Completed in 4ms
835 timing idealTree:node_modules/generate-object-property Completed in 0ms
836 timing idealTree:node_modules/is-property Completed in 0ms
837 timing idealTree:node_modules/protobuf-schema Completed in 0ms
838 timing idealTree:node_modules/qrcode-terminal Completed in 0ms
839 silly placeDep ROOT side-channel@1.0.4 OK for: qs@6.11.2 want: ^1.0.4
840 silly fetch manifest call-bind@^1.0.0
841 silly fetch manifest get-intrinsic@^1.0.2
842 silly fetch manifest object-inspect@^1.9.0
843 http fetch GET 200 https://registry.npmjs.org/get-intrinsic 16ms (cache hit)
844 http fetch GET 200 https://registry.npmjs.org/call-bind 22ms (cache hit)
845 http fetch GET 200 https://registry.npmjs.org/object-inspect 30ms (cache hit)
846 timing idealTree:node_modules/qs Completed in 40ms
847 timing idealTree:node_modules/quick-lru Completed in 0ms
848 silly placeDep ROOT inherits@2.0.4 OK for: readable-stream@3.6.2 want: ^2.0.3
849 silly placeDep ROOT string_decoder@1.3.0 OK for: readable-stream@3.6.2 want: ^1.1.1
850 silly fetch manifest safe-buffer@~5.2.0
851 silly placeDep ROOT util-deprecate@1.0.2 OK for: readable-stream@3.6.2 want: ^1.0.1
852 timing idealTree:node_modules/readable-stream Completed in 18ms
853 timing idealTree:node_modules/inherits Completed in 0ms
854 timing idealTree:node_modules/readable-web-to-node-stream Completed in 0ms
855 timing idealTree:node_modules/readdirp Completed in 0ms
856 silly placeDep ROOT unirest@0.6.0 OK for: remove.bg@1.3.0 want: ~0.6.0
857 silly fetch manifest form-data@^0.2.0
858 silly fetch manifest mime@^2.4.0
859 timing idealTree:node_modules/remove.bg Completed in 28ms
860 silly placeDep ROOT aws-sign2@0.7.0 OK for: request@2.88.2 want: ~0.7.0
861 silly placeDep ROOT aws4@1.12.0 OK for: request@2.88.2 want: ^1.8.0
862 silly placeDep ROOT caseless@0.12.0 OK for: request@2.88.2 want: ~0.12.0
863 silly placeDep ROOT extend@3.0.2 OK for: request@2.88.2 want: ~3.0.2
864 silly placeDep ROOT forever-agent@0.6.1 OK for: request@2.88.2 want: ~0.6.1
865 silly placeDep node_modules/request form-data@2.3.3 OK for: request@2.88.2 want: ~2.3.2
866 silly placeDep ROOT har-validator@5.1.5 OK for: request@2.88.2 want: ~5.1.3
867 silly fetch manifest ajv@^6.12.3
868 silly fetch manifest har-schema@^2.0.0
869 silly placeDep ROOT http-signature@1.2.0 OK for: request@2.88.2 want: ~1.2.0
870 silly fetch manifest assert-plus@^1.0.0
871 silly fetch manifest jsprim@^1.2.2
872 silly fetch manifest sshpk@^1.7.0
873 silly placeDep ROOT is-typedarray@1.0.0 OK for: request@2.88.2 want: ~1.0.0
874 silly placeDep ROOT isstream@0.1.2 OK for: request@2.88.2 want: ~0.1.2
875 silly placeDep ROOT json-stringify-safe@5.0.1 OK for: request@2.88.2 want: ~5.0.1
876 silly placeDep ROOT oauth-sign@0.9.0 OK for: request@2.88.2 want: ~0.9.0
877 silly placeDep ROOT performance-now@2.1.0 OK for: request@2.88.2 want: ^2.1.0
878 silly placeDep node_modules/request qs@6.5.3 OK for: request@2.88.2 want: ~6.5.2
879 silly placeDep ROOT safe-buffer@5.2.1 OK for: request@2.88.2 want: ^5.1.2
880 silly placeDep node_modules/request tough-cookie@2.5.0 OK for: request@2.88.2 want: ~2.5.0
881 silly fetch manifest psl@^1.1.28
882 silly placeDep ROOT tunnel-agent@0.6.0 OK for: request@2.88.2 want: ^0.6.0
883 silly placeDep ROOT uuid@3.4.0 OK for: request@2.88.2 want: ^3.3.2
884 http fetch GET 200 https://registry.npmjs.org/jsprim 49ms (cache hit)
885 http fetch GET 200 https://registry.npmjs.org/assert-plus 53ms (cache hit)
886 http fetch GET 200 https://registry.npmjs.org/ajv 68ms (cache hit)
887 http fetch GET 200 https://registry.npmjs.org/har-schema 76ms (cache hit)
888 http fetch GET 200 https://registry.npmjs.org/sshpk 70ms (cache hit)
889 timing idealTree:node_modules/request Completed in 137ms
890 timing idealTree:node_modules/aws-sign2 Completed in 0ms
891 timing idealTree:node_modules/aws4 Completed in 0ms
892 timing idealTree:node_modules/caseless Completed in 0ms
893 timing idealTree:node_modules/extend Completed in 0ms
894 timing idealTree:node_modules/forever-agent Completed in 0ms
895 silly placeDep ROOT ajv@6.12.6 OK for: har-validator@5.1.5 want: ^6.12.3
896 silly fetch manifest fast-deep-equal@^3.1.1
897 silly fetch manifest fast-json-stable-stringify@^2.0.0
898 silly fetch manifest json-schema-traverse@^0.4.1
899 silly fetch manifest uri-js@^4.2.2
900 silly placeDep ROOT har-schema@2.0.0 OK for: har-validator@5.1.5 want: ^2.0.0
901 http fetch GET 200 https://registry.npmjs.org/fast-deep-equal 14ms (cache hit)
902 http fetch GET 200 https://registry.npmjs.org/fast-json-stable-stringify 11ms (cache hit)
903 http fetch GET 200 https://registry.npmjs.org/json-schema-traverse 12ms (cache hit)
904 http fetch GET 200 https://registry.npmjs.org/uri-js 11ms (cache hit)
905 timing idealTree:node_modules/har-validator Completed in 21ms
906 silly placeDep ROOT fast-deep-equal@3.1.3 OK for: ajv@6.12.6 want: ^3.1.1
907 silly placeDep ROOT fast-json-stable-stringify@2.1.0 OK for: ajv@6.12.6 want: ^2.0.0
908 silly placeDep ROOT json-schema-traverse@0.4.1 OK for: ajv@6.12.6 want: ^0.4.1
909 silly placeDep ROOT uri-js@4.4.1 OK for: ajv@6.12.6 want: ^4.2.2
910 silly fetch manifest punycode@^2.1.0
911 timing idealTree:node_modules/ajv Completed in 16ms
912 timing idealTree:node_modules/fast-deep-equal Completed in 0ms
913 timing idealTree:node_modules/fast-json-stable-stringify Completed in 0ms
914 timing idealTree:node_modules/har-schema Completed in 0ms
915 silly placeDep ROOT assert-plus@1.0.0 OK for: http-signature@1.2.0 want: ^1.0.0
916 silly placeDep ROOT jsprim@1.4.2 OK for: http-signature@1.2.0 want: ^1.2.2
917 silly fetch manifest extsprintf@1.3.0
918 silly fetch manifest json-schema@0.4.0
919 silly fetch manifest verror@1.10.0
920 silly placeDep ROOT sshpk@1.17.0 OK for: http-signature@1.2.0 want: ^1.7.0
921 silly fetch manifest asn1@~0.2.3
922 silly fetch manifest dashdash@^1.12.0
923 silly fetch manifest getpass@^0.1.1
924 silly fetch manifest safer-buffer@^2.0.2
925 silly fetch manifest jsbn@~0.1.0
926 silly fetch manifest tweetnacl@~0.14.0
927 silly fetch manifest ecc-jsbn@~0.1.1
928 silly fetch manifest bcrypt-pbkdf@^1.0.0
929 http fetch GET 200 https://registry.npmjs.org/json-schema 135ms (cache hit)
930 http fetch GET 200 https://registry.npmjs.org/verror 130ms (cache hit)
931 http fetch GET 200 https://registry.npmjs.org/extsprintf 139ms (cache hit)
932 http fetch GET 200 https://registry.npmjs.org/getpass 125ms (cache hit)
933 http fetch GET 200 https://registry.npmjs.org/asn1 129ms (cache hit)
934 http fetch GET 200 https://registry.npmjs.org/dashdash 129ms (cache hit)
935 http fetch GET 200 https://registry.npmjs.org/jsbn 119ms (cache hit)
936 http fetch GET 200 https://registry.npmjs.org/safer-buffer 127ms (cache hit)
937 http fetch GET 200 https://registry.npmjs.org/tweetnacl 115ms (cache hit)
938 http fetch GET 200 https://registry.npmjs.org/bcrypt-pbkdf 106ms (cache hit)
939 http fetch GET 200 https://registry.npmjs.org/ecc-jsbn 113ms (cache hit)
940 timing idealTree:node_modules/http-signature Completed in 163ms
941 timing idealTree:node_modules/assert-plus Completed in 0ms
942 timing idealTree:node_modules/is-typedarray Completed in 0ms
943 timing idealTree:node_modules/isstream Completed in 0ms
944 timing idealTree:node_modules/json-schema-traverse Completed in 0ms
945 timing idealTree:node_modules/json-stringify-safe Completed in 0ms
946 silly placeDep ROOT extsprintf@1.3.0 OK for: jsprim@1.4.2 want: 1.3.0
947 silly placeDep ROOT json-schema@0.4.0 OK for: jsprim@1.4.2 want: 0.4.0
948 silly placeDep ROOT verror@1.10.0 OK for: jsprim@1.4.2 want: 1.10.0
949 silly fetch manifest core-util-is@1.0.2
950 http fetch GET 200 https://registry.npmjs.org/core-util-is 12ms (cache hit)
951 timing idealTree:node_modules/jsprim Completed in 21ms
952 timing idealTree:node_modules/extsprintf Completed in 0ms
953 timing idealTree:node_modules/json-schema Completed in 0ms
954 timing idealTree:node_modules/oauth-sign Completed in 0ms
955 timing idealTree:node_modules/performance-now Completed in 0ms
956 timing idealTree:node_modules/resolve-alpn Completed in 0ms
957 timing idealTree:node_modules/resolve-protobuf-schema Completed in 0ms
958 timing idealTree:node_modules/responselike Completed in 0ms
959 timing idealTree:node_modules/safe-buffer Completed in 0ms
960 silly placeDep ROOT xmlchars@2.2.0 OK for: saxes@5.0.1 want: ^2.2.0
961 timing idealTree:node_modules/saxes Completed in 2ms
962 silly placeDep ROOT call-bind@1.0.2 OK for: side-channel@1.0.4 want: ^1.0.0
963 silly fetch manifest function-bind@^1.1.1
964 silly placeDep ROOT get-intrinsic@1.2.1 OK for: side-channel@1.0.4 want: ^1.0.2
965 silly fetch manifest has@^1.0.3
966 silly fetch manifest has-proto@^1.0.1
967 silly fetch manifest has-symbols@^1.0.3
968 silly placeDep ROOT object-inspect@1.12.3 OK for: side-channel@1.0.4 want: ^1.9.0
969 http fetch GET 200 https://registry.npmjs.org/has 58ms (cache hit)
970 http fetch GET 200 https://registry.npmjs.org/function-bind 62ms (cache hit)
971 http fetch GET 200 https://registry.npmjs.org/has-proto 58ms (cache hit)
972 http fetch GET 200 https://registry.npmjs.org/has-symbols 58ms (cache hit)
973 timing idealTree:node_modules/side-channel Completed in 73ms
974 silly placeDep ROOT function-bind@1.1.1 OK for: call-bind@1.0.2 want: ^1.1.1
975 timing idealTree:node_modules/call-bind Completed in 2ms
976 timing idealTree:node_modules/function-bind Completed in 0ms
977 silly placeDep ROOT has@1.0.3 OK for: get-intrinsic@1.2.1 want: ^1.0.3
978 silly placeDep ROOT has-proto@1.0.1 OK for: get-intrinsic@1.2.1 want: ^1.0.1
979 silly placeDep ROOT has-symbols@1.0.3 OK for: get-intrinsic@1.2.1 want: ^1.0.3
980 timing idealTree:node_modules/get-intrinsic Completed in 3ms
981 timing idealTree:node_modules/has Completed in 0ms
982 timing idealTree:node_modules/has-proto Completed in 0ms
983 timing idealTree:node_modules/has-symbols Completed in 0ms
984 timing idealTree:node_modules/object-inspect Completed in 0ms
985 silly placeDep node_modules/signed-varint varint@5.0.2 OK for: signed-varint@2.0.1 want: ~5.0.0
986 timing idealTree:node_modules/signed-varint Completed in 1ms
987 timing idealTree:node_modules/source-map Completed in 0ms
988 silly placeDep node_modules/spinnies chalk@2.4.2 OK for: spinnies@0.5.1 want: ^2.4.2
989 silly fetch manifest ansi-styles@^3.2.1
990 silly fetch manifest supports-color@^5.3.0
991 silly placeDep ROOT cli-cursor@3.1.0 OK for: spinnies@0.5.1 want: ^3.0.0
992 silly fetch manifest restore-cursor@^3.1.0
993 silly placeDep ROOT strip-ansi@5.2.0 OK for: spinnies@0.5.1 want: ^5.2.0
994 silly fetch manifest ansi-regex@^4.1.0
995 http fetch GET 200 https://registry.npmjs.org/restore-cursor 21ms (cache hit)
996 http fetch GET 200 https://registry.npmjs.org/ansi-regex 19ms (cache hit)
997 timing idealTree:node_modules/spinnies Completed in 33ms
998 silly placeDep ROOT restore-cursor@3.1.0 OK for: cli-cursor@3.1.0 want: ^3.1.0
999 silly fetch manifest onetime@^5.1.0
1000 silly fetch manifest signal-exit@^3.0.2
1001 http fetch GET 200 https://registry.npmjs.org/onetime 64ms (cache hit)
1002 http fetch GET 200 https://registry.npmjs.org/signal-exit 58ms (cache hit)
1003 timing idealTree:node_modules/cli-cursor Completed in 76ms
1004 silly placeDep ROOT onetime@5.1.2 OK for: restore-cursor@3.1.0 want: ^5.1.0
1005 silly fetch manifest mimic-fn@^2.1.0
1006 silly placeDep ROOT signal-exit@3.0.7 OK for: restore-cursor@3.1.0 want: ^3.0.2
1007 http fetch GET 200 https://registry.npmjs.org/mimic-fn 59ms (cache hit)
1008 timing idealTree:node_modules/restore-cursor Completed in 76ms
1009 silly placeDep ROOT mimic-fn@2.1.0 OK for: onetime@5.1.2 want: ^2.1.0
1010 timing idealTree:node_modules/onetime Completed in 5ms
1011 timing idealTree:node_modules/mimic-fn Completed in 0ms
1012 timing idealTree:node_modules/signal-exit Completed in 0ms
1013 silly placeDep ROOT asn1@0.2.6 OK for: sshpk@1.17.0 want: ~0.2.3
1014 silly fetch manifest safer-buffer@~2.1.0
1015 silly placeDep ROOT bcrypt-pbkdf@1.0.2 OK for: sshpk@1.17.0 want: ^1.0.0
1016 silly fetch manifest tweetnacl@^0.14.3
1017 silly placeDep ROOT dashdash@1.14.1 OK for: sshpk@1.17.0 want: ^1.12.0
1018 silly placeDep ROOT ecc-jsbn@0.1.2 OK for: sshpk@1.17.0 want: ~0.1.1
1019 silly fetch manifest safer-buffer@^2.1.0
1020 silly placeDep ROOT getpass@0.1.7 OK for: sshpk@1.17.0 want: ^0.1.1
1021 silly placeDep ROOT jsbn@0.1.1 OK for: sshpk@1.17.0 want: ~0.1.0
1022 silly placeDep ROOT safer-buffer@2.1.2 OK for: sshpk@1.17.0 want: ^2.0.2
1023 silly placeDep ROOT tweetnacl@0.14.5 OK for: sshpk@1.17.0 want: ~0.14.0
1024 timing idealTree:node_modules/sshpk Completed in 56ms
1025 timing idealTree:node_modules/asn1 Completed in 0ms
1026 timing idealTree:node_modules/bcrypt-pbkdf Completed in 0ms
1027 timing idealTree:node_modules/dashdash Completed in 0ms
1028 timing idealTree:node_modules/ecc-jsbn Completed in 0ms
1029 timing idealTree:node_modules/getpass Completed in 0ms
1030 timing idealTree:node_modules/jsbn Completed in 0ms
1031 timing idealTree:node_modules/safer-buffer Completed in 0ms
1032 timing idealTree:node_modules/string_decoder Completed in 0ms
1033 silly placeDep ROOT ansi-regex@4.1.1 OK for: strip-ansi@5.2.0 want: ^4.1.0
1034 timing idealTree:node_modules/strip-ansi Completed in 2ms
1035 timing idealTree:node_modules/ansi-regex Completed in 0ms
1036 silly placeDep ROOT @tokenizer/token@0.3.0 OK for: strtok3@6.3.0 want: ^0.3.0
1037 silly placeDep ROOT peek-readable@4.1.0 OK for: strtok3@6.3.0 want: ^4.1.0
1038 timing idealTree:node_modules/strtok3 Completed in 5ms
1039 timing idealTree:node_modules/@tokenizer/token Completed in 0ms
1040 timing idealTree:node_modules/peek-readable Completed in 0ms
1041 silly placeDep ROOT has-flag@4.0.0 OK for: supports-color@7.2.0 want: ^4.0.0
1042 timing idealTree:node_modules/supports-color Completed in 1ms
1043 timing idealTree:node_modules/has-flag Completed in 0ms
1044 timing idealTree:node_modules/symbol-tree Completed in 1ms
1045 timing idealTree:node_modules/textmaker-thiccy Completed in 0ms
1046 silly placeDep ROOT is-number@7.0.0 OK for: to-regex-range@5.0.1 want: ^7.0.0
1047 timing idealTree:node_modules/to-regex-range Completed in 2ms
1048 timing idealTree:node_modules/is-number Completed in 0ms
1049 silly placeDep ROOT ieee754@1.2.1 OK for: token-types@4.2.1 want: ^1.2.1
1050 timing idealTree:node_modules/token-types Completed in 2ms
1051 timing idealTree:node_modules/ieee754 Completed in 0ms
1052 silly placeDep ROOT psl@1.9.0 OK for: tough-cookie@4.1.3 want: ^1.1.33
1053 silly placeDep ROOT punycode@2.3.0 OK for: tough-cookie@4.1.3 want: ^2.1.1
1054 silly placeDep node_modules/tough-cookie universalify@0.2.0 OK for: tough-cookie@4.1.3 want: ^0.2.0
1055 silly placeDep ROOT url-parse@1.5.10 OK for: tough-cookie@4.1.3 want: ^1.5.3
1056 silly fetch manifest querystringify@^2.1.1
1057 silly fetch manifest requires-port@^1.0.0
1058 http fetch GET 200 https://registry.npmjs.org/querystringify 12ms (cache hit)
1059 http fetch GET 200 https://registry.npmjs.org/requires-port 12ms (cache hit)
1060 timing idealTree:node_modules/tough-cookie Completed in 26ms
1061 timing idealTree:node_modules/psl Completed in 0ms
1062 timing idealTree:node_modules/punycode Completed in 0ms
1063 timing idealTree:node_modules/tunnel-agent Completed in 0ms
1064 timing idealTree:node_modules/tweetnacl Completed in 0ms
1065 timing idealTree:node_modules/type-check Completed in 0ms
1066 silly placeDep node_modules/unirest form-data@0.2.0 OK for: unirest@0.6.0 want: ^0.2.0
1067 silly fetch manifest async@~0.9.0
1068 silly fetch manifest combined-stream@~0.0.4
1069 silly fetch manifest mime-types@~2.0.3
1070 silly placeDep node_modules/unirest mime@2.6.0 OK for: unirest@0.6.0 want: ^2.4.0
1071 timing idealTree:node_modules/unirest Completed in 42ms
1072 timing idealTree:node_modules/universalify Completed in 0ms
1073 timing idealTree:node_modules/uri-js Completed in 0ms
1074 silly placeDep ROOT querystringify@2.2.0 OK for: url-parse@1.5.10 want: ^2.1.1
1075 silly placeDep ROOT requires-port@1.0.0 OK for: url-parse@1.5.10 want: ^1.0.0
1076 timing idealTree:node_modules/url-parse Completed in 5ms
1077 timing idealTree:node_modules/querystringify Completed in 0ms
1078 timing idealTree:node_modules/requires-port Completed in 0ms
1079 silly placeDep ROOT is-arguments@1.1.1 OK for: util@0.12.5 want: ^1.0.4
1080 silly fetch manifest has-tostringtag@^1.0.0
1081 silly placeDep ROOT is-generator-function@1.0.10 OK for: util@0.12.5 want: ^1.0.7
1082 silly placeDep ROOT is-typed-array@1.1.10 OK for: util@0.12.5 want: ^1.1.3
1083 silly fetch manifest available-typed-arrays@^1.0.5
1084 silly fetch manifest for-each@^0.3.3
1085 silly fetch manifest gopd@^1.0.1
1086 silly placeDep ROOT which-typed-array@1.1.9 OK for: util@0.12.5 want: ^1.1.2
1087 http fetch GET 200 https://registry.npmjs.org/gopd 41ms (cache hit)
1088 http fetch GET 200 https://registry.npmjs.org/for-each 43ms (cache hit)
1089 http fetch GET 200 https://registry.npmjs.org/has-tostringtag 53ms (cache hit)
1090 http fetch GET 200 https://registry.npmjs.org/available-typed-arrays 47ms (cache hit)
1091 timing idealTree:node_modules/util Completed in 60ms
1092 silly placeDep ROOT has-tostringtag@1.0.0 OK for: is-arguments@1.1.1 want: ^1.0.0
1093 timing idealTree:node_modules/is-arguments Completed in 3ms
1094 timing idealTree:node_modules/has-tostringtag Completed in 0ms
1095 timing idealTree:node_modules/is-generator-function Completed in 0ms
1096 silly placeDep ROOT available-typed-arrays@1.0.5 OK for: is-typed-array@1.1.10 want: ^1.0.5
1097 silly placeDep ROOT for-each@0.3.3 OK for: is-typed-array@1.1.10 want: ^0.3.3
1098 silly fetch manifest is-callable@^1.1.3
1099 silly placeDep ROOT gopd@1.0.1 OK for: is-typed-array@1.1.10 want: ^1.0.1
1100 http fetch GET 200 https://registry.npmjs.org/is-callable 53ms (cache hit)
1101 timing idealTree:node_modules/is-typed-array Completed in 63ms
1102 timing idealTree:node_modules/available-typed-arrays Completed in 0ms
1103 silly placeDep ROOT is-callable@1.2.7 OK for: for-each@0.3.3 want: ^1.1.3
1104 timing idealTree:node_modules/for-each Completed in 1ms
1105 timing idealTree:node_modules/gopd Completed in 0ms
1106 timing idealTree:node_modules/is-callable Completed in 0ms
1107 timing idealTree:node_modules/util-deprecate Completed in 0ms
1108 timing idealTree:node_modules/uuid Completed in 0ms
1109 timing idealTree:node_modules/varint Completed in 0ms
1110 silly placeDep ROOT core-util-is@1.0.2 OK for: verror@1.10.0 want: 1.0.2
1111 timing idealTree:node_modules/verror Completed in 3ms
1112 timing idealTree:node_modules/core-util-is Completed in 0ms
1113 silly placeDep ROOT browser-process-hrtime@1.0.0 OK for: w3c-hr-time@1.0.2 want: ^1.0.0
1114 timing idealTree:node_modules/w3c-hr-time Completed in 28ms
1115 timing idealTree:node_modules/browser-process-hrtime Completed in 0ms
1116 timing idealTree:node_modules/w3c-xmlserializer Completed in 0ms
1117 timing idealTree:node_modules/webidl-conversions Completed in 0ms
1118 silly placeDep ROOT iconv-lite@0.6.3 OK for: whatwg-encoding@2.0.0 want: 0.6.3
1119 timing idealTree:node_modules/whatwg-encoding Completed in 2ms
1120 timing idealTree:node_modules/iconv-lite Completed in 0ms
1121 timing idealTree:node_modules/whatwg-mimetype Completed in 0ms
1122 silly placeDep ROOT tr46@3.0.0 OK for: whatwg-url@10.0.0 want: ^3.0.0
1123 timing idealTree:node_modules/whatwg-url Completed in 2ms
1124 timing idealTree:node_modules/tr46 Completed in 1ms
1125 silly placeDep ROOT isexe@2.0.0 OK for: which@1.3.1 want: ^2.0.0
1126 timing idealTree:node_modules/which Completed in 1ms
1127 timing idealTree:node_modules/isexe Completed in 0ms
1128 timing idealTree:node_modules/which-typed-array Completed in 1ms
1129 silly placeDep ROOT define-property@1.0.0 OK for: window-size@1.1.1 want: ^1.0.0
1130 silly fetch manifest is-descriptor@^1.0.0
1131 silly placeDep node_modules/window-size is-number@3.0.0 OK for: window-size@1.1.1 want: ^3.0.0
1132 silly fetch manifest kind-of@^3.0.2
1133 http fetch GET 200 https://registry.npmjs.org/is-descriptor 21ms (cache hit)
1134 http fetch GET 200 https://registry.npmjs.org/kind-of 19ms (cache hit)
1135 timing idealTree:node_modules/window-size Completed in 28ms
1136 silly placeDep ROOT is-descriptor@1.0.2 OK for: define-property@1.0.0 want: ^1.0.0
1137 silly fetch manifest is-accessor-descriptor@^1.0.0
1138 silly fetch manifest is-data-descriptor@^1.0.0
1139 silly fetch manifest kind-of@^6.0.2
1140 http fetch GET 200 https://registry.npmjs.org/is-data-descriptor 8ms (cache hit)
1141 http fetch GET 200 https://registry.npmjs.org/is-accessor-descriptor 10ms (cache hit)
1142 timing idealTree:node_modules/define-property Completed in 14ms
1143 silly placeDep ROOT is-accessor-descriptor@1.0.0 OK for: is-descriptor@1.0.2 want: ^1.0.0
1144 silly fetch manifest kind-of@^6.0.0
1145 silly placeDep ROOT is-data-descriptor@1.0.0 OK for: is-descriptor@1.0.2 want: ^1.0.0
1146 silly placeDep ROOT kind-of@6.0.3 OK for: is-descriptor@1.0.2 want: ^6.0.2
1147 timing idealTree:node_modules/is-descriptor Completed in 4ms
1148 timing idealTree:node_modules/is-accessor-descriptor Completed in 1ms
1149 timing idealTree:node_modules/is-data-descriptor Completed in 0ms
1150 timing idealTree:node_modules/kind-of Completed in 0ms
1151 timing idealTree:node_modules/word-wrap Completed in 0ms
1152 timing idealTree:node_modules/wrappy Completed in 0ms
1153 timing idealTree:node_modules/ws Completed in 0ms
1154 timing idealTree:node_modules/xfarr-api Completed in 0ms
1155 timing idealTree:node_modules/xml-name-validator Completed in 0ms
1156 timing idealTree:node_modules/xmlchars Completed in 0ms
1157 silly placeDep ROOT async.parallellimit@0.5.2 OK for: yt-search@2.10.4 want: ~0.5.2
1158 silly fetch manifest async.util.eachoflimit@0.5.2
1159 silly fetch manifest async.util.parallel@0.5.2
1160 silly placeDep ROOT boolstring@1.0.2 OK for: yt-search@2.10.4 want: ~1.0.2
1161 silly placeDep ROOT dasu@0.4.3 OK for: yt-search@2.10.4 want: ~0.4.3
1162 silly placeDep ROOT human-time@0.0.2 OK for: yt-search@2.10.4 want: 0.0.2
1163 silly placeDep ROOT jsonpath-plus@5.0.7 OK for: yt-search@2.10.4 want: ~5.0.2
1164 silly placeDep ROOT minimist@1.2.8 OK for: yt-search@2.10.4 want: ~1.2.5
1165 silly placeDep ROOT node-fzf@0.5.3 OK for: yt-search@2.10.4 want: ~0.5.1
1166 silly fetch manifest cli-color@~1.2.0
1167 silly fetch manifest keypress@~0.2.1
1168 silly fetch manifest redstar@0.0.2
1169 silly fetch manifest string-width@~2.1.1
1170 silly fetch manifest ttys@0.0.3
1171 http fetch GET 200 https://registry.npmjs.org/async.util.parallel 67ms (cache hit)
1172 http fetch GET 200 https://registry.npmjs.org/async.util.eachoflimit 69ms (cache hit)
1173 http fetch GET 200 https://registry.npmjs.org/cli-color 53ms (cache hit)
1174 http fetch GET 200 https://registry.npmjs.org/keypress 52ms (cache hit)
1175 http fetch GET 200 https://registry.npmjs.org/redstar 52ms (cache hit)
1176 http fetch GET 200 https://registry.npmjs.org/string-width 52ms (cache hit)
1177 http fetch GET 200 https://registry.npmjs.org/ttys 41ms (cache hit)
1178 timing idealTree:node_modules/yt-search Completed in 81ms
1179 silly placeDep ROOT async.util.eachoflimit@0.5.2 OK for: async.parallellimit@0.5.2 want: 0.5.2
1180 silly fetch manifest async.util.keyiterator@0.5.2
1181 silly fetch manifest async.util.noop@0.5.2
1182 silly fetch manifest async.util.once@0.5.2
1183 silly fetch manifest async.util.onlyonce@0.5.2
1184 silly placeDep ROOT async.util.parallel@0.5.2 OK for: async.parallellimit@0.5.2 want: 0.5.2
1185 silly fetch manifest async.util.isarraylike@0.5.2
1186 silly fetch manifest async.util.restparam@0.5.2
1187 http fetch GET 200 https://registry.npmjs.org/async.util.once 24ms (cache hit)
1188 http fetch GET 200 https://registry.npmjs.org/async.util.keyiterator 27ms (cache hit)
1189 http fetch GET 200 https://registry.npmjs.org/async.util.onlyonce 24ms (cache hit)
1190 http fetch GET 200 https://registry.npmjs.org/async.util.isarraylike 22ms (cache hit)
1191 http fetch GET 200 https://registry.npmjs.org/async.util.noop 27ms (cache hit)
1192 http fetch GET 200 https://registry.npmjs.org/async.util.restparam 18ms (cache hit)
1193 timing idealTree:node_modules/async.parallellimit Completed in 32ms
1194 silly placeDep ROOT async.util.keyiterator@0.5.2 OK for: async.util.eachoflimit@0.5.2 want: 0.5.2
1195 silly fetch manifest async.util.keys@0.5.2
1196 silly placeDep ROOT async.util.noop@0.5.2 OK for: async.util.eachoflimit@0.5.2 want: 0.5.2
1197 silly placeDep ROOT async.util.once@0.5.2 OK for: async.util.eachoflimit@0.5.2 want: 0.5.2
1198 silly placeDep ROOT async.util.onlyonce@0.5.2 OK for: async.util.eachoflimit@0.5.2 want: 0.5.2
1199 http fetch GET 200 https://registry.npmjs.org/async.util.keys 20ms (cache hit)
1200 timing idealTree:node_modules/async.util.eachoflimit Completed in 26ms
1201 silly placeDep ROOT async.util.isarraylike@0.5.2 OK for: async.util.keyiterator@0.5.2 want: 0.5.2
1202 silly fetch manifest async.util.isarray@0.5.2
1203 silly placeDep ROOT async.util.keys@0.5.2 OK for: async.util.keyiterator@0.5.2 want: 0.5.2
1204 http fetch GET 200 https://registry.npmjs.org/async.util.isarray 25ms (cache hit)
1205 timing idealTree:node_modules/async.util.keyiterator Completed in 29ms
1206 silly placeDep ROOT async.util.isarray@0.5.2 OK for: async.util.isarraylike@0.5.2 want: 0.5.2
1207 timing idealTree:node_modules/async.util.isarraylike Completed in 2ms
1208 timing idealTree:node_modules/async.util.isarray Completed in 0ms
1209 timing idealTree:node_modules/async.util.keys Completed in 0ms
1210 timing idealTree:node_modules/async.util.noop Completed in 0ms
1211 timing idealTree:node_modules/async.util.once Completed in 0ms
1212 timing idealTree:node_modules/async.util.onlyonce Completed in 0ms
1213 silly placeDep ROOT async.util.restparam@0.5.2 OK for: async.util.parallel@0.5.2 want: 0.5.2
1214 timing idealTree:node_modules/async.util.parallel Completed in 1ms
1215 timing idealTree:node_modules/async.util.restparam Completed in 0ms
1216 timing idealTree:node_modules/boolstring Completed in 0ms
1217 timing idealTree:node_modules/dasu Completed in 0ms
1218 timing idealTree:node_modules/human-time Completed in 0ms
1219 timing idealTree:node_modules/jsonpath-plus Completed in 0ms
1220 timing idealTree:node_modules/minimist Completed in 0ms
1221 silly placeDep ROOT cli-color@1.2.0 OK for: node-fzf@0.5.3 want: ~1.2.0
1222 silly fetch manifest ansi-regex@^2.1.1
1223 silly fetch manifest d@1
1224 silly fetch manifest es5-ext@^0.10.12
1225 silly fetch manifest es6-iterator@2
1226 silly fetch manifest memoizee@^0.4.3
1227 silly fetch manifest timers-ext@0.1
1228 silly placeDep ROOT keypress@0.2.1 OK for: node-fzf@0.5.3 want: ~0.2.1
1229 silly placeDep ROOT redstar@0.0.2 OK for: node-fzf@0.5.3 want: 0.0.2
1230 silly fetch manifest minimatch@~3.0.4
1231 silly placeDep ROOT string-width@2.1.1 OK for: node-fzf@0.5.3 want: ~2.1.1
1232 silly fetch manifest is-fullwidth-code-point@^2.0.0
1233 silly fetch manifest strip-ansi@^4.0.0
1234 silly placeDep ROOT ttys@0.0.3 OK for: node-fzf@0.5.3 want: 0.0.3
1235 http fetch GET 200 https://registry.npmjs.org/timers-ext 102ms (cache hit)
1236 http fetch GET 200 https://registry.npmjs.org/memoizee 106ms (cache hit)
1237 http fetch GET 200 https://registry.npmjs.org/minimatch 102ms (cache hit)
1238 http fetch GET 200 https://registry.npmjs.org/d 137ms (cache hit)
1239 http fetch GET 200 https://registry.npmjs.org/es6-iterator 135ms (cache hit)
1240 http fetch GET 200 https://registry.npmjs.org/is-fullwidth-code-point 126ms (cache hit)
1241 http fetch GET 200 https://registry.npmjs.org/es5-ext 149ms (cache hit)
1242 timing idealTree:node_modules/node-fzf Completed in 157ms
1243 silly placeDep node_modules/cli-color ansi-regex@2.1.1 OK for: cli-color@1.2.0 want: ^2.1.1
1244 silly placeDep ROOT d@1.0.1 OK for: cli-color@1.2.0 want: 1
1245 silly fetch manifest es5-ext@^0.10.50
1246 silly fetch manifest type@^1.0.1
1247 silly placeDep ROOT es5-ext@0.10.62 OK for: cli-color@1.2.0 want: ^0.10.12
1248 silly fetch manifest es6-iterator@^2.0.3
1249 silly fetch manifest es6-symbol@^3.1.3
1250 silly fetch manifest next-tick@^1.1.0
1251 silly placeDep ROOT es6-iterator@2.0.3 OK for: cli-color@1.2.0 want: 2
1252 silly fetch manifest es6-symbol@^3.1.1
1253 silly placeDep ROOT memoizee@0.4.15 OK for: cli-color@1.2.0 want: ^0.4.3
1254 silly fetch manifest es6-weak-map@^2.0.3
1255 silly fetch manifest event-emitter@^0.3.5
1256 silly fetch manifest is-promise@^2.2.2
1257 silly fetch manifest lru-queue@^0.1.0
1258 silly fetch manifest timers-ext@^0.1.7
1259 silly placeDep ROOT timers-ext@0.1.7 OK for: cli-color@1.2.0 want: 0.1
1260 silly fetch manifest next-tick@1
1261 http fetch GET 200 https://registry.npmjs.org/type 176ms (cache hit)
1262 http fetch GET 200 https://registry.npmjs.org/es6-symbol 166ms (cache hit)
1263 http fetch GET 200 https://registry.npmjs.org/es6-weak-map 160ms (cache hit)
1264 http fetch GET 200 https://registry.npmjs.org/event-emitter 160ms (cache hit)
1265 http fetch GET 200 https://registry.npmjs.org/is-promise 159ms (cache hit)
1266 http fetch GET 200 https://registry.npmjs.org/es6-symbol 164ms (cache hit)
1267 http fetch GET 200 https://registry.npmjs.org/next-tick 168ms (cache hit)
1268 http fetch GET 200 https://registry.npmjs.org/lru-queue 159ms (cache hit)
1269 http fetch GET 200 https://registry.npmjs.org/next-tick 151ms (cache hit)
1270 timing idealTree:node_modules/cli-color Completed in 201ms
1271 silly placeDep ROOT type@1.2.0 OK for: d@1.0.1 want: ^1.0.1
1272 timing idealTree:node_modules/d Completed in 2ms
1273 silly placeDep ROOT es6-symbol@3.1.3 OK for: es5-ext@0.10.62 want: ^3.1.3
1274 silly fetch manifest ext@^1.1.2
1275 silly placeDep ROOT next-tick@1.1.0 OK for: es5-ext@0.10.62 want: ^1.1.0
1276 http fetch GET 200 https://registry.npmjs.org/ext 8ms (cache hit)
1277 timing idealTree:node_modules/es5-ext Completed in 11ms
1278 timing idealTree:node_modules/es6-iterator Completed in 0ms
1279 silly placeDep ROOT ext@1.7.0 OK for: es6-symbol@3.1.3 want: ^1.1.2
1280 silly fetch manifest type@^2.7.2
1281 timing idealTree:node_modules/es6-symbol Completed in 2ms
1282 silly placeDep node_modules/ext type@2.7.2 OK for: ext@1.7.0 want: ^2.7.2
1283 timing idealTree:node_modules/ext Completed in 2ms
1284 timing idealTree:node_modules/keypress Completed in 0ms
1285 silly placeDep ROOT es6-weak-map@2.0.3 OK for: memoizee@0.4.15 want: ^2.0.3
1286 silly placeDep ROOT event-emitter@0.3.5 OK for: memoizee@0.4.15 want: ^0.3.5
1287 silly placeDep ROOT is-promise@2.2.2 OK for: memoizee@0.4.15 want: ^2.2.2
1288 silly placeDep ROOT lru-queue@0.1.0 OK for: memoizee@0.4.15 want: ^0.1.0
1289 timing idealTree:node_modules/memoizee Completed in 8ms
1290 timing idealTree:node_modules/es6-weak-map Completed in 0ms
1291 timing idealTree:node_modules/event-emitter Completed in 0ms
1292 timing idealTree:node_modules/is-promise Completed in 0ms
1293 timing idealTree:node_modules/lru-queue Completed in 0ms
1294 timing idealTree:node_modules/next-tick Completed in 0ms
1295 silly placeDep ROOT minimatch@3.0.8 OK for: redstar@0.0.2 want: ~3.0.4
1296 silly fetch manifest brace-expansion@^1.1.7
1297 http fetch GET 200 https://registry.npmjs.org/brace-expansion 29ms (cache hit)
1298 timing idealTree:node_modules/redstar Completed in 43ms
1299 silly placeDep ROOT brace-expansion@1.1.11 OK for: minimatch@3.0.8 want: ^1.1.7
1300 silly fetch manifest balanced-match@^1.0.0
1301 silly fetch manifest concat-map@0.0.1
1302 http fetch GET 200 https://registry.npmjs.org/balanced-match 31ms (cache hit)
1303 http fetch GET 200 https://registry.npmjs.org/concat-map 30ms (cache hit)
1304 timing idealTree:node_modules/minimatch Completed in 37ms
1305 silly placeDep ROOT balanced-match@1.0.2 OK for: brace-expansion@1.1.11 want: ^1.0.0
1306 silly placeDep ROOT concat-map@0.0.1 OK for: brace-expansion@1.1.11 want: 0.0.1
1307 timing idealTree:node_modules/brace-expansion Completed in 4ms
1308 timing idealTree:node_modules/balanced-match Completed in 0ms
1309 timing idealTree:node_modules/concat-map Completed in 0ms
1310 silly placeDep ROOT is-fullwidth-code-point@2.0.0 OK for: string-width@2.1.1 want: ^2.0.0
1311 silly placeDep node_modules/string-width strip-ansi@4.0.0 OK for: string-width@2.1.1 want: ^4.0.0
1312 silly fetch manifest ansi-regex@^3.0.0
1313 timing idealTree:node_modules/string-width Completed in 6ms
1314 timing idealTree:node_modules/is-fullwidth-code-point Completed in 0ms
1315 timing idealTree:node_modules/timers-ext Completed in 0ms
1316 timing idealTree:node_modules/ttys Completed in 0ms
1317 timing idealTree:node_modules/type Completed in 0ms
1318 timing idealTree:node_modules/yts Completed in 0ms
1319 timing idealTree:node_modules/acorn-globals/node_modules/acorn Completed in 0ms
1320 timing idealTree:node_modules/cli-color/node_modules/ansi-regex Completed in 0ms
1321 timing idealTree:node_modules/cssstyle/node_modules/cssom Completed in 0ms
1322 timing idealTree:node_modules/data-urls/node_modules/whatwg-url Completed in 0ms
1323 timing idealTree:node_modules/debug/node_modules/ms Completed in 0ms
1324 timing idealTree:node_modules/decompress-response/node_modules/mimic-response Completed in 0ms
1325 silly placeDep node_modules/emoji-api domexception@2.0.1 OK for: jsdom@17.0.0 want: ^2.0.1
1326 silly fetch manifest webidl-conversions@^5.0.0
1327 silly placeDep node_modules/emoji-api html-encoding-sniffer@2.0.1 OK for: jsdom@17.0.0 want: ^2.0.1
1328 silly placeDep node_modules/emoji-api http-proxy-agent@4.0.1 OK for: jsdom@17.0.0 want: ^4.0.1
1329 silly fetch manifest @tootallnate/once@1
1330 silly placeDep node_modules/emoji-api parse5@6.0.1 OK for: jsdom@17.0.0 want: 6.0.1
1331 silly placeDep node_modules/emoji-api w3c-xmlserializer@2.0.0 OK for: jsdom@17.0.0 want: ^2.0.0
1332 silly placeDep node_modules/emoji-api webidl-conversions@6.1.0 OK for: jsdom@17.0.0 want: ^6.1.0
1333 silly placeDep node_modules/emoji-api whatwg-encoding@1.0.5 OK for: jsdom@17.0.0 want: ^1.0.5
1334 silly fetch manifest iconv-lite@0.4.24
1335 silly placeDep node_modules/emoji-api whatwg-mimetype@2.3.0 OK for: jsdom@17.0.0 want: ^2.3.0
1336 silly placeDep node_modules/emoji-api whatwg-url@9.1.0 OK for: jsdom@17.0.0 want: ^9.0.0
1337 silly fetch manifest tr46@^2.1.0
1338 silly placeDep node_modules/emoji-api xml-name-validator@3.0.0 OK for: jsdom@17.0.0 want: ^3.0.0
1339 timing idealTree:node_modules/emoji-api/node_modules/jsdom Completed in 23ms
1340 silly placeDep node_modules/emoji-api/node_modules/domexception webidl-conversions@5.0.0 OK for: domexception@2.0.1 want: ^5.0.0
1341 timing idealTree:node_modules/emoji-api/node_modules/domexception Completed in 2ms
1342 timing idealTree:node_modules/emoji-api/node_modules/html-encoding-sniffer Completed in 0ms
1343 silly placeDep node_modules/emoji-api @tootallnate/once@1.1.2 OK for: http-proxy-agent@4.0.1 want: 1
1344 timing idealTree:node_modules/emoji-api/node_modules/http-proxy-agent Completed in 2ms
1345 timing idealTree:node_modules/emoji-api/node_modules/@tootallnate/once Completed in 0ms
1346 timing idealTree:node_modules/emoji-api/node_modules/parse5 Completed in 0ms
1347 timing idealTree:node_modules/emoji-api/node_modules/w3c-xmlserializer Completed in 0ms
1348 timing idealTree:node_modules/emoji-api/node_modules/webidl-conversions Completed in 0ms
1349 silly placeDep node_modules/emoji-api iconv-lite@0.4.24 OK for: whatwg-encoding@1.0.5 want: 0.4.24
1350 timing idealTree:node_modules/emoji-api/node_modules/whatwg-encoding Completed in 2ms
1351 timing idealTree:node_modules/emoji-api/node_modules/iconv-lite Completed in 0ms
1352 timing idealTree:node_modules/emoji-api/node_modules/whatwg-mimetype Completed in 0ms
1353 silly placeDep node_modules/emoji-api tr46@2.1.0 OK for: whatwg-url@9.1.0 want: ^2.1.0
1354 timing idealTree:node_modules/emoji-api/node_modules/whatwg-url Completed in 1ms
1355 timing idealTree:node_modules/emoji-api/node_modules/tr46 Completed in 0ms
1356 timing idealTree:node_modules/emoji-api/node_modules/xml-name-validator Completed in 0ms
1357 timing idealTree:node_modules/ext/node_modules/type Completed in 0ms
1358 timing idealTree:node_modules/jsdom/node_modules/parse5 Completed in 0ms
1359 silly placeDep node_modules/node-fetch tr46@0.0.3 OK for: whatwg-url@5.0.0 want: ~0.0.3
1360 silly placeDep node_modules/node-fetch webidl-conversions@3.0.1 OK for: whatwg-url@5.0.0 want: ^3.0.0
1361 timing idealTree:node_modules/node-fetch/node_modules/whatwg-url Completed in 8ms
1362 timing idealTree:node_modules/node-fetch/node_modules/tr46 Completed in 0ms
1363 timing idealTree:node_modules/node-fetch/node_modules/webidl-conversions Completed in 0ms
1364 silly placeDep node_modules/path inherits@2.0.3 OK for: util@0.10.4 want: 2.0.3
1365 timing idealTree:node_modules/path/node_modules/util Completed in 2ms
1366 timing idealTree:node_modules/path/node_modules/inherits Completed in 0ms
1367 timing idealTree:node_modules/request/node_modules/form-data Completed in 0ms
1368 timing idealTree:node_modules/request/node_modules/qs Completed in 0ms
1369 timing idealTree:node_modules/request/node_modules/tough-cookie Completed in 0ms
1370 timing idealTree:node_modules/signed-varint/node_modules/varint Completed in 0ms
1371 silly placeDep node_modules/spinnies ansi-styles@3.2.1 OK for: chalk@2.4.2 want: ^3.2.1
1372 silly fetch manifest color-convert@^1.9.0
1373 silly placeDep node_modules/spinnies supports-color@5.5.0 OK for: chalk@2.4.2 want: ^5.3.0
1374 silly fetch manifest has-flag@^3.0.0
1375 timing idealTree:node_modules/spinnies/node_modules/chalk Completed in 5ms
1376 silly placeDep node_modules/spinnies color-convert@1.9.3 OK for: ansi-styles@3.2.1 want: ^1.9.0
1377 silly fetch manifest color-name@1.1.3
1378 timing idealTree:node_modules/spinnies/node_modules/ansi-styles Completed in 4ms
1379 silly placeDep node_modules/spinnies color-name@1.1.3 OK for: color-convert@1.9.3 want: 1.1.3
1380 timing idealTree:node_modules/spinnies/node_modules/color-convert Completed in 2ms
1381 timing idealTree:node_modules/spinnies/node_modules/color-name Completed in 0ms
1382 silly placeDep node_modules/spinnies has-flag@3.0.0 OK for: supports-color@5.5.0 want: ^3.0.0
1383 timing idealTree:node_modules/spinnies/node_modules/supports-color Completed in 2ms
1384 timing idealTree:node_modules/spinnies/node_modules/has-flag Completed in 0ms
1385 silly placeDep node_modules/string-width ansi-regex@3.0.1 OK for: strip-ansi@4.0.0 want: ^3.0.0
1386 timing idealTree:node_modules/string-width/node_modules/strip-ansi Completed in 2ms
1387 timing idealTree:node_modules/string-width/node_modules/ansi-regex Completed in 0ms
1388 timing idealTree:node_modules/tough-cookie/node_modules/universalify Completed in 0ms
1389 silly placeDep node_modules/unirest async@0.9.2 OK for: form-data@0.2.0 want: ~0.9.0
1390 silly placeDep node_modules/unirest combined-stream@0.0.7 OK for: form-data@0.2.0 want: ~0.0.4
1391 silly fetch manifest delayed-stream@0.0.5
1392 silly placeDep node_modules/unirest mime-types@2.0.14 OK for: form-data@0.2.0 want: ~2.0.3
1393 silly fetch manifest mime-db@~1.12.0
1394 timing idealTree:node_modules/unirest/node_modules/form-data Completed in 10ms
1395 timing idealTree:node_modules/unirest/node_modules/async Completed in 0ms
1396 silly placeDep node_modules/unirest delayed-stream@0.0.5 OK for: combined-stream@0.0.7 want: 0.0.5
1397 timing idealTree:node_modules/unirest/node_modules/combined-stream Completed in 5ms
1398 timing idealTree:node_modules/unirest/node_modules/delayed-stream Completed in 0ms
1399 timing idealTree:node_modules/unirest/node_modules/mime Completed in 0ms
1400 silly placeDep node_modules/unirest mime-db@1.12.0 OK for: mime-types@2.0.14 want: ~1.12.0
1401 timing idealTree:node_modules/unirest/node_modules/mime-types Completed in 2ms
1402 timing idealTree:node_modules/unirest/node_modules/mime-db Completed in 0ms
1403 silly placeDep node_modules/window-size kind-of@3.2.2 OK for: is-number@3.0.0 want: ^3.0.2
1404 silly fetch manifest is-buffer@^1.1.5
1405 http fetch GET 200 https://registry.npmjs.org/is-buffer 7ms (cache hit)
1406 timing idealTree:node_modules/window-size/node_modules/is-number Completed in 12ms
1407 silly placeDep ROOT is-buffer@1.1.6 OK for: kind-of@3.2.2 want: ^1.1.5
1408 timing idealTree:node_modules/window-size/node_modules/kind-of Completed in 5ms
1409 timing idealTree:node_modules/is-buffer Completed in 0ms
1410 timing idealTree:node_modules/emoji-api/node_modules/domexception/node_modules/webidl-conversions Completed in 0ms
1411 timing idealTree:buildDeps Completed in 7014ms
1412 timing idealTree:fixDepFlags Completed in 5ms
1413 timing idealTree Completed in 7100ms
1414 timing command:install Completed in 7147ms
1415 verbose stack Error: An unknown git error occurred
1415 verbose stack     at makeError (/usr/local/lib/node_modules/npm/node_modules/@npmcli/git/lib/make-error.js:28:13)
1415 verbose stack     at /usr/local/lib/node_modules/npm/node_modules/@npmcli/git/lib/spawn.js:37:26
1416 verbose cwd /home/container
1417 verbose Linux 4.15.0-197-generic
1418 verbose node v18.16.0
1419 verbose npm  v9.7.1
1420 error code 128
1421 error An unknown git error occurred
1422 error command git --no-replace-objects ls-remote ssh://git@github.com/adiwajshing/baileys.git
1423 error No user exists for uid 999
1423 error fatal: Could not read from remote repository.
1423 error
1423 error Please make sure you have the correct access rights
1423 error and the repository exists.
1424 verbose exit 128
1425 timing npm Completed in 7658ms
1426 verbose unfinished npm timer reify 1686775370916
1427 verbose unfinished npm timer reify:loadTrees 1686775370956
1428 verbose code 128
1429 error A complete log of this run can be found in: /home/container/.npm/_logs/2023-06-14T20_42_50_413Z-debug-0.log
