0 verbose cli [
0 verbose cli   '/usr/local/bin/node',
0 verbose cli   '/usr/local/bin/npm',
0 verbose cli   'install',
0 verbose cli   '--production'
0 verbose cli ]
1 info using npm@7.20.3
2 info using node@v16.6.1
3 timing npm:load:whichnode Completed in 0ms
4 timing config:load:defaults Completed in 3ms
5 timing config:load:file:/usr/local/lib/node_modules/npm/npmrc Completed in 1ms
6 timing config:load:builtin Completed in 1ms
7 verbose config production Use `--omit=dev` instead.
8 timing config:load:cli Completed in 2ms
9 timing config:load:env Completed in 0ms
10 timing config:load:project Completed in 1ms
11 timing config:load:file:/home/container/.npmrc Completed in 0ms
12 timing config:load:user Completed in 0ms
13 timing config:load:file:/usr/local/etc/npmrc Completed in 0ms
14 timing config:load:global Completed in 0ms
15 timing config:load:validate Completed in 0ms
16 timing config:load:credentials Completed in 1ms
17 timing config:load:setEnvs Completed in 0ms
18 timing config:load Completed in 8ms
19 timing npm:load:configload Completed in 8ms
20 timing npm:load:setTitle Completed in 0ms
21 timing npm:load:setupLog Completed in 1ms
22 timing npm:load:cleanupLog Completed in 2ms
23 timing npm:load:configScope Completed in 0ms
24 timing npm:load:projectScope Completed in 0ms
25 timing npm:load Completed in 11ms
26 timing config:load:flatten Completed in 2ms
27 timing arborist:ctor Completed in 1ms
28 timing idealTree:init Completed in 124ms
29 timing idealTree:userRequests Completed in 0ms
30 silly idealTree buildDeps
31 silly fetch manifest @adiwajshing/baileys@github:adiwajshing/baileys
32 verbose shrinkwrap failed to load node_modules/.package-lock.json out of date, updated: node_modules
33 silly fetch manifest qs@^6.10.3
34 http fetch GET 200 https://registry.npmjs.org/qs 17ms (cache hit)
35 silly fetch manifest awesome-phonenumber@^2.69.0
36 http fetch GET 200 https://registry.npmjs.org/awesome-phonenumber 457ms (cache revalidated)
37 silly fetch manifest chokidar@^3.5.3
38 http fetch GET 200 https://registry.npmjs.org/chokidar 40ms (cache revalidated)
39 silly fetch manifest child_process@^1.0.2
40 http fetch GET 200 https://registry.npmjs.org/child_process 403ms (cache revalidated)
41 silly fetch manifest cookie@^0.4.1
42 http fetch GET 200 https://registry.npmjs.org/cookie 24ms (cache revalidated)
43 silly fetch manifest crypto@^1.0.1
44 http fetch GET 200 https://registry.npmjs.org/crypto 390ms (cache revalidated)
45 silly fetch manifest emoji-api@^2.0.1
46 http fetch GET 200 https://registry.npmjs.org/emoji-api 382ms (cache revalidated)
47 silly fetch manifest emoji-regex@^10.0.0
48 http fetch GET 200 https://registry.npmjs.org/emoji-regex 21ms (cache revalidated)
49 silly fetch manifest emoji-unicode@^2.0.1
50 http fetch GET 200 https://registry.npmjs.org/emoji-unicode 386ms (cache revalidated)
51 silly fetch manifest encodeurl@^1.0.2
52 http fetch GET 200 https://registry.npmjs.org/encodeurl 48ms (cache revalidated)
53 silly fetch manifest fs-extra@^10.0.1
54 http fetch GET 200 https://registry.npmjs.org/fs-extra 3ms (cache hit)
55 silly fetch manifest got@^12.0.1
56 http fetch GET 200 https://registry.npmjs.org/got 24ms (cache revalidated)
57 silly fetch manifest hxz-api@^1.0.1
58 http fetch GET 200 https://registry.npmjs.org/hxz-api 379ms (cache revalidated)
59 silly fetch manifest image-to-base64@^2.2.0
60 http fetch GET 200 https://registry.npmjs.org/image-to-base64 442ms (cache revalidated)
61 silly fetch manifest imagemagick@^0.1.3
62 http fetch GET 200 https://registry.npmjs.org/imagemagick 394ms (cache revalidated)
63 silly fetch manifest imgbb-uploader@^1.3.5
64 http fetch GET 200 https://registry.npmjs.org/imgbb-uploader 410ms (cache revalidated)
65 silly fetch manifest isarray@^2.0.5
66 http fetch GET 200 https://registry.npmjs.org/isarray 400ms (cache revalidated)
67 silly fetch manifest jpeg-js@^0.4.3
68 http fetch GET 200 https://registry.npmjs.org/jpeg-js 386ms (cache revalidated)
69 silly fetch manifest linkifyjs@^3.0.5
70 http fetch GET 200 https://registry.npmjs.org/linkifyjs 3ms (cache hit)
71 silly fetch manifest lolis.life@^4.0.0
72 http fetch GET 200 https://registry.npmjs.org/lolis.life 169ms (cache revalidated)
73 silly fetch manifest mime@^3.0.0
74 http fetch GET 200 https://registry.npmjs.org/mime 28ms (cache revalidated)
75 silly fetch manifest ms@^2.1.3
76 http fetch GET 200 https://registry.npmjs.org/ms 4ms (cache hit)
77 silly fetch manifest parse-ms@^3.0.0
78 http fetch GET 200 https://registry.npmjs.org/parse-ms 402ms (cache revalidated)
79 silly fetch manifest path@^0.12.7
80 http fetch GET 200 https://registry.npmjs.org/path 378ms (cache revalidated)
81 silly fetch manifest process-nextick-args@^2.0.1
82 http fetch GET 200 https://registry.npmjs.org/process-nextick-args 35ms (cache revalidated)
83 silly fetch manifest protobufs@^0.1.0
84 http fetch GET 200 https://registry.npmjs.org/protobufs 176ms (cache revalidated)
85 silly fetch manifest protocol-buffers@^2.6.1
86 http fetch GET 200 https://registry.npmjs.org/protocol-buffers 417ms (cache revalidated)
87 silly fetch manifest remove.bg@^1.3.0
88 http fetch GET 200 https://registry.npmjs.org/remove.bg 384ms (cache revalidated)
89 silly fetch manifest spinnies@^0.5.1
90 http fetch GET 200 https://registry.npmjs.org/spinnies 452ms (cache revalidated)
91 silly fetch manifest textmaker-thiccy@^1.3.1
92 http fetch GET 200 https://registry.npmjs.org/textmaker-thiccy 162ms (cache revalidated)
93 silly fetch manifest util@^0.12.4
94 http fetch GET 200 https://registry.npmjs.org/util 29ms (cache revalidated)
95 silly fetch manifest xfarr-api@^1.0.3
96 http fetch GET 200 https://registry.npmjs.org/xfarr-api 398ms (cache revalidated)
97 silly fetch manifest yt-search@^2.10.2
98 http fetch GET 200 https://registry.npmjs.org/yt-search 380ms (cache revalidated)
99 silly fetch manifest yts@^2.0.0
100 http fetch GET 200 https://registry.npmjs.org/yts 146ms (cache revalidated)
101 silly placeDep ROOT @adiwajshing/baileys@ OK for: Aleatory-MD@1.0.0 want: github:adiwajshing/baileys
102 silly placeDep ROOT awesome-phonenumber@2.73.0 OK for: Aleatory-MD@1.0.0 want: ^2.69.0
103 silly placeDep ROOT child_process@1.0.2 OK for: Aleatory-MD@1.0.0 want: ^1.0.2
104 silly placeDep ROOT chokidar@3.5.3 OK for: Aleatory-MD@1.0.0 want: ^3.5.3
105 silly placeDep ROOT cookie@0.4.2 OK for: Aleatory-MD@1.0.0 want: ^0.4.1
106 silly placeDep ROOT crypto@1.0.1 OK for: Aleatory-MD@1.0.0 want: ^1.0.1
107 silly placeDep ROOT emoji-api@2.0.1 OK for: Aleatory-MD@1.0.0 want: ^2.0.1
108 silly placeDep ROOT emoji-regex@10.2.1 OK for: Aleatory-MD@1.0.0 want: ^10.0.0
109 silly placeDep ROOT emoji-unicode@2.0.1 OK for: Aleatory-MD@1.0.0 want: ^2.0.1
110 silly placeDep ROOT encodeurl@1.0.2 OK for: Aleatory-MD@1.0.0 want: ^1.0.2
111 silly placeDep ROOT fs-extra@10.1.0 REPLACE for: Aleatory-MD@1.0.0 want: ^10.0.1
112 silly placeDep ROOT got@12.6.1 OK for: Aleatory-MD@1.0.0 want: ^12.0.1
113 silly placeDep ROOT hxz-api@1.0.1 OK for: Aleatory-MD@1.0.0 want: ^1.0.1
114 silly placeDep ROOT image-to-base64@2.2.0 OK for: Aleatory-MD@1.0.0 want: ^2.2.0
115 silly placeDep ROOT imagemagick@0.1.3 OK for: Aleatory-MD@1.0.0 want: ^0.1.3
116 silly placeDep ROOT imgbb-uploader@1.5.1 OK for: Aleatory-MD@1.0.0 want: ^1.3.5
117 silly placeDep ROOT isarray@2.0.5 OK for: Aleatory-MD@1.0.0 want: ^2.0.5
118 silly placeDep ROOT jpeg-js@0.4.4 OK for: Aleatory-MD@1.0.0 want: ^0.4.3
119 silly placeDep ROOT linkifyjs@3.0.5 REPLACE for: Aleatory-MD@1.0.0 want: ^3.0.5
120 silly placeDep ROOT lolis.life@4.0.0 OK for: Aleatory-MD@1.0.0 want: ^4.0.0
121 silly placeDep ROOT mime@3.0.0 OK for: Aleatory-MD@1.0.0 want: ^3.0.0
122 silly placeDep ROOT ms@2.1.3 REPLACE for: Aleatory-MD@1.0.0 want: ^2.1.3
123 silly placeDep ROOT parse-ms@3.0.0 OK for: Aleatory-MD@1.0.0 want: ^3.0.0
124 silly placeDep ROOT path@0.12.7 OK for: Aleatory-MD@1.0.0 want: ^0.12.7
125 silly placeDep ROOT process-nextick-args@2.0.1 OK for: Aleatory-MD@1.0.0 want: ^2.0.1
126 silly placeDep ROOT protobufs@0.1.0 OK for: Aleatory-MD@1.0.0 want: ^0.1.0
127 silly placeDep ROOT protocol-buffers@2.7.0 OK for: protobufs@0.1.0 want: ^2.6.1
128 silly placeDep ROOT qs@6.11.2 REPLACE for: Aleatory-MD@1.0.0 want: ^6.10.3
129 silly placeDep ROOT remove.bg@1.3.0 OK for: Aleatory-MD@1.0.0 want: ^1.3.0
130 silly placeDep ROOT spinnies@0.5.1 OK for: Aleatory-MD@1.0.0 want: ^0.5.1
131 silly placeDep ROOT textmaker-thiccy@1.3.1 OK for: Aleatory-MD@1.0.0 want: ^1.3.1
132 silly placeDep ROOT util@0.12.5 OK for: Aleatory-MD@1.0.0 want: ^0.12.4
133 silly placeDep ROOT xfarr-api@1.0.3 OK for: Aleatory-MD@1.0.0 want: ^1.0.3
134 silly placeDep ROOT yt-search@2.10.4 OK for: Aleatory-MD@1.0.0 want: ^2.10.2
135 silly placeDep ROOT yts@2.0.1 OK for: Aleatory-MD@1.0.0 want: ^2.0.0
136 silly fetch manifest anymatch@~3.1.2
137 silly fetch manifest braces@~3.0.2
138 silly fetch manifest glob-parent@~5.1.2
139 silly fetch manifest is-binary-path@~2.1.0
140 silly fetch manifest is-glob@~4.0.1
141 silly fetch manifest normalize-path@~3.0.0
142 silly fetch manifest readdirp@~3.6.0
143 silly fetch manifest fsevents@~2.3.2
144 silly fetch manifest jsdom@^17.0.0
145 silly fetch manifest @sindresorhus/is@^5.2.0
146 silly fetch manifest @szmarczak/http-timer@^5.0.1
147 silly fetch manifest cacheable-lookup@^7.0.0
148 silly fetch manifest cacheable-request@^10.2.8
149 silly fetch manifest decompress-response@^6.0.0
150 silly fetch manifest form-data-encoder@^2.1.2
151 silly fetch manifest get-stream@^6.0.1
152 silly fetch manifest http2-wrapper@^2.1.10
153 silly fetch manifest lowercase-keys@^3.0.0
154 silly fetch manifest p-cancelable@^3.0.0
155 silly fetch manifest responselike@^3.0.0
156 silly fetch manifest process@^0.11.1
157 silly fetch manifest util@^0.10.3
158 silly fetch manifest generate-function@^2.0.0
159 silly fetch manifest generate-object-property@^1.1.0
160 silly fetch manifest protobuf-schema@^1.5.0
161 silly fetch manifest resolve-protobuf-schema@^1.0.2
162 silly fetch manifest signed-varint@^2.0.0
163 silly fetch manifest varint@^4.0.0
164 silly fetch manifest side-channel@^1.0.4
165 silly fetch manifest unirest@~0.6.0
166 silly fetch manifest chalk@^2.4.2
167 silly fetch manifest cli-cursor@^3.0.0
168 silly fetch manifest strip-ansi@^5.2.0
169 silly fetch manifest is-arguments@^1.0.4
170 silly fetch manifest is-generator-function@^1.0.7
171 silly fetch manifest is-typed-array@^1.1.3
172 silly fetch manifest which-typed-array@^1.1.2
173 silly fetch manifest async.parallellimit@~0.5.2
174 silly fetch manifest boolstring@~1.0.2
175 silly fetch manifest dasu@~0.4.3
176 silly fetch manifest human-time@0.0.2
177 silly fetch manifest jsonpath-plus@~5.0.2
178 silly fetch manifest minimist@~1.2.5
179 silly fetch manifest node-fzf@~0.5.1
180 http fetch GET 200 https://registry.npmjs.org/chalk 150ms (cache hit)
181 http fetch GET 200 https://registry.npmjs.org/jsdom 167ms (cache hit)
182 http fetch GET 200 https://registry.npmjs.org/anymatch 178ms (cache revalidated)
183 http fetch GET 200 https://registry.npmjs.org/cacheable-request 197ms (cache revalidated)
184 http fetch GET 200 https://registry.npmjs.org/is-glob 214ms (cache revalidated)
185 http fetch GET 200 https://registry.npmjs.org/glob-parent 219ms (cache revalidated)
186 http fetch GET 200 https://registry.npmjs.org/normalize-path 218ms (cache revalidated)
187 http fetch GET 200 https://registry.npmjs.org/readdirp 219ms (cache revalidated)
188 http fetch GET 200 https://registry.npmjs.org/braces 223ms (cache revalidated)
189 http fetch GET 200 https://registry.npmjs.org/decompress-response 216ms (cache revalidated)
190 http fetch GET 200 https://registry.npmjs.org/cacheable-lookup 218ms (cache revalidated)
191 http fetch GET 200 https://registry.npmjs.org/is-binary-path 226ms (cache revalidated)
192 http fetch GET 200 https://registry.npmjs.org/form-data-encoder 221ms (cache revalidated)
193 http fetch GET 200 https://registry.npmjs.org/fsevents 227ms (cache updated)
194 http fetch GET 200 https://registry.npmjs.org/lowercase-keys 222ms (cache revalidated)
195 http fetch GET 200 https://registry.npmjs.org/process 220ms (cache revalidated)
196 http fetch GET 200 https://registry.npmjs.org/side-channel 218ms (cache revalidated)
197 http fetch GET 200 https://registry.npmjs.org/cli-cursor 217ms (cache revalidated)
198 http fetch GET 200 https://registry.npmjs.org/is-arguments 216ms (cache revalidated)
199 http fetch GET 200 https://registry.npmjs.org/strip-ansi 220ms (cache revalidated)
200 http fetch GET 200 https://registry.npmjs.org/which-typed-array 219ms (cache revalidated)
201 http fetch GET 200 https://registry.npmjs.org/is-typed-array 229ms (cache revalidated)
202 http fetch GET 200 https://registry.npmjs.org/responselike 262ms (cache revalidated)
203 http fetch GET 200 https://registry.npmjs.org/is-generator-function 271ms (cache revalidated)
204 http fetch GET 200 https://registry.npmjs.org/@sindresorhus%2fis 309ms (cache updated)
205 http fetch GET 200 https://registry.npmjs.org/http2-wrapper 330ms (cache revalidated)
206 http fetch GET 200 https://registry.npmjs.org/protobuf-schema 333ms (cache revalidated)
207 http fetch GET 200 https://registry.npmjs.org/@szmarczak%2fhttp-timer 345ms (cache revalidated)
208 http fetch GET 200 https://registry.npmjs.org/human-time 341ms (cache revalidated)
209 http fetch GET 200 https://registry.npmjs.org/boolstring 344ms (cache revalidated)
210 http fetch GET 200 https://registry.npmjs.org/get-stream 362ms (cache updated)
211 http fetch GET 200 https://registry.npmjs.org/minimist 344ms (cache revalidated)
212 http fetch GET 200 https://registry.npmjs.org/p-cancelable 540ms (cache revalidated)
213 http fetch GET 200 https://registry.npmjs.org/signed-varint 560ms (cache revalidated)
214 http fetch GET 200 https://registry.npmjs.org/varint 560ms (cache revalidated)
215 http fetch GET 200 https://registry.npmjs.org/generate-function 570ms (cache revalidated)
216 http fetch GET 200 https://registry.npmjs.org/resolve-protobuf-schema 567ms (cache revalidated)
217 http fetch GET 200 https://registry.npmjs.org/generate-object-property 575ms (cache revalidated)
218 http fetch GET 200 https://registry.npmjs.org/unirest 573ms (cache revalidated)
219 http fetch GET 200 https://registry.npmjs.org/async.parallellimit 571ms (cache revalidated)
220 http fetch GET 200 https://registry.npmjs.org/dasu 590ms (cache revalidated)
221 http fetch GET 200 https://registry.npmjs.org/jsonpath-plus 651ms (cache revalidated)
222 http fetch GET 200 https://registry.npmjs.org/node-fzf 696ms (cache revalidated)
223 timing idealTree:#root Completed in 9375ms
224 timing idealTree:node_modules/@adiwajshing/baileys Completed in 0ms
225 timing idealTree:node_modules/awesome-phonenumber Completed in 0ms
226 timing idealTree:node_modules/child_process Completed in 0ms
227 silly placeDep ROOT anymatch@3.1.3 OK for: chokidar@3.5.3 want: ~3.1.2
228 silly placeDep ROOT braces@3.0.2 OK for: chokidar@3.5.3 want: ~3.0.2
229 silly placeDep ROOT fsevents@2.3.3 OK for: chokidar@3.5.3 want: ~2.3.2
230 silly placeDep ROOT glob-parent@5.1.2 OK for: chokidar@3.5.3 want: ~5.1.2
231 silly placeDep ROOT is-binary-path@2.1.0 OK for: chokidar@3.5.3 want: ~2.1.0
232 silly placeDep ROOT is-glob@4.0.3 OK for: chokidar@3.5.3 want: ~4.0.1
233 silly placeDep ROOT normalize-path@3.0.0 OK for: chokidar@3.5.3 want: ~3.0.0
234 silly placeDep ROOT readdirp@3.6.0 OK for: chokidar@3.5.3 want: ~3.6.0
235 silly fetch manifest picomatch@^2.0.4
236 silly fetch manifest fill-range@^7.0.1
237 silly fetch manifest binary-extensions@^2.0.0
238 silly fetch manifest is-extglob@^2.1.1
239 silly fetch manifest picomatch@^2.2.1
240 http fetch GET 200 https://registry.npmjs.org/fill-range 34ms (cache revalidated)
241 http fetch GET 200 https://registry.npmjs.org/binary-extensions 35ms (cache revalidated)
242 http fetch GET 200 https://registry.npmjs.org/picomatch 37ms (cache revalidated)
243 http fetch GET 200 https://registry.npmjs.org/is-extglob 36ms (cache revalidated)
244 timing idealTree:node_modules/chokidar Completed in 47ms
245 silly placeDep ROOT picomatch@2.3.1 OK for: anymatch@3.1.3 want: ^2.0.4
246 timing idealTree:node_modules/anymatch Completed in 1ms
247 silly placeDep ROOT fill-range@7.0.1 OK for: braces@3.0.2 want: ^7.0.1
248 silly fetch manifest to-regex-range@^5.0.1
249 http fetch GET 200 https://registry.npmjs.org/to-regex-range 35ms (cache revalidated)
250 timing idealTree:node_modules/braces Completed in 37ms
251 timing idealTree:node_modules/cookie Completed in 0ms
252 timing idealTree:node_modules/crypto Completed in 0ms
253 silly fetch manifest ms@2.1.2
254 silly placeDep node_modules/debug ms@2.1.2 OK for: debug@4.3.4 want: 2.1.2
255 timing idealTree:node_modules/debug Completed in 3ms
256 silly fetch manifest canvas@^2.5.0
257 http fetch GET 200 https://registry.npmjs.org/canvas 28ms (cache revalidated)
258 silly placeDep node_modules/emoji-api jsdom@17.0.0 OK for: emoji-api@2.0.1 want: ^17.0.0
259 silly fetch manifest domexception@^2.0.1
260 silly fetch manifest html-encoding-sniffer@^2.0.1
261 silly fetch manifest http-proxy-agent@^4.0.1
262 silly fetch manifest parse5@6.0.1
263 silly fetch manifest w3c-xmlserializer@^2.0.0
264 silly fetch manifest webidl-conversions@^6.1.0
265 silly fetch manifest whatwg-encoding@^1.0.5
266 silly fetch manifest whatwg-mimetype@^2.3.0
267 silly fetch manifest whatwg-url@^9.0.0
268 silly fetch manifest xml-name-validator@^3.0.0
269 http fetch GET 200 https://registry.npmjs.org/http-proxy-agent 48ms (cache hit)
270 http fetch GET 200 https://registry.npmjs.org/parse5 48ms (cache hit)
271 http fetch GET 200 https://registry.npmjs.org/whatwg-url 45ms (cache hit)
272 http fetch GET 200 https://registry.npmjs.org/domexception 52ms (cache hit)
273 http fetch GET 200 https://registry.npmjs.org/w3c-xmlserializer 50ms (cache hit)
274 http fetch GET 200 https://registry.npmjs.org/html-encoding-sniffer 53ms (cache hit)
275 http fetch GET 200 https://registry.npmjs.org/whatwg-encoding 49ms (cache hit)
276 http fetch GET 200 https://registry.npmjs.org/whatwg-mimetype 49ms (cache hit)
277 http fetch GET 200 https://registry.npmjs.org/xml-name-validator 47ms (cache hit)
278 http fetch GET 200 https://registry.npmjs.org/webidl-conversions 51ms (cache hit)
279 timing idealTree:node_modules/emoji-api Completed in 91ms
280 timing idealTree:node_modules/emoji-regex Completed in 0ms
281 timing idealTree:node_modules/emoji-unicode Completed in 0ms
282 timing idealTree:node_modules/encodeurl Completed in 0ms
283 silly placeDep ROOT to-regex-range@5.0.1 OK for: fill-range@7.0.1 want: ^5.0.1
284 silly fetch manifest is-number@^7.0.0
285 http fetch GET 200 https://registry.npmjs.org/is-number 3ms (cache hit)
286 timing idealTree:node_modules/fill-range Completed in 5ms
287 timing idealTree:node_modules/fs-extra Completed in 0ms
288 timing idealTree:node_modules/fsevents Completed in 0ms
289 timing idealTree:node_modules/glob-parent Completed in 0ms
290 silly placeDep ROOT @sindresorhus/is@5.6.0 OK for: got@12.6.1 want: ^5.2.0
291 silly placeDep ROOT @szmarczak/http-timer@5.0.1 OK for: got@12.6.1 want: ^5.0.1
292 silly placeDep ROOT cacheable-lookup@7.0.0 OK for: got@12.6.1 want: ^7.0.0
293 silly placeDep ROOT cacheable-request@10.2.13 OK for: got@12.6.1 want: ^10.2.8
294 silly placeDep ROOT decompress-response@6.0.0 OK for: got@12.6.1 want: ^6.0.0
295 silly placeDep ROOT form-data-encoder@2.1.4 OK for: got@12.6.1 want: ^2.1.2
296 silly placeDep ROOT get-stream@6.0.1 OK for: got@12.6.1 want: ^6.0.1
297 silly placeDep ROOT http2-wrapper@2.2.0 OK for: got@12.6.1 want: ^2.1.10
298 silly placeDep ROOT lowercase-keys@3.0.0 OK for: got@12.6.1 want: ^3.0.0
299 silly placeDep ROOT p-cancelable@3.0.0 OK for: got@12.6.1 want: ^3.0.0
300 silly placeDep ROOT responselike@3.0.0 OK for: got@12.6.1 want: ^3.0.0
301 silly fetch manifest defer-to-connect@^2.0.1
302 silly fetch manifest @types/http-cache-semantics@^4.0.1
303 silly fetch manifest http-cache-semantics@^4.1.1
304 silly fetch manifest keyv@^4.5.3
305 silly fetch manifest mimic-response@^4.0.0
306 silly fetch manifest normalize-url@^8.0.0
307 silly fetch manifest mimic-response@^3.1.0
308 silly fetch manifest quick-lru@^5.1.1
309 silly fetch manifest resolve-alpn@^1.2.0
310 http fetch GET 200 https://registry.npmjs.org/mimic-response 47ms (cache revalidated)
311 http fetch GET 200 https://registry.npmjs.org/http-cache-semantics 50ms (cache revalidated)
312 http fetch GET 200 https://registry.npmjs.org/defer-to-connect 51ms (cache revalidated)
313 http fetch GET 200 https://registry.npmjs.org/quick-lru 48ms (cache revalidated)
314 http fetch GET 200 https://registry.npmjs.org/resolve-alpn 49ms (cache revalidated)
315 http fetch GET 200 https://registry.npmjs.org/@types%2fhttp-cache-semantics 53ms (cache updated)
316 http fetch GET 200 https://registry.npmjs.org/keyv 388ms (cache revalidated)
317 http fetch GET 200 https://registry.npmjs.org/normalize-url 394ms (cache revalidated)
318 timing idealTree:node_modules/got Completed in 408ms
319 timing idealTree:node_modules/@sindresorhus/is Completed in 0ms
320 silly placeDep ROOT defer-to-connect@2.0.1 OK for: @szmarczak/http-timer@5.0.1 want: ^2.0.1
321 timing idealTree:node_modules/@szmarczak/http-timer Completed in 1ms
322 timing idealTree:node_modules/cacheable-lookup Completed in 0ms
323 silly placeDep ROOT @types/http-cache-semantics@4.0.1 OK for: cacheable-request@10.2.13 want: ^4.0.1
324 silly placeDep ROOT http-cache-semantics@4.1.1 OK for: cacheable-request@10.2.13 want: ^4.1.1
325 silly placeDep ROOT keyv@4.5.3 OK for: cacheable-request@10.2.13 want: ^4.5.3
326 silly placeDep ROOT mimic-response@4.0.0 OK for: cacheable-request@10.2.13 want: ^4.0.0
327 silly placeDep ROOT normalize-url@8.0.0 OK for: cacheable-request@10.2.13 want: ^8.0.0
328 silly fetch manifest json-buffer@3.0.1
329 http fetch GET 200 https://registry.npmjs.org/json-buffer 22ms (cache revalidated)
330 timing idealTree:node_modules/cacheable-request Completed in 28ms
331 timing idealTree:node_modules/@types/http-cache-semantics Completed in 0ms
332 silly placeDep node_modules/decompress-response mimic-response@3.1.0 OK for: decompress-response@6.0.0 want: ^3.1.0
333 timing idealTree:node_modules/decompress-response Completed in 0ms
334 timing idealTree:node_modules/defer-to-connect Completed in 0ms
335 timing idealTree:node_modules/form-data-encoder Completed in 0ms
336 timing idealTree:node_modules/get-stream Completed in 0ms
337 timing idealTree:node_modules/http-cache-semantics Completed in 0ms
338 silly placeDep ROOT quick-lru@5.1.1 OK for: http2-wrapper@2.2.0 want: ^5.1.1
339 silly placeDep ROOT resolve-alpn@1.2.1 OK for: http2-wrapper@2.2.0 want: ^1.2.0
340 timing idealTree:node_modules/http2-wrapper Completed in 1ms
341 timing idealTree:node_modules/hxz-api Completed in 0ms
342 timing idealTree:node_modules/image-to-base64 Completed in 0ms
343 timing idealTree:node_modules/imagemagick Completed in 0ms
344 timing idealTree:node_modules/imgbb-uploader Completed in 0ms
345 silly placeDep ROOT binary-extensions@2.2.0 OK for: is-binary-path@2.1.0 want: ^2.0.0
346 timing idealTree:node_modules/is-binary-path Completed in 1ms
347 timing idealTree:node_modules/binary-extensions Completed in 0ms
348 silly placeDep ROOT is-extglob@2.1.1 OK for: is-glob@4.0.3 want: ^2.1.1
349 timing idealTree:node_modules/is-glob Completed in 1ms
350 timing idealTree:node_modules/is-extglob Completed in 0ms
351 timing idealTree:node_modules/isarray Completed in 0ms
352 timing idealTree:node_modules/jpeg-js Completed in 0ms
353 silly placeDep ROOT json-buffer@3.0.1 OK for: keyv@4.5.3 want: 3.0.1
354 timing idealTree:node_modules/keyv Completed in 1ms
355 timing idealTree:node_modules/json-buffer Completed in 0ms
356 timing idealTree:node_modules/linkifyjs Completed in 0ms
357 timing idealTree:node_modules/lolis.life Completed in 0ms
358 timing idealTree:node_modules/lowercase-keys Completed in 0ms
359 timing idealTree:node_modules/mime Completed in 0ms
360 timing idealTree:node_modules/mimic-response Completed in 0ms
361 timing idealTree:node_modules/ms Completed in 0ms
362 timing idealTree:node_modules/normalize-path Completed in 0ms
363 timing idealTree:node_modules/normalize-url Completed in 0ms
364 timing idealTree:node_modules/p-cancelable Completed in 0ms
365 timing idealTree:node_modules/parse-ms Completed in 0ms
366 silly placeDep ROOT process@0.11.10 OK for: path@0.12.7 want: ^0.11.1
367 silly placeDep node_modules/path util@0.10.4 OK for: path@0.12.7 want: ^0.10.3
368 silly fetch manifest inherits@2.0.3
369 http fetch GET 200 https://registry.npmjs.org/inherits 4ms (cache hit)
370 timing idealTree:node_modules/path Completed in 6ms
371 timing idealTree:node_modules/picomatch Completed in 0ms
372 timing idealTree:node_modules/process Completed in 0ms
373 timing idealTree:node_modules/process-nextick-args Completed in 0ms
374 timing idealTree:node_modules/protobufs Completed in 0ms
375 silly placeDep ROOT generate-function@2.3.1 OK for: protocol-buffers@2.7.0 want: ^2.0.0
376 silly placeDep ROOT generate-object-property@1.2.0 OK for: protocol-buffers@2.7.0 want: ^1.1.0
377 silly placeDep ROOT protobuf-schema@1.5.1 OK for: protocol-buffers@2.7.0 want: ^1.5.0
378 silly placeDep ROOT resolve-protobuf-schema@1.0.2 OK for: protocol-buffers@2.7.0 want: ^1.0.2
379 silly placeDep ROOT signed-varint@2.0.1 OK for: protocol-buffers@2.7.0 want: ^2.0.0
380 silly placeDep ROOT varint@4.0.1 OK for: protocol-buffers@2.7.0 want: ^4.0.0
381 silly fetch manifest is-property@^1.0.2
382 silly fetch manifest is-property@^1.0.0
383 silly fetch manifest varint@~5.0.0
384 http fetch GET 200 https://registry.npmjs.org/is-property 381ms (cache revalidated)
385 timing idealTree:node_modules/protocol-buffers Completed in 385ms
386 silly placeDep ROOT is-property@1.0.2 OK for: generate-function@2.3.1 want: ^1.0.2
387 timing idealTree:node_modules/generate-function Completed in 1ms
388 timing idealTree:node_modules/generate-object-property Completed in 0ms
389 timing idealTree:node_modules/is-property Completed in 0ms
390 timing idealTree:node_modules/protobuf-schema Completed in 0ms
391 silly placeDep ROOT side-channel@1.0.4 OK for: qs@6.11.2 want: ^1.0.4
392 silly fetch manifest call-bind@^1.0.0
393 silly fetch manifest get-intrinsic@^1.0.2
394 silly fetch manifest object-inspect@^1.9.0
395 http fetch GET 200 https://registry.npmjs.org/get-intrinsic 43ms (cache revalidated)
396 http fetch GET 200 https://registry.npmjs.org/object-inspect 43ms (cache revalidated)
397 http fetch GET 200 https://registry.npmjs.org/call-bind 68ms (cache revalidated)
398 timing idealTree:node_modules/qs Completed in 71ms
399 timing idealTree:node_modules/quick-lru Completed in 0ms
400 timing idealTree:node_modules/readdirp Completed in 0ms
401 silly placeDep ROOT unirest@0.6.0 OK for: remove.bg@1.3.0 want: ~0.6.0
402 silly fetch manifest form-data@^0.2.0
403 silly fetch manifest mime@^2.4.0
404 http fetch GET 200 https://registry.npmjs.org/form-data 7ms (cache hit)
405 timing idealTree:node_modules/remove.bg Completed in 13ms
406 silly fetch manifest qs@~6.5.2
407 silly placeDep node_modules/request qs@6.5.3 OK for: request@2.88.2 want: ~6.5.2
408 timing idealTree:node_modules/request Completed in 3ms
409 timing idealTree:node_modules/resolve-alpn Completed in 0ms
410 timing idealTree:node_modules/resolve-protobuf-schema Completed in 0ms
411 timing idealTree:node_modules/responselike Completed in 0ms
412 silly placeDep ROOT call-bind@1.0.2 OK for: side-channel@1.0.4 want: ^1.0.0
413 silly placeDep ROOT get-intrinsic@1.2.1 OK for: side-channel@1.0.4 want: ^1.0.2
414 silly placeDep ROOT object-inspect@1.12.3 OK for: side-channel@1.0.4 want: ^1.9.0
415 silly fetch manifest function-bind@^1.1.1
416 silly fetch manifest has@^1.0.3
417 silly fetch manifest has-proto@^1.0.1
418 silly fetch manifest has-symbols@^1.0.3
419 http fetch GET 200 https://registry.npmjs.org/has-symbols 32ms (cache revalidated)
420 http fetch GET 200 https://registry.npmjs.org/has-proto 33ms (cache revalidated)
421 http fetch GET 200 https://registry.npmjs.org/function-bind 36ms (cache revalidated)
422 http fetch GET 200 https://registry.npmjs.org/has 39ms (cache revalidated)
423 timing idealTree:node_modules/side-channel Completed in 43ms
424 silly placeDep ROOT function-bind@1.1.1 OK for: call-bind@1.0.2 want: ^1.1.1
425 timing idealTree:node_modules/call-bind Completed in 1ms
426 timing idealTree:node_modules/function-bind Completed in 0ms
427 silly placeDep ROOT has@1.0.3 OK for: get-intrinsic@1.2.1 want: ^1.0.3
428 silly placeDep ROOT has-proto@1.0.1 OK for: get-intrinsic@1.2.1 want: ^1.0.1
429 silly placeDep ROOT has-symbols@1.0.3 OK for: get-intrinsic@1.2.1 want: ^1.0.3
430 timing idealTree:node_modules/get-intrinsic Completed in 2ms
431 timing idealTree:node_modules/has Completed in 0ms
432 timing idealTree:node_modules/has-proto Completed in 0ms
433 timing idealTree:node_modules/has-symbols Completed in 0ms
434 timing idealTree:node_modules/object-inspect Completed in 0ms
435 silly placeDep node_modules/signed-varint varint@5.0.2 OK for: signed-varint@2.0.1 want: ~5.0.0
436 timing idealTree:node_modules/signed-varint Completed in 0ms
437 silly placeDep node_modules/spinnies chalk@2.4.2 OK for: spinnies@0.5.1 want: ^2.4.2
438 silly placeDep ROOT cli-cursor@3.1.0 OK for: spinnies@0.5.1 want: ^3.0.0
439 silly placeDep ROOT strip-ansi@5.2.0 OK for: spinnies@0.5.1 want: ^5.2.0
440 silly fetch manifest ansi-styles@^3.2.1
441 silly fetch manifest supports-color@^5.3.0
442 silly fetch manifest restore-cursor@^3.1.0
443 silly fetch manifest ansi-regex@^4.1.0
444 http fetch GET 200 https://registry.npmjs.org/ansi-styles 8ms (cache hit)
445 http fetch GET 200 https://registry.npmjs.org/supports-color 9ms (cache hit)
446 http fetch GET 200 https://registry.npmjs.org/ansi-regex 26ms (cache revalidated)
447 http fetch GET 200 https://registry.npmjs.org/restore-cursor 34ms (cache revalidated)
448 timing idealTree:node_modules/spinnies Completed in 38ms
449 silly placeDep ROOT restore-cursor@3.1.0 OK for: cli-cursor@3.1.0 want: ^3.1.0
450 silly fetch manifest onetime@^5.1.0
451 silly fetch manifest signal-exit@^3.0.2
452 http fetch GET 200 https://registry.npmjs.org/onetime 29ms (cache revalidated)
453 http fetch GET 200 https://registry.npmjs.org/signal-exit 31ms (cache revalidated)
454 timing idealTree:node_modules/cli-cursor Completed in 34ms
455 silly placeDep ROOT onetime@5.1.2 OK for: restore-cursor@3.1.0 want: ^5.1.0
456 silly placeDep ROOT signal-exit@3.0.7 OK for: restore-cursor@3.1.0 want: ^3.0.2
457 silly fetch manifest mimic-fn@^2.1.0
458 http fetch GET 200 https://registry.npmjs.org/mimic-fn 31ms (cache revalidated)
459 timing idealTree:node_modules/restore-cursor Completed in 34ms
460 silly placeDep ROOT mimic-fn@2.1.0 OK for: onetime@5.1.2 want: ^2.1.0
461 timing idealTree:node_modules/onetime Completed in 0ms
462 timing idealTree:node_modules/mimic-fn Completed in 0ms
463 timing idealTree:node_modules/signal-exit Completed in 0ms
464 silly placeDep ROOT ansi-regex@4.1.1 OK for: strip-ansi@5.2.0 want: ^4.1.0
465 timing idealTree:node_modules/strip-ansi Completed in 0ms
466 timing idealTree:node_modules/ansi-regex Completed in 0ms
467 timing idealTree:node_modules/textmaker-thiccy Completed in 0ms
468 silly placeDep node_modules/to-regex-range is-number@7.0.0 OK for: to-regex-range@5.0.1 want: ^7.0.0
469 timing idealTree:node_modules/to-regex-range Completed in 1ms
470 silly placeDep node_modules/unirest form-data@0.2.0 OK for: unirest@0.6.0 want: ^0.2.0
471 silly placeDep node_modules/unirest mime@2.6.0 OK for: unirest@0.6.0 want: ^2.4.0
472 silly fetch manifest async@~0.9.0
473 silly fetch manifest combined-stream@~0.0.4
474 silly fetch manifest mime-types@~2.0.3
475 http fetch GET 200 https://registry.npmjs.org/combined-stream 13ms (cache hit)
476 http fetch GET 200 https://registry.npmjs.org/mime-types 13ms (cache hit)
477 http fetch GET 200 https://registry.npmjs.org/async 17ms (cache hit)
478 timing idealTree:node_modules/unirest Completed in 26ms
479 silly placeDep ROOT is-arguments@1.1.1 OK for: util@0.12.5 want: ^1.0.4
480 silly placeDep ROOT is-generator-function@1.0.10 OK for: util@0.12.5 want: ^1.0.7
481 silly placeDep ROOT is-typed-array@1.1.12 OK for: util@0.12.5 want: ^1.1.3
482 silly placeDep ROOT which-typed-array@1.1.11 OK for: util@0.12.5 want: ^1.1.2
483 silly fetch manifest has-tostringtag@^1.0.0
484 silly fetch manifest available-typed-arrays@^1.0.5
485 silly fetch manifest for-each@^0.3.3
486 silly fetch manifest gopd@^1.0.1
487 http fetch GET 200 https://registry.npmjs.org/for-each 27ms (cache revalidated)
488 http fetch GET 200 https://registry.npmjs.org/has-tostringtag 34ms (cache revalidated)
489 http fetch GET 200 https://registry.npmjs.org/gopd 36ms (cache revalidated)
490 http fetch GET 200 https://registry.npmjs.org/available-typed-arrays 39ms (cache revalidated)
491 timing idealTree:node_modules/util Completed in 44ms
492 silly placeDep ROOT has-tostringtag@1.0.0 OK for: is-arguments@1.1.1 want: ^1.0.0
493 timing idealTree:node_modules/is-arguments Completed in 1ms
494 timing idealTree:node_modules/has-tostringtag Completed in 0ms
495 timing idealTree:node_modules/is-generator-function Completed in 0ms
496 timing idealTree:node_modules/is-typed-array Completed in 0ms
497 timing idealTree:node_modules/varint Completed in 0ms
498 silly placeDep ROOT available-typed-arrays@1.0.5 OK for: which-typed-array@1.1.11 want: ^1.0.5
499 silly placeDep ROOT for-each@0.3.3 OK for: which-typed-array@1.1.11 want: ^0.3.3
500 silly placeDep ROOT gopd@1.0.1 OK for: which-typed-array@1.1.11 want: ^1.0.1
501 silly fetch manifest is-callable@^1.1.3
502 http fetch GET 200 https://registry.npmjs.org/is-callable 55ms (cache revalidated)
503 timing idealTree:node_modules/which-typed-array Completed in 59ms
504 timing idealTree:node_modules/available-typed-arrays Completed in 0ms
505 silly placeDep ROOT is-callable@1.2.7 OK for: for-each@0.3.3 want: ^1.1.3
506 timing idealTree:node_modules/for-each Completed in 1ms
507 timing idealTree:node_modules/gopd Completed in 0ms
508 timing idealTree:node_modules/is-callable Completed in 0ms
509 timing idealTree:node_modules/xfarr-api Completed in 0ms
510 silly placeDep ROOT async.parallellimit@0.5.2 OK for: yt-search@2.10.4 want: ~0.5.2
511 silly placeDep ROOT boolstring@1.0.2 OK for: yt-search@2.10.4 want: ~1.0.2
512 silly placeDep ROOT dasu@0.4.3 OK for: yt-search@2.10.4 want: ~0.4.3
513 silly placeDep ROOT human-time@0.0.2 OK for: yt-search@2.10.4 want: 0.0.2
514 silly placeDep ROOT jsonpath-plus@5.0.7 OK for: yt-search@2.10.4 want: ~5.0.2
515 silly placeDep ROOT minimist@1.2.8 OK for: yt-search@2.10.4 want: ~1.2.5
516 silly placeDep ROOT node-fzf@0.5.3 OK for: yt-search@2.10.4 want: ~0.5.1
517 silly fetch manifest async.util.eachoflimit@0.5.2
518 silly fetch manifest async.util.parallel@0.5.2
519 silly fetch manifest cli-color@~1.2.0
520 silly fetch manifest keypress@~0.2.1
521 silly fetch manifest redstar@0.0.2
522 silly fetch manifest string-width@~2.1.1
523 silly fetch manifest ttys@0.0.3
524 http fetch GET 200 https://registry.npmjs.org/string-width 43ms (cache revalidated)
525 http fetch GET 200 https://registry.npmjs.org/ttys 143ms (cache revalidated)
526 http fetch GET 200 https://registry.npmjs.org/keypress 386ms (cache revalidated)
527 http fetch GET 200 https://registry.npmjs.org/async.util.parallel 396ms (cache revalidated)
528 http fetch GET 200 https://registry.npmjs.org/async.util.eachoflimit 400ms (cache revalidated)
529 http fetch GET 200 https://registry.npmjs.org/cli-color 402ms (cache revalidated)
530 http fetch GET 200 https://registry.npmjs.org/redstar 425ms (cache revalidated)
531 timing idealTree:node_modules/yt-search Completed in 434ms
532 silly placeDep ROOT async.util.eachoflimit@0.5.2 OK for: async.parallellimit@0.5.2 want: 0.5.2
533 silly placeDep ROOT async.util.parallel@0.5.2 OK for: async.parallellimit@0.5.2 want: 0.5.2
534 silly fetch manifest async.util.keyiterator@0.5.2
535 silly fetch manifest async.util.noop@0.5.2
536 silly fetch manifest async.util.once@0.5.2
537 silly fetch manifest async.util.onlyonce@0.5.2
538 silly fetch manifest async.util.isarraylike@0.5.2
539 silly fetch manifest async.util.restparam@0.5.2
540 http fetch GET 200 https://registry.npmjs.org/async.util.noop 33ms (cache revalidated)
541 http fetch GET 200 https://registry.npmjs.org/async.util.once 34ms (cache revalidated)
542 http fetch GET 200 https://registry.npmjs.org/async.util.isarraylike 33ms (cache revalidated)
543 http fetch GET 200 https://registry.npmjs.org/async.util.keyiterator 136ms (cache revalidated)
544 http fetch GET 200 https://registry.npmjs.org/async.util.restparam 386ms (cache revalidated)
545 http fetch GET 200 https://registry.npmjs.org/async.util.onlyonce 387ms (cache revalidated)
546 timing idealTree:node_modules/async.parallellimit Completed in 392ms
547 silly placeDep ROOT async.util.keyiterator@0.5.2 OK for: async.util.eachoflimit@0.5.2 want: 0.5.2
548 silly placeDep ROOT async.util.noop@0.5.2 OK for: async.util.eachoflimit@0.5.2 want: 0.5.2
549 silly placeDep ROOT async.util.once@0.5.2 OK for: async.util.eachoflimit@0.5.2 want: 0.5.2
550 silly placeDep ROOT async.util.onlyonce@0.5.2 OK for: async.util.eachoflimit@0.5.2 want: 0.5.2
551 silly fetch manifest async.util.keys@0.5.2
552 http fetch GET 200 https://registry.npmjs.org/async.util.keys 403ms (cache revalidated)
553 timing idealTree:node_modules/async.util.eachoflimit Completed in 408ms
554 silly placeDep ROOT async.util.isarraylike@0.5.2 OK for: async.util.keyiterator@0.5.2 want: 0.5.2
555 silly placeDep ROOT async.util.keys@0.5.2 OK for: async.util.keyiterator@0.5.2 want: 0.5.2
556 silly fetch manifest async.util.isarray@0.5.2
557 http fetch GET 200 https://registry.npmjs.org/async.util.isarray 121ms (cache revalidated)
558 timing idealTree:node_modules/async.util.keyiterator Completed in 124ms
559 silly placeDep ROOT async.util.isarray@0.5.2 OK for: async.util.isarraylike@0.5.2 want: 0.5.2
560 timing idealTree:node_modules/async.util.isarraylike Completed in 0ms
561 timing idealTree:node_modules/async.util.isarray Completed in 0ms
562 timing idealTree:node_modules/async.util.keys Completed in 0ms
563 timing idealTree:node_modules/async.util.noop Completed in 0ms
564 timing idealTree:node_modules/async.util.once Completed in 1ms
565 timing idealTree:node_modules/async.util.onlyonce Completed in 0ms
566 silly placeDep ROOT async.util.restparam@0.5.2 OK for: async.util.parallel@0.5.2 want: 0.5.2
567 timing idealTree:node_modules/async.util.parallel Completed in 1ms
568 timing idealTree:node_modules/async.util.restparam Completed in 0ms
569 timing idealTree:node_modules/boolstring Completed in 0ms
570 timing idealTree:node_modules/dasu Completed in 0ms
571 timing idealTree:node_modules/human-time Completed in 0ms
572 timing idealTree:node_modules/jsonpath-plus Completed in 0ms
573 timing idealTree:node_modules/minimist Completed in 0ms
574 silly placeDep ROOT cli-color@1.2.0 OK for: node-fzf@0.5.3 want: ~1.2.0
575 silly placeDep ROOT keypress@0.2.1 OK for: node-fzf@0.5.3 want: ~0.2.1
576 silly placeDep ROOT redstar@0.0.2 OK for: node-fzf@0.5.3 want: 0.0.2
577 silly placeDep ROOT string-width@2.1.1 OK for: node-fzf@0.5.3 want: ~2.1.1
578 silly placeDep ROOT ttys@0.0.3 OK for: node-fzf@0.5.3 want: 0.0.3
579 silly fetch manifest ansi-regex@^2.1.1
580 silly fetch manifest d@1
581 silly fetch manifest es5-ext@^0.10.12
582 silly fetch manifest es6-iterator@2
583 silly fetch manifest memoizee@^0.4.3
584 silly fetch manifest timers-ext@0.1
585 silly fetch manifest minimatch@~3.0.4
586 silly fetch manifest is-fullwidth-code-point@^2.0.0
587 silly fetch manifest strip-ansi@^4.0.0
588 http fetch GET 200 https://registry.npmjs.org/es5-ext 28ms (cache revalidated)
589 http fetch GET 200 https://registry.npmjs.org/timers-ext 43ms (cache revalidated)
590 http fetch GET 200 https://registry.npmjs.org/is-fullwidth-code-point 51ms (cache revalidated)
591 http fetch GET 200 https://registry.npmjs.org/memoizee 54ms (cache revalidated)
592 http fetch GET 200 https://registry.npmjs.org/minimatch 55ms (cache revalidated)
593 http fetch GET 200 https://registry.npmjs.org/es6-iterator 383ms (cache revalidated)
594 http fetch GET 200 https://registry.npmjs.org/d 400ms (cache revalidated)
595 timing idealTree:node_modules/node-fzf Completed in 405ms
596 silly placeDep node_modules/cli-color ansi-regex@2.1.1 OK for: cli-color@1.2.0 want: ^2.1.1
597 silly placeDep ROOT d@1.0.1 OK for: cli-color@1.2.0 want: 1
598 silly placeDep ROOT es5-ext@0.10.62 OK for: cli-color@1.2.0 want: ^0.10.12
599 silly placeDep ROOT es6-iterator@2.0.3 OK for: cli-color@1.2.0 want: 2
600 silly placeDep ROOT memoizee@0.4.15 OK for: cli-color@1.2.0 want: ^0.4.3
601 silly placeDep ROOT timers-ext@0.1.7 OK for: cli-color@1.2.0 want: 0.1
602 silly fetch manifest type@^1.0.1
603 silly fetch manifest es6-symbol@^3.1.3
604 silly fetch manifest next-tick@^1.1.0
605 silly fetch manifest es6-symbol@^3.1.1
606 silly fetch manifest es6-weak-map@^2.0.3
607 silly fetch manifest event-emitter@^0.3.5
608 silly fetch manifest is-promise@^2.2.2
609 silly fetch manifest lru-queue@^0.1.0
610 silly fetch manifest next-tick@1
611 http fetch GET 200 https://registry.npmjs.org/lru-queue 34ms (cache revalidated)
612 http fetch GET 200 https://registry.npmjs.org/next-tick 38ms (cache revalidated)
613 http fetch GET 200 https://registry.npmjs.org/es6-weak-map 39ms (cache revalidated)
614 http fetch GET 200 https://registry.npmjs.org/es6-symbol 43ms (cache revalidated)
615 http fetch GET 200 https://registry.npmjs.org/is-promise 42ms (cache revalidated)
616 http fetch GET 200 https://registry.npmjs.org/type 58ms (cache revalidated)
617 http fetch GET 200 https://registry.npmjs.org/event-emitter 392ms (cache revalidated)
618 timing idealTree:node_modules/cli-color Completed in 399ms
619 silly placeDep ROOT type@1.2.0 OK for: d@1.0.1 want: ^1.0.1
620 timing idealTree:node_modules/d Completed in 1ms
621 silly placeDep ROOT es6-symbol@3.1.3 OK for: es5-ext@0.10.62 want: ^3.1.3
622 silly placeDep ROOT next-tick@1.1.0 OK for: es5-ext@0.10.62 want: ^1.1.0
623 silly fetch manifest ext@^1.1.2
624 http fetch GET 200 https://registry.npmjs.org/ext 26ms (cache revalidated)
625 timing idealTree:node_modules/es5-ext Completed in 28ms
626 timing idealTree:node_modules/es6-iterator Completed in 0ms
627 silly placeDep ROOT ext@1.7.0 OK for: es6-symbol@3.1.3 want: ^1.1.2
628 silly fetch manifest type@^2.7.2
629 timing idealTree:node_modules/es6-symbol Completed in 1ms
630 silly placeDep node_modules/ext type@2.7.2 OK for: ext@1.7.0 want: ^2.7.2
631 timing idealTree:node_modules/ext Completed in 0ms
632 timing idealTree:node_modules/keypress Completed in 0ms
633 silly placeDep ROOT es6-weak-map@2.0.3 OK for: memoizee@0.4.15 want: ^2.0.3
634 silly placeDep ROOT event-emitter@0.3.5 OK for: memoizee@0.4.15 want: ^0.3.5
635 silly placeDep ROOT is-promise@2.2.2 OK for: memoizee@0.4.15 want: ^2.2.2
636 silly placeDep ROOT lru-queue@0.1.0 OK for: memoizee@0.4.15 want: ^0.1.0
637 timing idealTree:node_modules/memoizee Completed in 2ms
638 timing idealTree:node_modules/es6-weak-map Completed in 0ms
639 timing idealTree:node_modules/event-emitter Completed in 0ms
640 timing idealTree:node_modules/is-promise Completed in 0ms
641 timing idealTree:node_modules/lru-queue Completed in 0ms
642 timing idealTree:node_modules/next-tick Completed in 0ms
643 silly placeDep ROOT minimatch@3.0.8 OK for: redstar@0.0.2 want: ~3.0.4
644 silly fetch manifest brace-expansion@^1.1.7
645 http fetch GET 200 https://registry.npmjs.org/brace-expansion 20ms (cache revalidated)
646 timing idealTree:node_modules/redstar Completed in 21ms
647 silly placeDep ROOT brace-expansion@1.1.11 OK for: minimatch@3.0.8 want: ^1.1.7
648 silly fetch manifest balanced-match@^1.0.0
649 silly fetch manifest concat-map@0.0.1
650 http fetch GET 200 https://registry.npmjs.org/balanced-match 28ms (cache revalidated)
651 http fetch GET 200 https://registry.npmjs.org/concat-map 27ms (cache revalidated)
652 timing idealTree:node_modules/minimatch Completed in 30ms
653 silly placeDep ROOT balanced-match@1.0.2 OK for: brace-expansion@1.1.11 want: ^1.0.0
654 silly placeDep ROOT concat-map@0.0.1 OK for: brace-expansion@1.1.11 want: 0.0.1
655 timing idealTree:node_modules/brace-expansion Completed in 1ms
656 timing idealTree:node_modules/balanced-match Completed in 0ms
657 timing idealTree:node_modules/concat-map Completed in 0ms
658 silly placeDep ROOT is-fullwidth-code-point@2.0.0 OK for: string-width@2.1.1 want: ^2.0.0
659 silly placeDep node_modules/string-width strip-ansi@4.0.0 OK for: string-width@2.1.1 want: ^4.0.0
660 silly fetch manifest ansi-regex@^3.0.0
661 timing idealTree:node_modules/string-width Completed in 2ms
662 timing idealTree:node_modules/is-fullwidth-code-point Completed in 0ms
663 timing idealTree:node_modules/timers-ext Completed in 0ms
664 timing idealTree:node_modules/ttys Completed in 0ms
665 timing idealTree:node_modules/type Completed in 0ms
666 timing idealTree:node_modules/yts Completed in 0ms
667 timing idealTree:node_modules/cli-color/node_modules/ansi-regex Completed in 0ms
668 timing idealTree:node_modules/debug/node_modules/ms Completed in 0ms
669 timing idealTree:node_modules/decompress-response/node_modules/mimic-response Completed in 0ms
670 silly placeDep node_modules/emoji-api domexception@2.0.1 OK for: jsdom@17.0.0 want: ^2.0.1
671 silly placeDep node_modules/emoji-api html-encoding-sniffer@2.0.1 OK for: jsdom@17.0.0 want: ^2.0.1
672 silly placeDep node_modules/emoji-api http-proxy-agent@4.0.1 OK for: jsdom@17.0.0 want: ^4.0.1
673 silly placeDep node_modules/emoji-api parse5@6.0.1 OK for: jsdom@17.0.0 want: 6.0.1
674 silly placeDep node_modules/emoji-api w3c-xmlserializer@2.0.0 OK for: jsdom@17.0.0 want: ^2.0.0
675 silly placeDep node_modules/emoji-api webidl-conversions@6.1.0 OK for: jsdom@17.0.0 want: ^6.1.0
676 silly placeDep node_modules/emoji-api whatwg-encoding@1.0.5 OK for: jsdom@17.0.0 want: ^1.0.5
677 silly placeDep node_modules/emoji-api whatwg-mimetype@2.3.0 OK for: jsdom@17.0.0 want: ^2.3.0
678 silly placeDep node_modules/emoji-api whatwg-url@9.1.0 OK for: jsdom@17.0.0 want: ^9.0.0
679 silly placeDep node_modules/emoji-api xml-name-validator@3.0.0 OK for: jsdom@17.0.0 want: ^3.0.0
680 silly fetch manifest webidl-conversions@^5.0.0
681 silly fetch manifest @tootallnate/once@1
682 silly fetch manifest iconv-lite@0.4.24
683 silly fetch manifest tr46@^2.1.0
684 http fetch GET 200 https://registry.npmjs.org/@tootallnate%2fonce 8ms (cache hit)
685 http fetch GET 200 https://registry.npmjs.org/tr46 6ms (cache hit)
686 http fetch GET 200 https://registry.npmjs.org/iconv-lite 8ms (cache hit)
687 timing idealTree:node_modules/emoji-api/node_modules/jsdom Completed in 29ms
688 silly placeDep node_modules/emoji-api/node_modules/domexception webidl-conversions@5.0.0 OK for: domexception@2.0.1 want: ^5.0.0
689 timing idealTree:node_modules/emoji-api/node_modules/domexception Completed in 1ms
690 timing idealTree:node_modules/emoji-api/node_modules/html-encoding-sniffer Completed in 0ms
691 silly placeDep node_modules/emoji-api @tootallnate/once@1.1.2 OK for: http-proxy-agent@4.0.1 want: 1
692 timing idealTree:node_modules/emoji-api/node_modules/http-proxy-agent Completed in 1ms
693 timing idealTree:node_modules/emoji-api/node_modules/@tootallnate/once Completed in 0ms
694 timing idealTree:node_modules/emoji-api/node_modules/parse5 Completed in 0ms
695 timing idealTree:node_modules/emoji-api/node_modules/w3c-xmlserializer Completed in 0ms
696 timing idealTree:node_modules/emoji-api/node_modules/webidl-conversions Completed in 0ms
697 silly placeDep node_modules/emoji-api iconv-lite@0.4.24 OK for: whatwg-encoding@1.0.5 want: 0.4.24
698 timing idealTree:node_modules/emoji-api/node_modules/whatwg-encoding Completed in 1ms
699 timing idealTree:node_modules/emoji-api/node_modules/iconv-lite Completed in 0ms
700 timing idealTree:node_modules/emoji-api/node_modules/whatwg-mimetype Completed in 0ms
701 silly placeDep node_modules/emoji-api tr46@2.1.0 OK for: whatwg-url@9.1.0 want: ^2.1.0
702 timing idealTree:node_modules/emoji-api/node_modules/whatwg-url Completed in 0ms
703 timing idealTree:node_modules/emoji-api/node_modules/tr46 Completed in 0ms
704 timing idealTree:node_modules/emoji-api/node_modules/xml-name-validator Completed in 0ms
705 timing idealTree:node_modules/ext/node_modules/type Completed in 0ms
706 silly placeDep node_modules/path inherits@2.0.3 OK for: util@0.10.4 want: 2.0.3
707 timing idealTree:node_modules/path/node_modules/util Completed in 5ms
708 timing idealTree:node_modules/path/node_modules/inherits Completed in 0ms
709 timing idealTree:node_modules/request/node_modules/qs Completed in 0ms
710 timing idealTree:node_modules/signed-varint/node_modules/varint Completed in 0ms
711 silly placeDep node_modules/spinnies ansi-styles@3.2.1 OK for: chalk@2.4.2 want: ^3.2.1
712 silly placeDep node_modules/spinnies supports-color@5.5.0 OK for: chalk@2.4.2 want: ^5.3.0
713 silly fetch manifest color-convert@^1.9.0
714 silly fetch manifest has-flag@^3.0.0
715 http fetch GET 200 https://registry.npmjs.org/has-flag 5ms (cache hit)
716 http fetch GET 200 https://registry.npmjs.org/color-convert 5ms (cache hit)
717 timing idealTree:node_modules/spinnies/node_modules/chalk Completed in 8ms
718 silly placeDep node_modules/spinnies color-convert@1.9.3 OK for: ansi-styles@3.2.1 want: ^1.9.0
719 silly fetch manifest color-name@1.1.3
720 http fetch GET 200 https://registry.npmjs.org/color-name 3ms (cache hit)
721 timing idealTree:node_modules/spinnies/node_modules/ansi-styles Completed in 4ms
722 silly placeDep node_modules/spinnies color-name@1.1.3 OK for: color-convert@1.9.3 want: 1.1.3
723 timing idealTree:node_modules/spinnies/node_modules/color-convert Completed in 1ms
724 timing idealTree:node_modules/spinnies/node_modules/color-name Completed in 0ms
725 silly placeDep node_modules/spinnies has-flag@3.0.0 OK for: supports-color@5.5.0 want: ^3.0.0
726 timing idealTree:node_modules/spinnies/node_modules/supports-color Completed in 1ms
727 timing idealTree:node_modules/spinnies/node_modules/has-flag Completed in 0ms
728 silly placeDep node_modules/string-width ansi-regex@3.0.1 OK for: strip-ansi@4.0.0 want: ^3.0.0
729 timing idealTree:node_modules/string-width/node_modules/strip-ansi Completed in 0ms
730 timing idealTree:node_modules/string-width/node_modules/ansi-regex Completed in 1ms
731 timing idealTree:node_modules/to-regex-range/node_modules/is-number Completed in 0ms
732 silly placeDep node_modules/unirest async@0.9.2 OK for: form-data@0.2.0 want: ~0.9.0
733 silly placeDep node_modules/unirest combined-stream@0.0.7 OK for: form-data@0.2.0 want: ~0.0.4
734 silly placeDep node_modules/unirest mime-types@2.0.14 OK for: form-data@0.2.0 want: ~2.0.3
735 silly fetch manifest delayed-stream@0.0.5
736 silly fetch manifest mime-db@~1.12.0
737 http fetch GET 200 https://registry.npmjs.org/delayed-stream 9ms (cache hit)
738 http fetch GET 200 https://registry.npmjs.org/mime-db 10ms (cache hit)
739 timing idealTree:node_modules/unirest/node_modules/form-data Completed in 13ms
740 timing idealTree:node_modules/unirest/node_modules/async Completed in 0ms
741 silly placeDep node_modules/unirest delayed-stream@0.0.5 OK for: combined-stream@0.0.7 want: 0.0.5
742 timing idealTree:node_modules/unirest/node_modules/combined-stream Completed in 1ms
743 timing idealTree:node_modules/unirest/node_modules/delayed-stream Completed in 0ms
744 timing idealTree:node_modules/unirest/node_modules/mime Completed in 0ms
745 silly placeDep node_modules/unirest mime-db@1.12.0 OK for: mime-types@2.0.14 want: ~1.12.0
746 timing idealTree:node_modules/unirest/node_modules/mime-types Completed in 3ms
747 timing idealTree:node_modules/unirest/node_modules/mime-db Completed in 0ms
748 timing idealTree:node_modules/emoji-api/node_modules/domexception/node_modules/webidl-conversions Completed in 0ms
749 timing idealTree:buildDeps Completed in 13093ms
750 timing idealTree:fixDepFlags Completed in 9ms
751 timing idealTree Completed in 13226ms
752 timing command:install Completed in 13244ms
753 verbose stack Error: An unknown git error occurred
753 verbose stack     at makeError (/usr/local/lib/node_modules/npm/node_modules/@npmcli/git/lib/make-error.js:28:13)
753 verbose stack     at /usr/local/lib/node_modules/npm/node_modules/@npmcli/git/lib/spawn.js:36:26
753 verbose stack     at processTicksAndRejections (node:internal/process/task_queues:96:5)
754 verbose cwd /home/container
755 verbose Linux 5.4.0-29-generic
756 verbose argv "/usr/local/bin/node" "/usr/local/bin/npm" "install" "--production"
757 verbose node v16.6.1
758 verbose npm  v7.20.3
759 error code 128
760 error An unknown git error occurred
761 error command git --no-replace-objects ls-remote ssh://git@github.com/adiwajshing/baileys.git
762 error No user exists for uid 998
762 error fatal: Could not read from remote repository.
762 error
762 error Please make sure you have the correct access rights
762 error and the repository exists.
763 verbose exit 128
