0 verbose cli [
0 verbose cli   '/usr/local/bin/node',
0 verbose cli   '/usr/local/bin/npm',
0 verbose cli   'install',
0 verbose cli   '--production'
0 verbose cli ]
1 info using npm@7.20.3
2 info using node@v16.6.1
3 timing npm:load:whichnode Completed in 0ms
4 timing config:load:defaults Completed in 1ms
5 timing config:load:file:/usr/local/lib/node_modules/npm/npmrc Completed in 19ms
6 timing config:load:builtin Completed in 19ms
7 verbose config production Use `--omit=dev` instead.
8 timing config:load:cli Completed in 2ms
9 timing config:load:env Completed in 0ms
10 timing config:load:project Completed in 1ms
11 timing config:load:file:/home/container/.npmrc Completed in 4ms
12 timing config:load:user Completed in 4ms
13 timing config:load:file:/usr/local/etc/npmrc Completed in 3ms
14 timing config:load:global Completed in 3ms
15 timing config:load:validate Completed in 1ms
16 timing config:load:credentials Completed in 0ms
17 timing config:load:setEnvs Completed in 1ms
18 timing config:load Completed in 33ms
19 timing npm:load:configload Completed in 33ms
20 timing npm:load:setTitle Completed in 0ms
21 timing npm:load:setupLog Completed in 1ms
22 timing npm:load:cleanupLog Completed in 1ms
23 timing npm:load:configScope Completed in 0ms
24 timing npm:load:projectScope Completed in 0ms
25 timing npm:load Completed in 35ms
26 timing config:load:flatten Completed in 1ms
27 timing arborist:ctor Completed in 0ms
28 timing arborist:ctor Completed in 0ms
29 verbose shrinkwrap failed to load node_modules/.package-lock.json out of date, updated: node_modules
30 verbose shrinkwrap failed to load node_modules/.package-lock.json out of date, updated: node_modules
31 timing idealTree:init Completed in 24ms
32 timing idealTree:userRequests Completed in 0ms
33 silly idealTree buildDeps
34 timing idealTree:#root Completed in 0ms
35 timing idealTree:buildDeps Completed in 2ms
36 timing idealTree:fixDepFlags Completed in 0ms
37 timing idealTree Completed in 26ms
38 timing reify:loadTrees Completed in 26ms
39 timing reify:diffTrees Completed in 1ms
40 silly reify moves {}
41 timing reify:retireShallow Completed in 1ms
42 timing reify:createSparse Completed in 0ms
43 timing reify:trashOmits Completed in 0ms
44 timing reify:loadBundles Completed in 0ms
45 silly audit report null
46 timing reify:audit Completed in 1ms
47 timing reify:unpack Completed in 0ms
48 timing reify:unretire Completed in 0ms
49 timing build:queue Completed in 0ms
50 timing build:deps Completed in 1ms
51 timing build Completed in 1ms
52 timing reify:build Completed in 1ms
53 timing reify:trash Completed in 0ms
54 timing reify:save Completed in 2ms
55 timing reify Completed in 47ms
56 timing command:install Completed in 50ms
57 verbose stack Error: ENOENT: no such file or directory, open '/home/container/package.json'
58 verbose cwd /home/container
59 verbose Linux 5.4.0-29-generic
60 verbose argv "/usr/local/bin/node" "/usr/local/bin/npm" "install" "--production"
61 verbose node v16.6.1
62 verbose npm  v7.20.3
63 error code ENOENT
64 error syscall open
65 error path /home/container/package.json
66 error errno -2
67 error enoent ENOENT: no such file or directory, open '/home/container/package.json'
68 error enoent This is related to npm not being able to find a file.
69 verbose exit -2
