0 verbose cli /usr/local/bin/node /usr/local/bin/npm
1 info using npm@8.19.3
2 info using node@v17.9.1
3 timing npm:load:whichnode Completed in 0ms
4 timing config:load:defaults Completed in 67ms
5 timing config:load:file:/usr/local/lib/node_modules/npm/npmrc Completed in 97ms
6 timing config:load:builtin Completed in 98ms
7 timing config:load:cli Completed in 23ms
8 timing config:load:env Completed in 0ms
9 timing config:load:project Completed in 61ms
10 timing config:load:file:/home/container/.npmrc Completed in 9ms
11 timing config:load:user Completed in 9ms
12 timing config:load:file:/usr/local/etc/npmrc Completed in 1ms
13 timing config:load:global Completed in 1ms
14 timing config:load:validate Completed in 0ms
15 timing config:load:credentials Completed in 28ms
16 timing config:load:setEnvs Completed in 1ms
17 timing config:load Completed in 289ms
18 timing npm:load:configload Completed in 290ms
19 timing npm:load:mkdirpcache Completed in 1ms
20 timing npm:load:mkdirplogs Completed in 0ms
21 verbose title npm start
22 verbose argv "start"
23 timing npm:load:setTitle Completed in 2ms
24 timing config:load:flatten Completed in 6ms
25 timing npm:load:display Completed in 8ms
26 verbose logfile logs-max:10 dir:/home/container/.npm/_logs
27 verbose logfile /home/container/.npm/_logs/2023-04-24T13_01_39_999Z-debug-0.log
28 timing npm:load:logFile Completed in 7ms
29 timing npm:load:timers Completed in 0ms
30 timing npm:load:configScope Completed in 0ms
31 timing npm:load Completed in 311ms
32 silly logfile start cleaning logs, removing 1 files
33 silly logfile done cleaning log files
