0 verbose cli [
0 verbose cli   '/usr/local/bin/node',
0 verbose cli   '/usr/local/bin/npm',
0 verbose cli   'install',
0 verbose cli   '--production'
0 verbose cli ]
1 info using npm@7.20.3
2 info using node@v16.6.1
3 timing npm:load:whichnode Completed in 0ms
4 timing config:load:defaults Completed in 1ms
5 timing config:load:file:/usr/local/lib/node_modules/npm/npmrc Completed in 1ms
6 timing config:load:builtin Completed in 1ms
7 verbose config production Use `--omit=dev` instead.
8 timing config:load:cli Completed in 1ms
9 timing config:load:env Completed in 0ms
10 timing config:load:project Completed in 1ms
11 timing config:load:file:/home/container/.npmrc Completed in 0ms
12 timing config:load:user Completed in 0ms
13 timing config:load:file:/usr/local/etc/npmrc Completed in 0ms
14 timing config:load:global Completed in 0ms
15 timing config:load:validate Completed in 0ms
16 timing config:load:credentials Completed in 1ms
17 timing config:load:setEnvs Completed in 1ms
18 timing config:load Completed in 6ms
19 timing npm:load:configload Completed in 6ms
20 timing npm:load:setTitle Completed in 0ms
21 timing npm:load:setupLog Completed in 0ms
22 timing npm:load:cleanupLog Completed in 2ms
23 timing npm:load:configScope Completed in 0ms
24 timing npm:load:projectScope Completed in 0ms
25 timing npm:load Completed in 8ms
26 timing config:load:flatten Completed in 2ms
27 timing arborist:ctor Completed in 1ms
28 timing arborist:ctor Completed in 1ms
29 verbose shrinkwrap failed to load node_modules/.package-lock.json out of date, updated: node_modules
30 verbose shrinkwrap failed to load node_modules/.package-lock.json out of date, updated: node_modules
31 timing idealTree:init Completed in 21ms
32 timing idealTree:userRequests Completed in 0ms
33 silly idealTree buildDeps
34 silly fetch manifest @adiwajshing/baileys@github:adiwajshing/baileys
35 silly fetch manifest @adiwajshing/keyed-db@^0.2.4
36 http fetch GET 200 https://registry.npmjs.org/@adiwajshing%2fkeyed-db 16ms (cache hit)
37 silly fetch manifest qrcode-terminal@^0.12.0
38 http fetch GET 200 https://registry.npmjs.org/qrcode-terminal 4ms (cache hit)
39 silly fetch manifest async@^3.2.3
40 http fetch GET 200 https://registry.npmjs.org/async 4ms (cache hit)
41 silly fetch manifest form-data@^4.0.0
42 http fetch GET 200 https://registry.npmjs.org/form-data 4ms (cache hit)
43 silly fetch manifest qs@^6.10.3
44 http fetch GET 200 https://registry.npmjs.org/qs 4ms (cache hit)
45 silly fetch manifest awesome-phonenumber@^2.69.0
46 http fetch GET 200 https://registry.npmjs.org/awesome-phonenumber 6ms (cache hit)
47 silly fetch manifest axios@^0.21.1
48 http fetch GET 200 https://registry.npmjs.org/axios 4ms (cache hit)
49 silly fetch manifest cfonts@^2.10.0
50 http fetch GET 200 https://registry.npmjs.org/cfonts 6ms (cache hit)
51 silly fetch manifest colors@^1.4.0
52 http fetch GET 200 https://registry.npmjs.org/colors 4ms (cache hit)
53 silly fetch manifest chalk@^4.1.2
54 http fetch GET 200 https://registry.npmjs.org/chalk 3ms (cache hit)
55 silly fetch manifest chokidar@^3.5.3
56 http fetch GET 200 https://registry.npmjs.org/chokidar 4ms (cache hit)
57 silly fetch manifest cheerio@^1.0.0-rc.10
58 http fetch GET 200 https://registry.npmjs.org/cheerio 4ms (cache hit)
59 silly fetch manifest child_process@^1.0.2
60 http fetch GET 200 https://registry.npmjs.org/child_process 4ms (cache hit)
61 silly fetch manifest cookie@^0.4.1
62 http fetch GET 200 https://registry.npmjs.org/cookie 13ms (cache hit)
63 silly fetch manifest crypto@^1.0.1
64 http fetch GET 200 https://registry.npmjs.org/crypto 3ms (cache hit)
65 silly fetch manifest emoji-api@^2.0.1
66 http fetch GET 200 https://registry.npmjs.org/emoji-api 3ms (cache hit)
67 silly fetch manifest emoji-regex@^10.0.0
68 http fetch GET 200 https://registry.npmjs.org/emoji-regex 3ms (cache hit)
69 silly fetch manifest emoji-unicode@^2.0.1
70 http fetch GET 200 https://registry.npmjs.org/emoji-unicode 3ms (cache hit)
71 silly fetch manifest encodeurl@^1.0.2
72 http fetch GET 200 https://registry.npmjs.org/encodeurl 4ms (cache hit)
73 silly fetch manifest escape-string-regexp@^1.0.5
74 http fetch GET 200 https://registry.npmjs.org/escape-string-regexp 3ms (cache hit)
75 silly fetch manifest fake-useragent@^1.0.1
76 http fetch GET 200 https://registry.npmjs.org/fake-useragent 3ms (cache hit)
77 silly fetch manifest file-type@^16.5.3
78 http fetch GET 200 https://registry.npmjs.org/file-type 6ms (cache hit)
79 silly fetch manifest fluent-ffmpeg@^2.1.2
80 http fetch GET 200 https://registry.npmjs.org/fluent-ffmpeg 11ms (cache hit)
81 silly fetch manifest fs-extra@^10.0.1
82 http fetch GET 200 https://registry.npmjs.org/fs-extra 3ms (cache hit)
83 silly fetch manifest got@^12.0.1
84 http fetch GET 200 https://registry.npmjs.org/got 4ms (cache hit)
85 silly fetch manifest hxz-api@^1.0.1
86 http fetch GET 200 https://registry.npmjs.org/hxz-api 3ms (cache hit)
87 silly fetch manifest image-to-base64@^2.2.0
88 http fetch GET 200 https://registry.npmjs.org/image-to-base64 2ms (cache hit)
89 silly fetch manifest imagemagick@^0.1.3
90 http fetch GET 200 https://registry.npmjs.org/imagemagick 10ms (cache hit)
91 silly fetch manifest imgbb-uploader@^1.3.5
92 http fetch GET 200 https://registry.npmjs.org/imgbb-uploader 2ms (cache hit)
93 silly fetch manifest isarray@^2.0.5
94 http fetch GET 200 https://registry.npmjs.org/isarray 3ms (cache hit)
95 silly fetch manifest jpeg-js@^0.4.3
96 http fetch GET 200 https://registry.npmjs.org/jpeg-js 2ms (cache hit)
97 silly fetch manifest jsdom@^19.0.0
98 http fetch GET 200 https://registry.npmjs.org/jsdom 5ms (cache hit)
99 silly fetch manifest canvas@^2.5.0
100 http fetch GET 200 https://registry.npmjs.org/canvas 7ms (cache hit)
101 silly fetch manifest linkifyjs@^3.0.5
102 http fetch GET 200 https://registry.npmjs.org/linkifyjs 26ms (cache hit)
103 silly fetch manifest lolis.life@^4.0.0
104 http fetch GET 200 https://registry.npmjs.org/lolis.life 2ms (cache hit)
105 silly fetch manifest mime@^3.0.0
106 http fetch GET 200 https://registry.npmjs.org/mime 3ms (cache hit)
107 silly fetch manifest moment-timezone@^0.5.34
108 http fetch GET 200 https://registry.npmjs.org/moment-timezone 3ms (cache hit)
109 silly fetch manifest ms@^2.1.3
110 http fetch GET 200 https://registry.npmjs.org/ms 4ms (cache hit)
111 silly fetch manifest multistream@^4.1.0
112 http fetch GET 200 https://registry.npmjs.org/multistream 3ms (cache hit)
113 silly fetch manifest node-fetch@^2.6.7
114 http fetch GET 200 https://registry.npmjs.org/node-fetch 4ms (cache hit)
115 silly fetch manifest encoding@^0.1.0
116 http fetch GET 200 https://registry.npmjs.org/encoding 73ms (cache revalidated)
117 silly fetch manifest parse-ms@^3.0.0
118 http fetch GET 200 https://registry.npmjs.org/parse-ms 4ms (cache hit)
119 silly fetch manifest path@^0.12.7
120 http fetch GET 200 https://registry.npmjs.org/path 3ms (cache hit)
121 silly fetch manifest process-nextick-args@^2.0.1
122 http fetch GET 200 https://registry.npmjs.org/process-nextick-args 4ms (cache hit)
123 silly fetch manifest protobufs@^0.1.0
124 http fetch GET 200 https://registry.npmjs.org/protobufs 3ms (cache hit)
125 silly fetch manifest protocol-buffers@^2.6.1
126 http fetch GET 200 https://registry.npmjs.org/protocol-buffers 4ms (cache hit)
127 silly fetch manifest remove.bg@^1.3.0
128 http fetch GET 200 https://registry.npmjs.org/remove.bg 8ms (cache hit)
129 silly fetch manifest request@^2.88.2
130 http fetch GET 200 https://registry.npmjs.org/request 5ms (cache hit)
131 silly fetch manifest spinnies@^0.5.1
132 http fetch GET 200 https://registry.npmjs.org/spinnies 8ms (cache hit)
133 silly fetch manifest textmaker-thiccy@^1.3.1
134 http fetch GET 200 https://registry.npmjs.org/textmaker-thiccy 4ms (cache hit)
135 silly fetch manifest util@^0.12.4
136 http fetch GET 200 https://registry.npmjs.org/util 5ms (cache hit)
137 silly fetch manifest ws@^8.5.0
138 http fetch GET 200 https://registry.npmjs.org/ws 4ms (cache hit)
139 silly fetch manifest bufferutil@^4.0.1
140 http fetch GET 200 https://registry.npmjs.org/bufferutil 43ms (cache revalidated)
141 silly fetch manifest utf-8-validate@>=5.0.2
142 http fetch GET 200 https://registry.npmjs.org/utf-8-validate 29ms (cache revalidated)
143 silly fetch manifest xfarr-api@^1.0.3
144 http fetch GET 200 https://registry.npmjs.org/xfarr-api 3ms (cache hit)
145 silly fetch manifest yt-search@^2.10.2
146 http fetch GET 200 https://registry.npmjs.org/yt-search 2ms (cache hit)
147 silly fetch manifest yts@^2.0.0
148 http fetch GET 200 https://registry.npmjs.org/yts 3ms (cache hit)
149 silly placeDep ROOT @adiwajshing/baileys@ OK for: Aleatory-MD@1.0.0 want: github:adiwajshing/baileys
150 silly placeDep ROOT @adiwajshing/keyed-db@0.2.4 OK for: Aleatory-MD@1.0.0 want: ^0.2.4
151 silly placeDep ROOT async@3.2.4 OK for: Aleatory-MD@1.0.0 want: ^3.2.3
152 silly placeDep ROOT awesome-phonenumber@2.73.0 OK for: Aleatory-MD@1.0.0 want: ^2.69.0
153 silly placeDep ROOT axios@0.21.4 OK for: Aleatory-MD@1.0.0 want: ^0.21.1
154 silly placeDep ROOT cfonts@2.10.1 OK for: Aleatory-MD@1.0.0 want: ^2.10.0
155 silly placeDep ROOT chalk@4.1.2 OK for: Aleatory-MD@1.0.0 want: ^4.1.2
156 silly placeDep ROOT cheerio@1.0.0-rc.12 OK for: Aleatory-MD@1.0.0 want: ^1.0.0-rc.10
157 silly placeDep ROOT child_process@1.0.2 OK for: Aleatory-MD@1.0.0 want: ^1.0.2
158 silly placeDep ROOT chokidar@3.5.3 OK for: Aleatory-MD@1.0.0 want: ^3.5.3
159 silly placeDep ROOT colors@1.4.0 OK for: Aleatory-MD@1.0.0 want: ^1.4.0
160 silly placeDep ROOT cookie@0.4.2 OK for: Aleatory-MD@1.0.0 want: ^0.4.1
161 silly placeDep ROOT crypto@1.0.1 OK for: Aleatory-MD@1.0.0 want: ^1.0.1
162 silly placeDep ROOT emoji-api@2.0.1 OK for: Aleatory-MD@1.0.0 want: ^2.0.1
163 silly placeDep ROOT emoji-regex@10.2.1 OK for: Aleatory-MD@1.0.0 want: ^10.0.0
164 silly placeDep ROOT emoji-unicode@2.0.1 OK for: Aleatory-MD@1.0.0 want: ^2.0.1
165 silly placeDep ROOT encodeurl@1.0.2 OK for: Aleatory-MD@1.0.0 want: ^1.0.2
166 silly placeDep ROOT escape-string-regexp@1.0.5 OK for: Aleatory-MD@1.0.0 want: ^1.0.5
167 silly placeDep ROOT fake-useragent@1.0.1 OK for: Aleatory-MD@1.0.0 want: ^1.0.1
168 silly placeDep ROOT file-type@16.5.4 OK for: Aleatory-MD@1.0.0 want: ^16.5.3
169 silly placeDep ROOT fluent-ffmpeg@2.1.2 OK for: Aleatory-MD@1.0.0 want: ^2.1.2
170 silly placeDep ROOT form-data@4.0.0 OK for: Aleatory-MD@1.0.0 want: ^4.0.0
171 silly placeDep ROOT fs-extra@10.1.0 OK for: Aleatory-MD@1.0.0 want: ^10.0.1
172 silly placeDep ROOT got@12.6.1 OK for: Aleatory-MD@1.0.0 want: ^12.0.1
173 silly placeDep ROOT hxz-api@1.0.1 OK for: Aleatory-MD@1.0.0 want: ^1.0.1
174 silly placeDep ROOT image-to-base64@2.2.0 OK for: Aleatory-MD@1.0.0 want: ^2.2.0
175 silly placeDep ROOT imagemagick@0.1.3 OK for: Aleatory-MD@1.0.0 want: ^0.1.3
176 silly placeDep ROOT imgbb-uploader@1.5.1 OK for: Aleatory-MD@1.0.0 want: ^1.3.5
177 silly placeDep ROOT isarray@2.0.5 OK for: Aleatory-MD@1.0.0 want: ^2.0.5
178 silly placeDep ROOT jpeg-js@0.4.4 OK for: Aleatory-MD@1.0.0 want: ^0.4.3
179 silly placeDep ROOT jsdom@19.0.0 OK for: Aleatory-MD@1.0.0 want: ^19.0.0
180 silly placeDep ROOT linkifyjs@3.0.5 OK for: Aleatory-MD@1.0.0 want: ^3.0.5
181 silly placeDep ROOT lolis.life@4.0.0 OK for: Aleatory-MD@1.0.0 want: ^4.0.0
182 silly placeDep ROOT mime@3.0.0 OK for: Aleatory-MD@1.0.0 want: ^3.0.0
183 silly placeDep ROOT moment-timezone@0.5.43 OK for: Aleatory-MD@1.0.0 want: ^0.5.34
184 silly placeDep ROOT ms@2.1.3 OK for: Aleatory-MD@1.0.0 want: ^2.1.3
185 silly placeDep ROOT multistream@4.1.0 OK for: Aleatory-MD@1.0.0 want: ^4.1.0
186 silly placeDep ROOT node-fetch@2.7.0 OK for: Aleatory-MD@1.0.0 want: ^2.6.7
187 silly placeDep ROOT parse-ms@3.0.0 OK for: Aleatory-MD@1.0.0 want: ^3.0.0
188 silly placeDep ROOT path@0.12.7 OK for: Aleatory-MD@1.0.0 want: ^0.12.7
189 silly placeDep ROOT process-nextick-args@2.0.1 OK for: Aleatory-MD@1.0.0 want: ^2.0.1
190 silly placeDep ROOT protobufs@0.1.0 OK for: Aleatory-MD@1.0.0 want: ^0.1.0
191 silly placeDep ROOT protocol-buffers@2.7.0 OK for: protobufs@0.1.0 want: ^2.6.1
192 silly placeDep ROOT qrcode-terminal@0.12.0 OK for: Aleatory-MD@1.0.0 want: ^0.12.0
193 silly placeDep ROOT qs@6.11.2 OK for: Aleatory-MD@1.0.0 want: ^6.10.3
194 silly placeDep ROOT remove.bg@1.3.0 OK for: Aleatory-MD@1.0.0 want: ^1.3.0
195 silly placeDep ROOT request@2.88.2 OK for: Aleatory-MD@1.0.0 want: ^2.88.2
196 silly placeDep ROOT spinnies@0.5.1 OK for: Aleatory-MD@1.0.0 want: ^0.5.1
197 silly placeDep ROOT textmaker-thiccy@1.3.1 OK for: Aleatory-MD@1.0.0 want: ^1.3.1
198 silly placeDep ROOT util@0.12.5 OK for: Aleatory-MD@1.0.0 want: ^0.12.4
199 silly placeDep ROOT ws@8.13.0 OK for: Aleatory-MD@1.0.0 want: ^8.5.0
200 silly placeDep ROOT xfarr-api@1.0.3 OK for: Aleatory-MD@1.0.0 want: ^1.0.3
201 silly placeDep ROOT yt-search@2.10.4 OK for: Aleatory-MD@1.0.0 want: ^2.10.2
202 silly placeDep ROOT yts@2.0.1 OK for: Aleatory-MD@1.0.0 want: ^2.0.0
203 silly fetch manifest follow-redirects@^1.14.0
204 silly fetch manifest window-size@^1.1.1
205 silly fetch manifest ansi-styles@^4.1.0
206 silly fetch manifest supports-color@^7.1.0
207 silly fetch manifest cheerio-select@^2.1.0
208 silly fetch manifest dom-serializer@^2.0.0
209 silly fetch manifest domhandler@^5.0.3
210 silly fetch manifest domutils@^3.0.1
211 silly fetch manifest htmlparser2@^8.0.1
212 silly fetch manifest parse5@^7.0.0
213 silly fetch manifest parse5-htmlparser2-tree-adapter@^7.0.0
214 silly fetch manifest anymatch@~3.1.2
215 silly fetch manifest braces@~3.0.2
216 silly fetch manifest glob-parent@~5.1.2
217 silly fetch manifest is-binary-path@~2.1.0
218 silly fetch manifest is-glob@~4.0.1
219 silly fetch manifest normalize-path@~3.0.0
220 silly fetch manifest readdirp@~3.6.0
221 silly fetch manifest fsevents@~2.3.2
222 silly fetch manifest jsdom@^17.0.0
223 silly fetch manifest readable-web-to-node-stream@^3.0.0
224 silly fetch manifest strtok3@^6.2.4
225 silly fetch manifest token-types@^4.1.1
226 silly fetch manifest which@^1.1.1
227 silly fetch manifest asynckit@^0.4.0
228 silly fetch manifest combined-stream@^1.0.8
229 silly fetch manifest mime-types@^2.1.12
230 silly fetch manifest graceful-fs@^4.2.0
231 silly fetch manifest jsonfile@^6.0.1
232 silly fetch manifest universalify@^2.0.0
233 silly fetch manifest @sindresorhus/is@^5.2.0
234 silly fetch manifest @szmarczak/http-timer@^5.0.1
235 silly fetch manifest cacheable-lookup@^7.0.0
236 silly fetch manifest cacheable-request@^10.2.8
237 silly fetch manifest decompress-response@^6.0.0
238 silly fetch manifest form-data-encoder@^2.1.2
239 silly fetch manifest get-stream@^6.0.1
240 silly fetch manifest http2-wrapper@^2.1.10
241 silly fetch manifest lowercase-keys@^3.0.0
242 silly fetch manifest p-cancelable@^3.0.0
243 silly fetch manifest responselike@^3.0.0
244 silly fetch manifest abab@^2.0.5
245 silly fetch manifest acorn@^8.5.0
246 silly fetch manifest acorn-globals@^6.0.0
247 silly fetch manifest cssom@^0.5.0
248 silly fetch manifest cssstyle@^2.3.0
249 silly fetch manifest data-urls@^3.0.1
250 silly fetch manifest decimal.js@^10.3.1
251 silly fetch manifest domexception@^4.0.0
252 silly fetch manifest escodegen@^2.0.0
253 silly fetch manifest html-encoding-sniffer@^3.0.0
254 silly fetch manifest http-proxy-agent@^5.0.0
255 silly fetch manifest https-proxy-agent@^5.0.0
256 silly fetch manifest is-potential-custom-element-name@^1.0.1
257 silly fetch manifest nwsapi@^2.2.0
258 silly fetch manifest parse5@6.0.1
259 silly fetch manifest saxes@^5.0.1
260 silly fetch manifest symbol-tree@^3.2.4
261 silly fetch manifest tough-cookie@^4.0.0
262 silly fetch manifest w3c-hr-time@^1.0.2
263 silly fetch manifest w3c-xmlserializer@^3.0.0
264 silly fetch manifest webidl-conversions@^7.0.0
265 silly fetch manifest whatwg-encoding@^2.0.0
266 silly fetch manifest whatwg-mimetype@^3.0.0
267 silly fetch manifest whatwg-url@^10.0.0
268 silly fetch manifest xml-name-validator@^4.0.0
269 silly fetch manifest moment@^2.29.4
270 silly fetch manifest once@^1.4.0
271 silly fetch manifest readable-stream@^3.6.0
272 silly fetch manifest whatwg-url@^5.0.0
273 silly fetch manifest process@^0.11.1
274 silly fetch manifest util@^0.10.3
275 silly fetch manifest generate-function@^2.0.0
276 silly fetch manifest generate-object-property@^1.1.0
277 silly fetch manifest protobuf-schema@^1.5.0
278 silly fetch manifest resolve-protobuf-schema@^1.0.2
279 silly fetch manifest signed-varint@^2.0.0
280 silly fetch manifest varint@^4.0.0
281 silly fetch manifest side-channel@^1.0.4
282 silly fetch manifest unirest@~0.6.0
283 silly fetch manifest aws-sign2@~0.7.0
284 silly fetch manifest aws4@^1.8.0
285 silly fetch manifest caseless@~0.12.0
286 silly fetch manifest combined-stream@~1.0.6
287 silly fetch manifest extend@~3.0.2
288 silly fetch manifest forever-agent@~0.6.1
289 silly fetch manifest form-data@~2.3.2
290 silly fetch manifest har-validator@~5.1.3
291 silly fetch manifest http-signature@~1.2.0
292 silly fetch manifest is-typedarray@~1.0.0
293 silly fetch manifest isstream@~0.1.2
294 silly fetch manifest json-stringify-safe@~5.0.1
295 silly fetch manifest mime-types@~2.1.19
296 silly fetch manifest oauth-sign@~0.9.0
297 silly fetch manifest performance-now@^2.1.0
298 silly fetch manifest qs@~6.5.2
299 silly fetch manifest safe-buffer@^5.1.2
300 silly fetch manifest tough-cookie@~2.5.0
301 silly fetch manifest tunnel-agent@^0.6.0
302 silly fetch manifest uuid@^3.3.2
303 silly fetch manifest chalk@^2.4.2
304 silly fetch manifest cli-cursor@^3.0.0
305 silly fetch manifest strip-ansi@^5.2.0
306 silly fetch manifest inherits@^2.0.3
307 silly fetch manifest is-arguments@^1.0.4
308 silly fetch manifest is-generator-function@^1.0.7
309 silly fetch manifest is-typed-array@^1.1.3
310 silly fetch manifest which-typed-array@^1.1.2
311 silly fetch manifest async.parallellimit@~0.5.2
312 silly fetch manifest boolstring@~1.0.2
313 silly fetch manifest dasu@~0.4.3
314 silly fetch manifest human-time@0.0.2
315 silly fetch manifest jsonpath-plus@~5.0.2
316 silly fetch manifest minimist@~1.2.5
317 silly fetch manifest node-fzf@~0.5.1
318 http fetch GET 200 https://registry.npmjs.org/ansi-styles 448ms (cache hit)
319 http fetch GET 200 https://registry.npmjs.org/supports-color 450ms (cache hit)
320 http fetch GET 200 https://registry.npmjs.org/window-size 452ms (cache hit)
321 http fetch GET 200 https://registry.npmjs.org/domhandler 449ms (cache hit)
322 http fetch GET 200 https://registry.npmjs.org/parse5 448ms (cache hit)
323 http fetch GET 200 https://registry.npmjs.org/anymatch 448ms (cache hit)
324 http fetch GET 200 https://registry.npmjs.org/follow-redirects 456ms (cache hit)
325 http fetch GET 200 https://registry.npmjs.org/braces 450ms (cache hit)
326 http fetch GET 200 https://registry.npmjs.org/glob-parent 449ms (cache hit)
327 http fetch GET 200 https://registry.npmjs.org/is-binary-path 450ms (cache hit)
328 http fetch GET 200 https://registry.npmjs.org/is-glob 449ms (cache hit)
329 http fetch GET 200 https://registry.npmjs.org/readdirp 449ms (cache hit)
330 http fetch GET 200 https://registry.npmjs.org/fsevents 450ms (cache hit)
331 http fetch GET 200 https://registry.npmjs.org/cheerio-select 458ms (cache hit)
332 http fetch GET 200 https://registry.npmjs.org/htmlparser2 456ms (cache hit)
333 http fetch GET 200 https://registry.npmjs.org/strtok3 453ms (cache hit)
334 http fetch GET 200 https://registry.npmjs.org/normalize-path 458ms (cache hit)
335 http fetch GET 200 https://registry.npmjs.org/combined-stream 453ms (cache hit)
336 http fetch GET 200 https://registry.npmjs.org/token-types 456ms (cache hit)
337 http fetch GET 200 https://registry.npmjs.org/mime-types 455ms (cache hit)
338 http fetch GET 200 https://registry.npmjs.org/graceful-fs 455ms (cache hit)
339 http fetch GET 200 https://registry.npmjs.org/which 459ms (cache hit)
340 http fetch GET 200 https://registry.npmjs.org/@sindresorhus%2fis 456ms (cache hit)
341 http fetch GET 200 https://registry.npmjs.org/@szmarczak%2fhttp-timer 457ms (cache hit)
342 http fetch GET 200 https://registry.npmjs.org/decompress-response 457ms (cache hit)
343 http fetch GET 200 https://registry.npmjs.org/cacheable-request 458ms (cache hit)
344 http fetch GET 200 https://registry.npmjs.org/asynckit 463ms (cache hit)
345 http fetch GET 200 https://registry.npmjs.org/dom-serializer 473ms (cache hit)
346 http fetch GET 200 https://registry.npmjs.org/get-stream 456ms (cache hit)
347 http fetch GET 200 https://registry.npmjs.org/form-data-encoder 458ms (cache hit)
348 http fetch GET 200 https://registry.npmjs.org/http2-wrapper 457ms (cache hit)
349 http fetch GET 200 https://registry.npmjs.org/cacheable-lookup 463ms (cache hit)
350 http fetch GET 200 https://registry.npmjs.org/lowercase-keys 460ms (cache hit)
351 http fetch GET 200 https://registry.npmjs.org/responselike 458ms (cache hit)
352 http fetch GET 200 https://registry.npmjs.org/universalify 467ms (cache hit)
353 http fetch GET 200 https://registry.npmjs.org/p-cancelable 459ms (cache hit)
354 http fetch GET 200 https://registry.npmjs.org/jsonfile 469ms (cache hit)
355 http fetch GET 200 https://registry.npmjs.org/acorn-globals 458ms (cache hit)
356 http fetch GET 200 https://registry.npmjs.org/abab 459ms (cache hit)
357 http fetch GET 200 https://registry.npmjs.org/cssom 460ms (cache hit)
358 http fetch GET 200 https://registry.npmjs.org/acorn 461ms (cache hit)
359 http fetch GET 200 https://registry.npmjs.org/domexception 456ms (cache hit)
360 http fetch GET 200 https://registry.npmjs.org/cssstyle 460ms (cache hit)
361 http fetch GET 200 https://registry.npmjs.org/html-encoding-sniffer 458ms (cache hit)
362 http fetch GET 200 https://registry.npmjs.org/http-proxy-agent 456ms (cache hit)
363 http fetch GET 200 https://registry.npmjs.org/decimal.js 462ms (cache hit)
364 http fetch GET 200 https://registry.npmjs.org/data-urls 464ms (cache hit)
365 http fetch GET 200 https://registry.npmjs.org/saxes 452ms (cache hit)
366 http fetch GET 200 https://registry.npmjs.org/nwsapi 454ms (cache hit)
367 http fetch GET 200 https://registry.npmjs.org/webidl-conversions 450ms (cache hit)
368 http fetch GET 200 https://registry.npmjs.org/whatwg-encoding 449ms (cache hit)
369 http fetch GET 200 https://registry.npmjs.org/w3c-xmlserializer 452ms (cache hit)
370 http fetch GET 200 https://registry.npmjs.org/whatwg-mimetype 448ms (cache hit)
371 http fetch GET 200 https://registry.npmjs.org/whatwg-url 448ms (cache hit)
372 http fetch GET 200 https://registry.npmjs.org/xml-name-validator 448ms (cache hit)
373 http fetch GET 200 https://registry.npmjs.org/symbol-tree 459ms (cache hit)
374 http fetch GET 200 https://registry.npmjs.org/process 444ms (cache hit)
375 http fetch GET 200 https://registry.npmjs.org/generate-function 441ms (cache hit)
376 http fetch GET 200 https://registry.npmjs.org/generate-object-property 440ms (cache hit)
377 http fetch GET 200 https://registry.npmjs.org/domutils 500ms (cache hit)
378 http fetch GET 200 https://registry.npmjs.org/protobuf-schema 441ms (cache hit)
379 http fetch GET 200 https://registry.npmjs.org/varint 436ms (cache hit)
380 http fetch GET 200 https://registry.npmjs.org/side-channel 446ms (cache hit)
381 http fetch GET 200 https://registry.npmjs.org/readable-web-to-node-stream 507ms (cache hit)
382 http fetch GET 200 https://registry.npmjs.org/signed-varint 450ms (cache hit)
383 http fetch GET 200 https://registry.npmjs.org/parse5-htmlparser2-tree-adapter 512ms (cache hit)
384 http fetch GET 200 https://registry.npmjs.org/w3c-hr-time 471ms (cache hit)
385 http fetch GET 200 https://registry.npmjs.org/unirest 446ms (cache hit)
386 http fetch GET 200 https://registry.npmjs.org/once 462ms (cache hit)
387 http fetch GET 200 https://registry.npmjs.org/forever-agent 440ms (cache hit)
388 http fetch GET 200 https://registry.npmjs.org/caseless 441ms (cache hit)
389 http fetch GET 200 https://registry.npmjs.org/extend 440ms (cache hit)
390 http fetch GET 200 https://registry.npmjs.org/moment 463ms (cache hit)
391 http fetch GET 200 https://registry.npmjs.org/readable-stream 463ms (cache hit)
392 http fetch GET 200 https://registry.npmjs.org/aws4 445ms (cache hit)
393 http fetch GET 200 https://registry.npmjs.org/isstream 441ms (cache hit)
394 http fetch GET 200 https://registry.npmjs.org/har-validator 444ms (cache hit)
395 http fetch GET 200 https://registry.npmjs.org/tough-cookie 481ms (cache hit)
396 http fetch GET 200 https://registry.npmjs.org/oauth-sign 440ms (cache hit)
397 http fetch GET 200 https://registry.npmjs.org/json-stringify-safe 441ms (cache hit)
398 http fetch GET 200 https://registry.npmjs.org/cli-cursor 437ms (cache hit)
399 http fetch GET 200 https://registry.npmjs.org/safe-buffer 439ms (cache hit)
400 http fetch GET 200 https://registry.npmjs.org/inherits 436ms (cache hit)
401 http fetch GET 200 https://registry.npmjs.org/strip-ansi 437ms (cache hit)
402 http fetch GET 200 https://registry.npmjs.org/is-arguments 435ms (cache hit)
403 http fetch GET 200 https://registry.npmjs.org/is-typed-array 435ms (cache hit)
404 http fetch GET 200 https://registry.npmjs.org/is-generator-function 435ms (cache hit)
405 http fetch GET 200 https://registry.npmjs.org/boolstring 433ms (cache hit)
406 http fetch GET 200 https://registry.npmjs.org/async.parallellimit 433ms (cache hit)
407 http fetch GET 200 https://registry.npmjs.org/performance-now 443ms (cache hit)
408 http fetch GET 200 https://registry.npmjs.org/which-typed-array 435ms (cache hit)
409 http fetch GET 200 https://registry.npmjs.org/minimist 431ms (cache hit)
410 http fetch GET 200 https://registry.npmjs.org/dasu 434ms (cache hit)
411 http fetch GET 200 https://registry.npmjs.org/node-fzf 432ms (cache hit)
412 http fetch GET 200 https://registry.npmjs.org/human-time 434ms (cache hit)
413 http fetch GET 200 https://registry.npmjs.org/is-typedarray 449ms (cache hit)
414 http fetch GET 200 https://registry.npmjs.org/jsonpath-plus 434ms (cache hit)
415 http fetch GET 200 https://registry.npmjs.org/is-potential-custom-element-name 493ms (cache hit)
416 http fetch GET 200 https://registry.npmjs.org/http-signature 451ms (cache hit)
417 http fetch GET 200 https://registry.npmjs.org/escodegen 501ms (cache hit)
418 http fetch GET 200 https://registry.npmjs.org/resolve-protobuf-schema 469ms (cache hit)
419 http fetch GET 200 https://registry.npmjs.org/aws-sign2 461ms (cache hit)
420 http fetch GET 200 https://registry.npmjs.org/tunnel-agent 447ms (cache hit)
421 http fetch GET 200 https://registry.npmjs.org/https-proxy-agent 498ms (cache hit)
422 http fetch GET 200 https://registry.npmjs.org/uuid 448ms (cache hit)
423 timing idealTree:#root Completed in 1371ms
424 timing idealTree:node_modules/@adiwajshing/baileys Completed in 0ms
425 timing idealTree:node_modules/@adiwajshing/keyed-db Completed in 0ms
426 timing idealTree:node_modules/async Completed in 0ms
427 timing idealTree:node_modules/awesome-phonenumber Completed in 0ms
428 silly placeDep ROOT follow-redirects@1.15.2 OK for: axios@0.21.4 want: ^1.14.0
429 timing idealTree:node_modules/axios Completed in 1ms
430 silly placeDep ROOT window-size@1.1.1 OK for: cfonts@2.10.1 want: ^1.1.1
431 silly fetch manifest define-property@^1.0.0
432 silly fetch manifest is-number@^3.0.0
433 http fetch GET 200 https://registry.npmjs.org/is-number 7ms (cache hit)
434 http fetch GET 200 https://registry.npmjs.org/define-property 7ms (cache hit)
435 timing idealTree:node_modules/cfonts Completed in 9ms
436 silly placeDep ROOT ansi-styles@4.3.0 OK for: chalk@4.1.2 want: ^4.1.0
437 silly placeDep ROOT supports-color@7.2.0 OK for: chalk@4.1.2 want: ^7.1.0
438 silly fetch manifest color-convert@^2.0.1
439 silly fetch manifest has-flag@^4.0.0
440 http fetch GET 200 https://registry.npmjs.org/color-convert 7ms (cache hit)
441 http fetch GET 200 https://registry.npmjs.org/has-flag 7ms (cache hit)
442 timing idealTree:node_modules/chalk Completed in 11ms
443 silly placeDep ROOT color-convert@2.0.1 OK for: ansi-styles@4.3.0 want: ^2.0.1
444 silly fetch manifest color-name@~1.1.4
445 http fetch GET 200 https://registry.npmjs.org/color-name 21ms (cache hit)
446 timing idealTree:node_modules/ansi-styles Completed in 25ms
447 silly placeDep ROOT cheerio-select@2.1.0 OK for: cheerio@1.0.0-rc.12 want: ^2.1.0
448 silly placeDep ROOT dom-serializer@2.0.0 OK for: cheerio@1.0.0-rc.12 want: ^2.0.0
449 silly placeDep ROOT domhandler@5.0.3 OK for: cheerio@1.0.0-rc.12 want: ^5.0.3
450 silly placeDep ROOT domutils@3.1.0 OK for: cheerio@1.0.0-rc.12 want: ^3.0.1
451 silly placeDep ROOT htmlparser2@8.0.2 OK for: cheerio@1.0.0-rc.12 want: ^8.0.1
452 silly placeDep ROOT parse5@7.1.2 OK for: cheerio@1.0.0-rc.12 want: ^7.0.0
453 silly placeDep ROOT parse5-htmlparser2-tree-adapter@7.0.0 OK for: cheerio@1.0.0-rc.12 want: ^7.0.0
454 silly fetch manifest boolbase@^1.0.0
455 silly fetch manifest css-select@^5.1.0
456 silly fetch manifest css-what@^6.1.0
457 silly fetch manifest domelementtype@^2.3.0
458 silly fetch manifest entities@^4.2.0
459 silly fetch manifest entities@^4.4.0
460 http fetch GET 200 https://registry.npmjs.org/boolbase 34ms (cache hit)
461 http fetch GET 200 https://registry.npmjs.org/css-what 31ms (cache hit)
462 http fetch GET 200 https://registry.npmjs.org/entities 31ms (cache hit)
463 http fetch GET 200 https://registry.npmjs.org/css-select 35ms (cache hit)
464 http fetch GET 200 https://registry.npmjs.org/domelementtype 33ms (cache hit)
465 timing idealTree:node_modules/cheerio Completed in 49ms
466 silly placeDep ROOT boolbase@1.0.0 OK for: cheerio-select@2.1.0 want: ^1.0.0
467 silly placeDep ROOT css-select@5.1.0 OK for: cheerio-select@2.1.0 want: ^5.1.0
468 silly placeDep ROOT css-what@6.1.0 OK for: cheerio-select@2.1.0 want: ^6.1.0
469 silly placeDep ROOT domelementtype@2.3.0 OK for: cheerio-select@2.1.0 want: ^2.3.0
470 silly fetch manifest nth-check@^2.0.1
471 http fetch GET 200 https://registry.npmjs.org/nth-check 5ms (cache hit)
472 timing idealTree:node_modules/cheerio-select Completed in 12ms
473 timing idealTree:node_modules/boolbase Completed in 0ms
474 timing idealTree:node_modules/child_process Completed in 0ms
475 silly placeDep ROOT anymatch@3.1.3 OK for: chokidar@3.5.3 want: ~3.1.2
476 silly placeDep ROOT braces@3.0.2 OK for: chokidar@3.5.3 want: ~3.0.2
477 silly placeDep ROOT fsevents@2.3.3 OK for: chokidar@3.5.3 want: ~2.3.2
478 silly placeDep ROOT glob-parent@5.1.2 OK for: chokidar@3.5.3 want: ~5.1.2
479 silly placeDep ROOT is-binary-path@2.1.0 OK for: chokidar@3.5.3 want: ~2.1.0
480 silly placeDep ROOT is-glob@4.0.3 OK for: chokidar@3.5.3 want: ~4.0.1
481 silly placeDep ROOT normalize-path@3.0.0 OK for: chokidar@3.5.3 want: ~3.0.0
482 silly placeDep ROOT readdirp@3.6.0 OK for: chokidar@3.5.3 want: ~3.6.0
483 silly fetch manifest picomatch@^2.0.4
484 silly fetch manifest fill-range@^7.0.1
485 silly fetch manifest binary-extensions@^2.0.0
486 silly fetch manifest is-extglob@^2.1.1
487 silly fetch manifest picomatch@^2.2.1
488 http fetch GET 200 https://registry.npmjs.org/picomatch 12ms (cache hit)
489 http fetch GET 200 https://registry.npmjs.org/fill-range 13ms (cache hit)
490 http fetch GET 200 https://registry.npmjs.org/binary-extensions 12ms (cache hit)
491 http fetch GET 200 https://registry.npmjs.org/is-extglob 13ms (cache hit)
492 timing idealTree:node_modules/chokidar Completed in 23ms
493 silly placeDep ROOT picomatch@2.3.1 OK for: anymatch@3.1.3 want: ^2.0.4
494 timing idealTree:node_modules/anymatch Completed in 1ms
495 silly placeDep ROOT fill-range@7.0.1 OK for: braces@3.0.2 want: ^7.0.1
496 silly fetch manifest to-regex-range@^5.0.1
497 http fetch GET 200 https://registry.npmjs.org/to-regex-range 7ms (cache hit)
498 timing idealTree:node_modules/braces Completed in 10ms
499 silly placeDep ROOT color-name@1.1.4 OK for: color-convert@2.0.1 want: ~1.1.4
500 timing idealTree:node_modules/color-convert Completed in 0ms
501 timing idealTree:node_modules/color-name Completed in 0ms
502 timing idealTree:node_modules/colors Completed in 0ms
503 timing idealTree:node_modules/cookie Completed in 0ms
504 timing idealTree:node_modules/crypto Completed in 0ms
505 silly placeDep ROOT nth-check@2.1.1 OK for: css-select@5.1.0 want: ^2.0.1
506 timing idealTree:node_modules/css-select Completed in 1ms
507 timing idealTree:node_modules/css-what Completed in 0ms
508 silly placeDep ROOT entities@4.5.0 OK for: dom-serializer@2.0.0 want: ^4.2.0
509 timing idealTree:node_modules/dom-serializer Completed in 1ms
510 timing idealTree:node_modules/domelementtype Completed in 0ms
511 timing idealTree:node_modules/domhandler Completed in 0ms
512 timing idealTree:node_modules/domutils Completed in 0ms
513 silly placeDep node_modules/emoji-api jsdom@17.0.0 OK for: emoji-api@2.0.1 want: ^17.0.0
514 silly fetch manifest acorn@^8.4.1
515 silly fetch manifest data-urls@^3.0.0
516 silly fetch manifest domexception@^2.0.1
517 silly fetch manifest html-encoding-sniffer@^2.0.1
518 silly fetch manifest http-proxy-agent@^4.0.1
519 silly fetch manifest w3c-xmlserializer@^2.0.0
520 silly fetch manifest webidl-conversions@^6.1.0
521 silly fetch manifest whatwg-encoding@^1.0.5
522 silly fetch manifest whatwg-mimetype@^2.3.0
523 silly fetch manifest whatwg-url@^9.0.0
524 silly fetch manifest xml-name-validator@^3.0.0
525 timing idealTree:node_modules/emoji-api Completed in 10ms
526 timing idealTree:node_modules/emoji-regex Completed in 0ms
527 timing idealTree:node_modules/emoji-unicode Completed in 0ms
528 timing idealTree:node_modules/encodeurl Completed in 0ms
529 timing idealTree:node_modules/entities Completed in 0ms
530 timing idealTree:node_modules/escape-string-regexp Completed in 0ms
531 timing idealTree:node_modules/fake-useragent Completed in 0ms
532 silly placeDep ROOT readable-web-to-node-stream@3.0.2 OK for: file-type@16.5.4 want: ^3.0.0
533 silly placeDep ROOT strtok3@6.3.0 OK for: file-type@16.5.4 want: ^6.2.4
534 silly placeDep ROOT token-types@4.2.1 OK for: file-type@16.5.4 want: ^4.1.1
535 silly fetch manifest @tokenizer/token@^0.3.0
536 silly fetch manifest peek-readable@^4.1.0
537 silly fetch manifest ieee754@^1.2.1
538 http fetch GET 200 https://registry.npmjs.org/ieee754 5ms (cache hit)
539 http fetch GET 200 https://registry.npmjs.org/@tokenizer%2ftoken 7ms (cache hit)
540 http fetch GET 200 https://registry.npmjs.org/peek-readable 6ms (cache hit)
541 timing idealTree:node_modules/file-type Completed in 29ms
542 silly placeDep ROOT to-regex-range@5.0.1 OK for: fill-range@7.0.1 want: ^5.0.1
543 silly fetch manifest is-number@^7.0.0
544 timing idealTree:node_modules/fill-range Completed in 1ms
545 silly placeDep ROOT which@1.3.1 OK for: fluent-ffmpeg@2.1.2 want: ^1.1.1
546 silly fetch manifest isexe@^2.0.0
547 http fetch GET 200 https://registry.npmjs.org/isexe 5ms (cache hit)
548 timing idealTree:node_modules/fluent-ffmpeg Completed in 7ms
549 timing idealTree:node_modules/follow-redirects Completed in 0ms
550 silly placeDep ROOT asynckit@0.4.0 OK for: form-data@4.0.0 want: ^0.4.0
551 silly placeDep ROOT combined-stream@1.0.8 OK for: form-data@4.0.0 want: ^1.0.8
552 silly placeDep ROOT mime-types@2.1.35 OK for: form-data@4.0.0 want: ^2.1.12
553 silly fetch manifest delayed-stream@~1.0.0
554 silly fetch manifest mime-db@1.52.0
555 http fetch GET 200 https://registry.npmjs.org/mime-db 6ms (cache hit)
556 http fetch GET 200 https://registry.npmjs.org/delayed-stream 6ms (cache hit)
557 timing idealTree:node_modules/form-data Completed in 20ms
558 timing idealTree:node_modules/asynckit Completed in 0ms
559 silly placeDep ROOT delayed-stream@1.0.0 OK for: combined-stream@1.0.8 want: ~1.0.0
560 timing idealTree:node_modules/combined-stream Completed in 0ms
561 timing idealTree:node_modules/delayed-stream Completed in 0ms
562 silly placeDep ROOT graceful-fs@4.2.11 OK for: fs-extra@10.1.0 want: ^4.2.0
563 silly placeDep ROOT jsonfile@6.1.0 OK for: fs-extra@10.1.0 want: ^6.0.1
564 silly placeDep ROOT universalify@2.0.0 OK for: fs-extra@10.1.0 want: ^2.0.0
565 timing idealTree:node_modules/fs-extra Completed in 4ms
566 timing idealTree:node_modules/fsevents Completed in 0ms
567 timing idealTree:node_modules/glob-parent Completed in 0ms
568 silly placeDep ROOT @sindresorhus/is@5.6.0 OK for: got@12.6.1 want: ^5.2.0
569 silly placeDep ROOT @szmarczak/http-timer@5.0.1 OK for: got@12.6.1 want: ^5.0.1
570 silly placeDep ROOT cacheable-lookup@7.0.0 OK for: got@12.6.1 want: ^7.0.0
571 silly placeDep ROOT cacheable-request@10.2.13 OK for: got@12.6.1 want: ^10.2.8
572 silly placeDep ROOT decompress-response@6.0.0 OK for: got@12.6.1 want: ^6.0.0
573 silly placeDep ROOT form-data-encoder@2.1.4 OK for: got@12.6.1 want: ^2.1.2
574 silly placeDep ROOT get-stream@6.0.1 OK for: got@12.6.1 want: ^6.0.1
575 silly placeDep ROOT http2-wrapper@2.2.0 OK for: got@12.6.1 want: ^2.1.10
576 silly placeDep ROOT lowercase-keys@3.0.0 OK for: got@12.6.1 want: ^3.0.0
577 silly placeDep ROOT p-cancelable@3.0.0 OK for: got@12.6.1 want: ^3.0.0
578 silly placeDep ROOT responselike@3.0.0 OK for: got@12.6.1 want: ^3.0.0
579 silly fetch manifest defer-to-connect@^2.0.1
580 silly fetch manifest @types/http-cache-semantics@^4.0.1
581 silly fetch manifest http-cache-semantics@^4.1.1
582 silly fetch manifest keyv@^4.5.3
583 silly fetch manifest mimic-response@^4.0.0
584 silly fetch manifest normalize-url@^8.0.0
585 silly fetch manifest mimic-response@^3.1.0
586 silly fetch manifest quick-lru@^5.1.1
587 silly fetch manifest resolve-alpn@^1.2.0
588 http fetch GET 200 https://registry.npmjs.org/@types%2fhttp-cache-semantics 26ms (cache hit)
589 http fetch GET 200 https://registry.npmjs.org/http-cache-semantics 25ms (cache hit)
590 http fetch GET 200 https://registry.npmjs.org/defer-to-connect 27ms (cache hit)
591 http fetch GET 200 https://registry.npmjs.org/keyv 26ms (cache hit)
592 http fetch GET 200 https://registry.npmjs.org/mimic-response 28ms (cache hit)
593 http fetch GET 200 https://registry.npmjs.org/quick-lru 27ms (cache hit)
594 http fetch GET 200 https://registry.npmjs.org/resolve-alpn 26ms (cache hit)
595 http fetch GET 200 https://registry.npmjs.org/normalize-url 29ms (cache hit)
596 timing idealTree:node_modules/got Completed in 44ms
597 timing idealTree:node_modules/@sindresorhus/is Completed in 0ms
598 silly placeDep ROOT defer-to-connect@2.0.1 OK for: @szmarczak/http-timer@5.0.1 want: ^2.0.1
599 timing idealTree:node_modules/@szmarczak/http-timer Completed in 2ms
600 timing idealTree:node_modules/cacheable-lookup Completed in 0ms
601 silly placeDep ROOT @types/http-cache-semantics@4.0.1 OK for: cacheable-request@10.2.13 want: ^4.0.1
602 silly placeDep ROOT http-cache-semantics@4.1.1 OK for: cacheable-request@10.2.13 want: ^4.1.1
603 silly placeDep ROOT keyv@4.5.3 OK for: cacheable-request@10.2.13 want: ^4.5.3
604 silly placeDep ROOT mimic-response@4.0.0 OK for: cacheable-request@10.2.13 want: ^4.0.0
605 silly placeDep ROOT normalize-url@8.0.0 OK for: cacheable-request@10.2.13 want: ^8.0.0
606 silly fetch manifest json-buffer@3.0.1
607 http fetch GET 200 https://registry.npmjs.org/json-buffer 40ms (cache hit)
608 timing idealTree:node_modules/cacheable-request Completed in 48ms
609 timing idealTree:node_modules/@types/http-cache-semantics Completed in 0ms
610 silly placeDep node_modules/decompress-response mimic-response@3.1.0 OK for: decompress-response@6.0.0 want: ^3.1.0
611 timing idealTree:node_modules/decompress-response Completed in 1ms
612 timing idealTree:node_modules/defer-to-connect Completed in 0ms
613 timing idealTree:node_modules/form-data-encoder Completed in 0ms
614 timing idealTree:node_modules/get-stream Completed in 0ms
615 timing idealTree:node_modules/graceful-fs Completed in 0ms
616 timing idealTree:node_modules/htmlparser2 Completed in 0ms
617 timing idealTree:node_modules/http-cache-semantics Completed in 0ms
618 silly placeDep ROOT quick-lru@5.1.1 OK for: http2-wrapper@2.2.0 want: ^5.1.1
619 silly placeDep ROOT resolve-alpn@1.2.1 OK for: http2-wrapper@2.2.0 want: ^1.2.0
620 timing idealTree:node_modules/http2-wrapper Completed in 1ms
621 timing idealTree:node_modules/hxz-api Completed in 0ms
622 timing idealTree:node_modules/image-to-base64 Completed in 0ms
623 timing idealTree:node_modules/imagemagick Completed in 0ms
624 timing idealTree:node_modules/imgbb-uploader Completed in 0ms
625 silly placeDep ROOT binary-extensions@2.2.0 OK for: is-binary-path@2.1.0 want: ^2.0.0
626 timing idealTree:node_modules/is-binary-path Completed in 1ms
627 timing idealTree:node_modules/binary-extensions Completed in 0ms
628 silly placeDep ROOT is-extglob@2.1.1 OK for: is-glob@4.0.3 want: ^2.1.1
629 timing idealTree:node_modules/is-glob Completed in 1ms
630 timing idealTree:node_modules/is-extglob Completed in 0ms
631 timing idealTree:node_modules/isarray Completed in 0ms
632 timing idealTree:node_modules/jpeg-js Completed in 0ms
633 silly placeDep ROOT abab@2.0.6 OK for: jsdom@19.0.0 want: ^2.0.5
634 silly placeDep ROOT acorn@8.10.0 OK for: jsdom@19.0.0 want: ^8.5.0
635 silly placeDep ROOT acorn-globals@6.0.0 OK for: jsdom@19.0.0 want: ^6.0.0
636 silly placeDep ROOT cssom@0.5.0 OK for: jsdom@19.0.0 want: ^0.5.0
637 silly placeDep ROOT cssstyle@2.3.0 OK for: jsdom@19.0.0 want: ^2.3.0
638 silly placeDep ROOT data-urls@3.0.2 OK for: jsdom@19.0.0 want: ^3.0.1
639 silly placeDep ROOT decimal.js@10.4.3 OK for: jsdom@19.0.0 want: ^10.3.1
640 silly placeDep ROOT domexception@4.0.0 OK for: jsdom@19.0.0 want: ^4.0.0
641 silly placeDep ROOT escodegen@2.1.0 OK for: jsdom@19.0.0 want: ^2.0.0
642 silly placeDep ROOT html-encoding-sniffer@3.0.0 OK for: jsdom@19.0.0 want: ^3.0.0
643 silly placeDep ROOT http-proxy-agent@5.0.0 OK for: jsdom@19.0.0 want: ^5.0.0
644 silly placeDep ROOT https-proxy-agent@5.0.1 OK for: jsdom@19.0.0 want: ^5.0.0
645 silly placeDep ROOT is-potential-custom-element-name@1.0.1 OK for: jsdom@19.0.0 want: ^1.0.1
646 silly placeDep ROOT nwsapi@2.2.7 OK for: jsdom@19.0.0 want: ^2.2.0
647 silly placeDep node_modules/jsdom parse5@6.0.1 OK for: jsdom@19.0.0 want: 6.0.1
648 silly placeDep ROOT saxes@5.0.1 OK for: jsdom@19.0.0 want: ^5.0.1
649 silly placeDep ROOT symbol-tree@3.2.4 OK for: jsdom@19.0.0 want: ^3.2.4
650 silly placeDep ROOT tough-cookie@4.1.3 OK for: jsdom@19.0.0 want: ^4.0.0
651 silly placeDep ROOT w3c-hr-time@1.0.2 OK for: jsdom@19.0.0 want: ^1.0.2
652 silly placeDep ROOT w3c-xmlserializer@3.0.0 OK for: jsdom@19.0.0 want: ^3.0.0
653 silly placeDep ROOT webidl-conversions@7.0.0 OK for: jsdom@19.0.0 want: ^7.0.0
654 silly placeDep ROOT whatwg-encoding@2.0.0 OK for: jsdom@19.0.0 want: ^2.0.0
655 silly placeDep ROOT whatwg-mimetype@3.0.0 OK for: jsdom@19.0.0 want: ^3.0.0
656 silly placeDep ROOT whatwg-url@10.0.0 OK for: jsdom@19.0.0 want: ^10.0.0
657 silly placeDep ROOT xml-name-validator@4.0.0 OK for: jsdom@19.0.0 want: ^4.0.0
658 silly fetch manifest acorn@^7.1.1
659 silly fetch manifest acorn-walk@^7.1.1
660 silly fetch manifest cssom@~0.3.6
661 silly fetch manifest whatwg-url@^11.0.0
662 silly fetch manifest estraverse@^5.2.0
663 silly fetch manifest esutils@^2.0.2
664 silly fetch manifest esprima@^4.0.1
665 silly fetch manifest source-map@~0.6.1
666 silly fetch manifest @tootallnate/once@2
667 silly fetch manifest agent-base@6
668 silly fetch manifest debug@4
669 silly fetch manifest xmlchars@^2.2.0
670 silly fetch manifest psl@^1.1.33
671 silly fetch manifest punycode@^2.1.1
672 silly fetch manifest universalify@^0.2.0
673 silly fetch manifest url-parse@^1.5.3
674 silly fetch manifest browser-process-hrtime@^1.0.0
675 silly fetch manifest iconv-lite@0.6.3
676 silly fetch manifest tr46@^3.0.0
677 http fetch GET 200 https://registry.npmjs.org/estraverse 50ms (cache hit)
678 http fetch GET 200 https://registry.npmjs.org/@tootallnate%2fonce 46ms (cache hit)
679 http fetch GET 200 https://registry.npmjs.org/acorn-walk 52ms (cache hit)
680 http fetch GET 200 https://registry.npmjs.org/esprima 51ms (cache hit)
681 http fetch GET 200 https://registry.npmjs.org/esutils 52ms (cache hit)
682 http fetch GET 200 https://registry.npmjs.org/agent-base 47ms (cache hit)
683 http fetch GET 200 https://registry.npmjs.org/iconv-lite 37ms (cache hit)
684 http fetch GET 200 https://registry.npmjs.org/xmlchars 48ms (cache hit)
685 http fetch GET 200 https://registry.npmjs.org/source-map 54ms (cache hit)
686 http fetch GET 200 https://registry.npmjs.org/tr46 39ms (cache hit)
687 http fetch GET 200 https://registry.npmjs.org/debug 52ms (cache hit)
688 http fetch GET 200 https://registry.npmjs.org/psl 50ms (cache hit)
689 http fetch GET 200 https://registry.npmjs.org/browser-process-hrtime 43ms (cache hit)
690 http fetch GET 200 https://registry.npmjs.org/punycode 50ms (cache hit)
691 http fetch GET 200 https://registry.npmjs.org/url-parse 50ms (cache hit)
692 timing idealTree:node_modules/jsdom Completed in 81ms
693 timing idealTree:node_modules/abab Completed in 1ms
694 timing idealTree:node_modules/acorn Completed in 0ms
695 silly placeDep node_modules/acorn-globals acorn@7.4.1 OK for: acorn-globals@6.0.0 want: ^7.1.1
696 silly placeDep ROOT acorn-walk@7.2.0 OK for: acorn-globals@6.0.0 want: ^7.1.1
697 timing idealTree:node_modules/acorn-globals Completed in 4ms
698 timing idealTree:node_modules/acorn-walk Completed in 0ms
699 timing idealTree:node_modules/cssom Completed in 0ms
700 silly placeDep node_modules/cssstyle cssom@0.3.8 OK for: cssstyle@2.3.0 want: ~0.3.6
701 timing idealTree:node_modules/cssstyle Completed in 1ms
702 silly placeDep node_modules/data-urls whatwg-url@11.0.0 OK for: data-urls@3.0.2 want: ^11.0.0
703 timing idealTree:node_modules/data-urls Completed in 1ms
704 timing idealTree:node_modules/decimal.js Completed in 0ms
705 timing idealTree:node_modules/domexception Completed in 0ms
706 silly placeDep ROOT esprima@4.0.1 OK for: escodegen@2.1.0 want: ^4.0.1
707 silly placeDep ROOT estraverse@5.3.0 OK for: escodegen@2.1.0 want: ^5.2.0
708 silly placeDep ROOT esutils@2.0.3 OK for: escodegen@2.1.0 want: ^2.0.2
709 silly placeDep ROOT source-map@0.6.1 OK for: escodegen@2.1.0 want: ~0.6.1
710 timing idealTree:node_modules/escodegen Completed in 3ms
711 timing idealTree:node_modules/esprima Completed in 0ms
712 timing idealTree:node_modules/estraverse Completed in 0ms
713 timing idealTree:node_modules/esutils Completed in 0ms
714 timing idealTree:node_modules/html-encoding-sniffer Completed in 0ms
715 silly placeDep ROOT @tootallnate/once@2.0.0 OK for: http-proxy-agent@5.0.0 want: 2
716 silly placeDep ROOT agent-base@6.0.2 OK for: http-proxy-agent@5.0.0 want: 6
717 silly placeDep ROOT debug@4.3.4 OK for: http-proxy-agent@5.0.0 want: 4
718 silly fetch manifest ms@2.1.2
719 timing idealTree:node_modules/http-proxy-agent Completed in 3ms
720 timing idealTree:node_modules/@tootallnate/once Completed in 0ms
721 timing idealTree:node_modules/agent-base Completed in 0ms
722 silly placeDep node_modules/debug ms@2.1.2 OK for: debug@4.3.4 want: 2.1.2
723 timing idealTree:node_modules/debug Completed in 1ms
724 timing idealTree:node_modules/https-proxy-agent Completed in 0ms
725 timing idealTree:node_modules/is-potential-custom-element-name Completed in 0ms
726 timing idealTree:node_modules/jsonfile Completed in 0ms
727 silly placeDep ROOT json-buffer@3.0.1 OK for: keyv@4.5.3 want: 3.0.1
728 timing idealTree:node_modules/keyv Completed in 1ms
729 timing idealTree:node_modules/json-buffer Completed in 0ms
730 timing idealTree:node_modules/linkifyjs Completed in 0ms
731 timing idealTree:node_modules/lolis.life Completed in 0ms
732 timing idealTree:node_modules/lowercase-keys Completed in 0ms
733 timing idealTree:node_modules/mime Completed in 0ms
734 silly placeDep ROOT mime-db@1.52.0 OK for: mime-types@2.1.35 want: 1.52.0
735 timing idealTree:node_modules/mime-types Completed in 1ms
736 timing idealTree:node_modules/mime-db Completed in 0ms
737 timing idealTree:node_modules/mimic-response Completed in 0ms
738 silly placeDep ROOT moment@2.29.4 OK for: moment-timezone@0.5.43 want: ^2.29.4
739 timing idealTree:node_modules/moment-timezone Completed in 0ms
740 timing idealTree:node_modules/moment Completed in 0ms
741 timing idealTree:node_modules/ms Completed in 0ms
742 silly placeDep ROOT once@1.4.0 OK for: multistream@4.1.0 want: ^1.4.0
743 silly placeDep ROOT readable-stream@3.6.2 OK for: multistream@4.1.0 want: ^3.6.0
744 silly fetch manifest wrappy@1
745 silly fetch manifest string_decoder@^1.1.1
746 silly fetch manifest util-deprecate@^1.0.1
747 http fetch GET 200 https://registry.npmjs.org/string_decoder 8ms (cache hit)
748 http fetch GET 200 https://registry.npmjs.org/wrappy 9ms (cache hit)
749 http fetch GET 200 https://registry.npmjs.org/util-deprecate 9ms (cache hit)
750 timing idealTree:node_modules/multistream Completed in 12ms
751 silly placeDep node_modules/node-fetch whatwg-url@5.0.0 OK for: node-fetch@2.7.0 want: ^5.0.0
752 silly fetch manifest tr46@~0.0.3
753 silly fetch manifest webidl-conversions@^3.0.0
754 timing idealTree:node_modules/node-fetch Completed in 2ms
755 timing idealTree:node_modules/normalize-path Completed in 0ms
756 timing idealTree:node_modules/normalize-url Completed in 0ms
757 timing idealTree:node_modules/nth-check Completed in 0ms
758 timing idealTree:node_modules/nwsapi Completed in 0ms
759 silly placeDep ROOT wrappy@1.0.2 OK for: once@1.4.0 want: 1
760 timing idealTree:node_modules/once Completed in 1ms
761 timing idealTree:node_modules/p-cancelable Completed in 0ms
762 timing idealTree:node_modules/parse-ms Completed in 0ms
763 timing idealTree:node_modules/parse5 Completed in 0ms
764 timing idealTree:node_modules/parse5-htmlparser2-tree-adapter Completed in 0ms
765 silly placeDep ROOT process@0.11.10 OK for: path@0.12.7 want: ^0.11.1
766 silly placeDep node_modules/path util@0.10.4 OK for: path@0.12.7 want: ^0.10.3
767 silly fetch manifest inherits@2.0.3
768 timing idealTree:node_modules/path Completed in 1ms
769 timing idealTree:node_modules/picomatch Completed in 0ms
770 timing idealTree:node_modules/process Completed in 0ms
771 timing idealTree:node_modules/process-nextick-args Completed in 0ms
772 timing idealTree:node_modules/protobufs Completed in 0ms
773 silly placeDep ROOT generate-function@2.3.1 OK for: protocol-buffers@2.7.0 want: ^2.0.0
774 silly placeDep ROOT generate-object-property@1.2.0 OK for: protocol-buffers@2.7.0 want: ^1.1.0
775 silly placeDep ROOT protobuf-schema@1.5.1 OK for: protocol-buffers@2.7.0 want: ^1.5.0
776 silly placeDep ROOT resolve-protobuf-schema@1.0.2 OK for: protocol-buffers@2.7.0 want: ^1.0.2
777 silly placeDep ROOT signed-varint@2.0.1 OK for: protocol-buffers@2.7.0 want: ^2.0.0
778 silly placeDep ROOT varint@4.0.1 OK for: protocol-buffers@2.7.0 want: ^4.0.0
779 silly fetch manifest is-property@^1.0.2
780 silly fetch manifest is-property@^1.0.0
781 silly fetch manifest varint@~5.0.0
782 http fetch GET 200 https://registry.npmjs.org/is-property 4ms (cache hit)
783 timing idealTree:node_modules/protocol-buffers Completed in 8ms
784 silly placeDep ROOT is-property@1.0.2 OK for: generate-function@2.3.1 want: ^1.0.2
785 timing idealTree:node_modules/generate-function Completed in 1ms
786 timing idealTree:node_modules/generate-object-property Completed in 0ms
787 timing idealTree:node_modules/is-property Completed in 0ms
788 timing idealTree:node_modules/protobuf-schema Completed in 0ms
789 timing idealTree:node_modules/qrcode-terminal Completed in 0ms
790 silly placeDep ROOT side-channel@1.0.4 OK for: qs@6.11.2 want: ^1.0.4
791 silly fetch manifest call-bind@^1.0.0
792 silly fetch manifest get-intrinsic@^1.0.2
793 silly fetch manifest object-inspect@^1.9.0
794 http fetch GET 200 https://registry.npmjs.org/get-intrinsic 12ms (cache hit)
795 http fetch GET 200 https://registry.npmjs.org/call-bind 15ms (cache hit)
796 http fetch GET 200 https://registry.npmjs.org/object-inspect 13ms (cache hit)
797 timing idealTree:node_modules/qs Completed in 30ms
798 timing idealTree:node_modules/quick-lru Completed in 0ms
799 silly placeDep ROOT inherits@2.0.4 OK for: readable-stream@3.6.2 want: ^2.0.3
800 silly placeDep ROOT string_decoder@1.3.0 OK for: readable-stream@3.6.2 want: ^1.1.1
801 silly placeDep ROOT util-deprecate@1.0.2 OK for: readable-stream@3.6.2 want: ^1.0.1
802 silly fetch manifest safe-buffer@~5.2.0
803 timing idealTree:node_modules/readable-stream Completed in 3ms
804 timing idealTree:node_modules/inherits Completed in 0ms
805 timing idealTree:node_modules/readable-web-to-node-stream Completed in 0ms
806 timing idealTree:node_modules/readdirp Completed in 0ms
807 silly placeDep ROOT unirest@0.6.0 OK for: remove.bg@1.3.0 want: ~0.6.0
808 silly fetch manifest form-data@^0.2.0
809 silly fetch manifest mime@^2.4.0
810 timing idealTree:node_modules/remove.bg Completed in 3ms
811 silly placeDep ROOT aws-sign2@0.7.0 OK for: request@2.88.2 want: ~0.7.0
812 silly placeDep ROOT aws4@1.12.0 OK for: request@2.88.2 want: ^1.8.0
813 silly placeDep ROOT caseless@0.12.0 OK for: request@2.88.2 want: ~0.12.0
814 silly placeDep ROOT extend@3.0.2 OK for: request@2.88.2 want: ~3.0.2
815 silly placeDep ROOT forever-agent@0.6.1 OK for: request@2.88.2 want: ~0.6.1
816 silly placeDep node_modules/request form-data@2.3.3 OK for: request@2.88.2 want: ~2.3.2
817 silly placeDep ROOT har-validator@5.1.5 OK for: request@2.88.2 want: ~5.1.3
818 silly placeDep ROOT http-signature@1.2.0 OK for: request@2.88.2 want: ~1.2.0
819 silly placeDep ROOT is-typedarray@1.0.0 OK for: request@2.88.2 want: ~1.0.0
820 silly placeDep ROOT isstream@0.1.2 OK for: request@2.88.2 want: ~0.1.2
821 silly placeDep ROOT json-stringify-safe@5.0.1 OK for: request@2.88.2 want: ~5.0.1
822 silly placeDep ROOT oauth-sign@0.9.0 OK for: request@2.88.2 want: ~0.9.0
823 silly placeDep ROOT performance-now@2.1.0 OK for: request@2.88.2 want: ^2.1.0
824 silly placeDep node_modules/request qs@6.5.3 OK for: request@2.88.2 want: ~6.5.2
825 silly placeDep ROOT safe-buffer@5.2.1 OK for: request@2.88.2 want: ^5.1.2
826 silly placeDep node_modules/request tough-cookie@2.5.0 OK for: request@2.88.2 want: ~2.5.0
827 silly placeDep ROOT tunnel-agent@0.6.0 OK for: request@2.88.2 want: ^0.6.0
828 silly placeDep ROOT uuid@3.4.0 OK for: request@2.88.2 want: ^3.3.2
829 silly fetch manifest ajv@^6.12.3
830 silly fetch manifest har-schema@^2.0.0
831 silly fetch manifest assert-plus@^1.0.0
832 silly fetch manifest jsprim@^1.2.2
833 silly fetch manifest sshpk@^1.7.0
834 silly fetch manifest psl@^1.1.28
835 http fetch GET 200 https://registry.npmjs.org/har-schema 38ms (cache hit)
836 http fetch GET 200 https://registry.npmjs.org/assert-plus 38ms (cache hit)
837 http fetch GET 200 https://registry.npmjs.org/jsprim 36ms (cache hit)
838 http fetch GET 200 https://registry.npmjs.org/ajv 41ms (cache hit)
839 http fetch GET 200 https://registry.npmjs.org/sshpk 74ms (cache hit)
840 timing idealTree:node_modules/request Completed in 101ms
841 timing idealTree:node_modules/aws-sign2 Completed in 0ms
842 timing idealTree:node_modules/aws4 Completed in 0ms
843 timing idealTree:node_modules/caseless Completed in 0ms
844 timing idealTree:node_modules/extend Completed in 0ms
845 timing idealTree:node_modules/forever-agent Completed in 0ms
846 silly placeDep ROOT ajv@6.12.6 OK for: har-validator@5.1.5 want: ^6.12.3
847 silly placeDep ROOT har-schema@2.0.0 OK for: har-validator@5.1.5 want: ^2.0.0
848 silly fetch manifest fast-deep-equal@^3.1.1
849 silly fetch manifest fast-json-stable-stringify@^2.0.0
850 silly fetch manifest json-schema-traverse@^0.4.1
851 silly fetch manifest uri-js@^4.2.2
852 http fetch GET 200 https://registry.npmjs.org/fast-json-stable-stringify 27ms (cache hit)
853 http fetch GET 200 https://registry.npmjs.org/json-schema-traverse 26ms (cache hit)
854 http fetch GET 200 https://registry.npmjs.org/uri-js 27ms (cache hit)
855 http fetch GET 200 https://registry.npmjs.org/fast-deep-equal 29ms (cache hit)
856 timing idealTree:node_modules/har-validator Completed in 31ms
857 silly placeDep ROOT fast-deep-equal@3.1.3 OK for: ajv@6.12.6 want: ^3.1.1
858 silly placeDep ROOT fast-json-stable-stringify@2.1.0 OK for: ajv@6.12.6 want: ^2.0.0
859 silly placeDep ROOT json-schema-traverse@0.4.1 OK for: ajv@6.12.6 want: ^0.4.1
860 silly placeDep ROOT uri-js@4.4.1 OK for: ajv@6.12.6 want: ^4.2.2
861 silly fetch manifest punycode@^2.1.0
862 timing idealTree:node_modules/ajv Completed in 4ms
863 timing idealTree:node_modules/fast-deep-equal Completed in 0ms
864 timing idealTree:node_modules/fast-json-stable-stringify Completed in 0ms
865 timing idealTree:node_modules/har-schema Completed in 0ms
866 silly placeDep ROOT assert-plus@1.0.0 OK for: http-signature@1.2.0 want: ^1.0.0
867 silly placeDep ROOT jsprim@1.4.2 OK for: http-signature@1.2.0 want: ^1.2.2
868 silly placeDep ROOT sshpk@1.17.0 OK for: http-signature@1.2.0 want: ^1.7.0
869 silly fetch manifest extsprintf@1.3.0
870 silly fetch manifest json-schema@0.4.0
871 silly fetch manifest verror@1.10.0
872 silly fetch manifest asn1@~0.2.3
873 silly fetch manifest dashdash@^1.12.0
874 silly fetch manifest getpass@^0.1.1
875 silly fetch manifest safer-buffer@^2.0.2
876 silly fetch manifest jsbn@~0.1.0
877 silly fetch manifest tweetnacl@~0.14.0
878 silly fetch manifest ecc-jsbn@~0.1.1
879 silly fetch manifest bcrypt-pbkdf@^1.0.0
880 http fetch GET 200 https://registry.npmjs.org/verror 33ms (cache hit)
881 http fetch GET 200 https://registry.npmjs.org/extsprintf 35ms (cache hit)
882 http fetch GET 200 https://registry.npmjs.org/json-schema 34ms (cache hit)
883 http fetch GET 200 https://registry.npmjs.org/asn1 33ms (cache hit)
884 http fetch GET 200 https://registry.npmjs.org/getpass 31ms (cache hit)
885 http fetch GET 200 https://registry.npmjs.org/tweetnacl 29ms (cache hit)
886 http fetch GET 200 https://registry.npmjs.org/safer-buffer 31ms (cache hit)
887 http fetch GET 200 https://registry.npmjs.org/dashdash 34ms (cache hit)
888 http fetch GET 200 https://registry.npmjs.org/jsbn 32ms (cache hit)
889 http fetch GET 200 https://registry.npmjs.org/bcrypt-pbkdf 30ms (cache hit)
890 http fetch GET 200 https://registry.npmjs.org/ecc-jsbn 30ms (cache hit)
891 timing idealTree:node_modules/http-signature Completed in 42ms
892 timing idealTree:node_modules/assert-plus Completed in 0ms
893 timing idealTree:node_modules/is-typedarray Completed in 0ms
894 timing idealTree:node_modules/isstream Completed in 0ms
895 timing idealTree:node_modules/json-schema-traverse Completed in 0ms
896 timing idealTree:node_modules/json-stringify-safe Completed in 0ms
897 silly placeDep ROOT extsprintf@1.3.0 OK for: jsprim@1.4.2 want: 1.3.0
898 silly placeDep ROOT json-schema@0.4.0 OK for: jsprim@1.4.2 want: 0.4.0
899 silly placeDep ROOT verror@1.10.0 OK for: jsprim@1.4.2 want: 1.10.0
900 silly fetch manifest core-util-is@1.0.2
901 http fetch GET 200 https://registry.npmjs.org/core-util-is 12ms (cache hit)
902 timing idealTree:node_modules/jsprim Completed in 14ms
903 timing idealTree:node_modules/extsprintf Completed in 0ms
904 timing idealTree:node_modules/json-schema Completed in 0ms
905 timing idealTree:node_modules/oauth-sign Completed in 0ms
906 timing idealTree:node_modules/performance-now Completed in 0ms
907 timing idealTree:node_modules/resolve-alpn Completed in 0ms
908 timing idealTree:node_modules/resolve-protobuf-schema Completed in 0ms
909 timing idealTree:node_modules/responselike Completed in 0ms
910 timing idealTree:node_modules/safe-buffer Completed in 0ms
911 silly placeDep ROOT xmlchars@2.2.0 OK for: saxes@5.0.1 want: ^2.2.0
912 timing idealTree:node_modules/saxes Completed in 1ms
913 silly placeDep ROOT call-bind@1.0.2 OK for: side-channel@1.0.4 want: ^1.0.0
914 silly placeDep ROOT get-intrinsic@1.2.1 OK for: side-channel@1.0.4 want: ^1.0.2
915 silly placeDep ROOT object-inspect@1.12.3 OK for: side-channel@1.0.4 want: ^1.9.0
916 silly fetch manifest function-bind@^1.1.1
917 silly fetch manifest has@^1.0.3
918 silly fetch manifest has-proto@^1.0.1
919 silly fetch manifest has-symbols@^1.0.3
920 http fetch GET 200 https://registry.npmjs.org/function-bind 31ms (cache hit)
921 http fetch GET 200 https://registry.npmjs.org/has-proto 28ms (cache hit)
922 http fetch GET 200 https://registry.npmjs.org/has 29ms (cache hit)
923 http fetch GET 200 https://registry.npmjs.org/has-symbols 28ms (cache hit)
924 timing idealTree:node_modules/side-channel Completed in 37ms
925 silly placeDep ROOT function-bind@1.1.1 OK for: call-bind@1.0.2 want: ^1.1.1
926 timing idealTree:node_modules/call-bind Completed in 0ms
927 timing idealTree:node_modules/function-bind Completed in 0ms
928 silly placeDep ROOT has@1.0.3 OK for: get-intrinsic@1.2.1 want: ^1.0.3
929 silly placeDep ROOT has-proto@1.0.1 OK for: get-intrinsic@1.2.1 want: ^1.0.1
930 silly placeDep ROOT has-symbols@1.0.3 OK for: get-intrinsic@1.2.1 want: ^1.0.3
931 timing idealTree:node_modules/get-intrinsic Completed in 1ms
932 timing idealTree:node_modules/has Completed in 0ms
933 timing idealTree:node_modules/has-proto Completed in 0ms
934 timing idealTree:node_modules/has-symbols Completed in 0ms
935 timing idealTree:node_modules/object-inspect Completed in 0ms
936 silly placeDep node_modules/signed-varint varint@5.0.2 OK for: signed-varint@2.0.1 want: ~5.0.0
937 timing idealTree:node_modules/signed-varint Completed in 0ms
938 timing idealTree:node_modules/source-map Completed in 0ms
939 silly placeDep node_modules/spinnies chalk@2.4.2 OK for: spinnies@0.5.1 want: ^2.4.2
940 silly placeDep ROOT cli-cursor@3.1.0 OK for: spinnies@0.5.1 want: ^3.0.0
941 silly placeDep ROOT strip-ansi@5.2.0 OK for: spinnies@0.5.1 want: ^5.2.0
942 silly fetch manifest ansi-styles@^3.2.1
943 silly fetch manifest supports-color@^5.3.0
944 silly fetch manifest restore-cursor@^3.1.0
945 silly fetch manifest ansi-regex@^4.1.0
946 http fetch GET 200 https://registry.npmjs.org/restore-cursor 6ms (cache hit)
947 http fetch GET 200 https://registry.npmjs.org/ansi-regex 5ms (cache hit)
948 timing idealTree:node_modules/spinnies Completed in 9ms
949 silly placeDep ROOT restore-cursor@3.1.0 OK for: cli-cursor@3.1.0 want: ^3.1.0
950 silly fetch manifest onetime@^5.1.0
951 silly fetch manifest signal-exit@^3.0.2
952 http fetch GET 200 https://registry.npmjs.org/onetime 6ms (cache hit)
953 http fetch GET 200 https://registry.npmjs.org/signal-exit 6ms (cache hit)
954 timing idealTree:node_modules/cli-cursor Completed in 9ms
955 silly placeDep ROOT onetime@5.1.2 OK for: restore-cursor@3.1.0 want: ^5.1.0
956 silly placeDep ROOT signal-exit@3.0.7 OK for: restore-cursor@3.1.0 want: ^3.0.2
957 silly fetch manifest mimic-fn@^2.1.0
958 http fetch GET 200 https://registry.npmjs.org/mimic-fn 20ms (cache hit)
959 timing idealTree:node_modules/restore-cursor Completed in 22ms
960 silly placeDep ROOT mimic-fn@2.1.0 OK for: onetime@5.1.2 want: ^2.1.0
961 timing idealTree:node_modules/onetime Completed in 1ms
962 timing idealTree:node_modules/mimic-fn Completed in 0ms
963 timing idealTree:node_modules/signal-exit Completed in 0ms
964 silly placeDep ROOT asn1@0.2.6 OK for: sshpk@1.17.0 want: ~0.2.3
965 silly placeDep ROOT bcrypt-pbkdf@1.0.2 OK for: sshpk@1.17.0 want: ^1.0.0
966 silly placeDep ROOT dashdash@1.14.1 OK for: sshpk@1.17.0 want: ^1.12.0
967 silly placeDep ROOT ecc-jsbn@0.1.2 OK for: sshpk@1.17.0 want: ~0.1.1
968 silly placeDep ROOT getpass@0.1.7 OK for: sshpk@1.17.0 want: ^0.1.1
969 silly placeDep ROOT jsbn@0.1.1 OK for: sshpk@1.17.0 want: ~0.1.0
970 silly placeDep ROOT safer-buffer@2.1.2 OK for: sshpk@1.17.0 want: ^2.0.2
971 silly placeDep ROOT tweetnacl@0.14.5 OK for: sshpk@1.17.0 want: ~0.14.0
972 timing idealTree:node_modules/sshpk Completed in 6ms
973 timing idealTree:node_modules/asn1 Completed in 0ms
974 timing idealTree:node_modules/bcrypt-pbkdf Completed in 0ms
975 timing idealTree:node_modules/dashdash Completed in 0ms
976 timing idealTree:node_modules/ecc-jsbn Completed in 0ms
977 timing idealTree:node_modules/getpass Completed in 0ms
978 timing idealTree:node_modules/jsbn Completed in 0ms
979 timing idealTree:node_modules/safer-buffer Completed in 0ms
980 timing idealTree:node_modules/string_decoder Completed in 0ms
981 silly placeDep ROOT ansi-regex@4.1.1 OK for: strip-ansi@5.2.0 want: ^4.1.0
982 timing idealTree:node_modules/strip-ansi Completed in 1ms
983 timing idealTree:node_modules/ansi-regex Completed in 0ms
984 silly placeDep ROOT @tokenizer/token@0.3.0 OK for: strtok3@6.3.0 want: ^0.3.0
985 silly placeDep ROOT peek-readable@4.1.0 OK for: strtok3@6.3.0 want: ^4.1.0
986 timing idealTree:node_modules/strtok3 Completed in 1ms
987 timing idealTree:node_modules/@tokenizer/token Completed in 0ms
988 timing idealTree:node_modules/peek-readable Completed in 0ms
989 silly placeDep ROOT has-flag@4.0.0 OK for: supports-color@7.2.0 want: ^4.0.0
990 timing idealTree:node_modules/supports-color Completed in 0ms
991 timing idealTree:node_modules/has-flag Completed in 0ms
992 timing idealTree:node_modules/symbol-tree Completed in 0ms
993 timing idealTree:node_modules/textmaker-thiccy Completed in 0ms
994 silly placeDep ROOT is-number@7.0.0 OK for: to-regex-range@5.0.1 want: ^7.0.0
995 timing idealTree:node_modules/to-regex-range Completed in 1ms
996 timing idealTree:node_modules/is-number Completed in 0ms
997 silly placeDep ROOT ieee754@1.2.1 OK for: token-types@4.2.1 want: ^1.2.1
998 timing idealTree:node_modules/token-types Completed in 1ms
999 timing idealTree:node_modules/ieee754 Completed in 0ms
1000 silly placeDep ROOT psl@1.9.0 OK for: tough-cookie@4.1.3 want: ^1.1.33
1001 silly placeDep ROOT punycode@2.3.0 OK for: tough-cookie@4.1.3 want: ^2.1.1
1002 silly placeDep node_modules/tough-cookie universalify@0.2.0 OK for: tough-cookie@4.1.3 want: ^0.2.0
1003 silly placeDep ROOT url-parse@1.5.10 OK for: tough-cookie@4.1.3 want: ^1.5.3
1004 silly fetch manifest querystringify@^2.1.1
1005 silly fetch manifest requires-port@^1.0.0
1006 http fetch GET 200 https://registry.npmjs.org/querystringify 8ms (cache hit)
1007 http fetch GET 200 https://registry.npmjs.org/requires-port 8ms (cache hit)
1008 timing idealTree:node_modules/tough-cookie Completed in 12ms
1009 timing idealTree:node_modules/psl Completed in 0ms
1010 timing idealTree:node_modules/punycode Completed in 0ms
1011 timing idealTree:node_modules/tunnel-agent Completed in 0ms
1012 timing idealTree:node_modules/tweetnacl Completed in 0ms
1013 silly placeDep node_modules/unirest form-data@0.2.0 OK for: unirest@0.6.0 want: ^0.2.0
1014 silly placeDep node_modules/unirest mime@2.6.0 OK for: unirest@0.6.0 want: ^2.4.0
1015 silly fetch manifest async@~0.9.0
1016 silly fetch manifest combined-stream@~0.0.4
1017 silly fetch manifest mime-types@~2.0.3
1018 timing idealTree:node_modules/unirest Completed in 3ms
1019 timing idealTree:node_modules/universalify Completed in 0ms
1020 timing idealTree:node_modules/uri-js Completed in 0ms
1021 silly placeDep ROOT querystringify@2.2.0 OK for: url-parse@1.5.10 want: ^2.1.1
1022 silly placeDep ROOT requires-port@1.0.0 OK for: url-parse@1.5.10 want: ^1.0.0
1023 timing idealTree:node_modules/url-parse Completed in 1ms
1024 timing idealTree:node_modules/querystringify Completed in 0ms
1025 timing idealTree:node_modules/requires-port Completed in 0ms
1026 silly placeDep ROOT is-arguments@1.1.1 OK for: util@0.12.5 want: ^1.0.4
1027 silly placeDep ROOT is-generator-function@1.0.10 OK for: util@0.12.5 want: ^1.0.7
1028 silly placeDep ROOT is-typed-array@1.1.12 OK for: util@0.12.5 want: ^1.1.3
1029 silly placeDep ROOT which-typed-array@1.1.11 OK for: util@0.12.5 want: ^1.1.2
1030 silly fetch manifest has-tostringtag@^1.0.0
1031 silly fetch manifest available-typed-arrays@^1.0.5
1032 silly fetch manifest for-each@^0.3.3
1033 silly fetch manifest gopd@^1.0.1
1034 http fetch GET 200 https://registry.npmjs.org/available-typed-arrays 8ms (cache hit)
1035 http fetch GET 200 https://registry.npmjs.org/has-tostringtag 10ms (cache hit)
1036 http fetch GET 200 https://registry.npmjs.org/gopd 8ms (cache hit)
1037 http fetch GET 200 https://registry.npmjs.org/for-each 9ms (cache hit)
1038 timing idealTree:node_modules/util Completed in 13ms
1039 silly placeDep ROOT has-tostringtag@1.0.0 OK for: is-arguments@1.1.1 want: ^1.0.0
1040 timing idealTree:node_modules/is-arguments Completed in 1ms
1041 timing idealTree:node_modules/has-tostringtag Completed in 0ms
1042 timing idealTree:node_modules/is-generator-function Completed in 0ms
1043 timing idealTree:node_modules/is-typed-array Completed in 0ms
1044 timing idealTree:node_modules/util-deprecate Completed in 0ms
1045 timing idealTree:node_modules/uuid Completed in 0ms
1046 timing idealTree:node_modules/varint Completed in 0ms
1047 silly placeDep ROOT core-util-is@1.0.2 OK for: verror@1.10.0 want: 1.0.2
1048 timing idealTree:node_modules/verror Completed in 1ms
1049 timing idealTree:node_modules/core-util-is Completed in 0ms
1050 silly placeDep ROOT browser-process-hrtime@1.0.0 OK for: w3c-hr-time@1.0.2 want: ^1.0.0
1051 timing idealTree:node_modules/w3c-hr-time Completed in 0ms
1052 timing idealTree:node_modules/browser-process-hrtime Completed in 0ms
1053 timing idealTree:node_modules/w3c-xmlserializer Completed in 0ms
1054 timing idealTree:node_modules/webidl-conversions Completed in 0ms
1055 silly placeDep ROOT iconv-lite@0.6.3 OK for: whatwg-encoding@2.0.0 want: 0.6.3
1056 timing idealTree:node_modules/whatwg-encoding Completed in 2ms
1057 timing idealTree:node_modules/iconv-lite Completed in 0ms
1058 timing idealTree:node_modules/whatwg-mimetype Completed in 0ms
1059 silly placeDep ROOT tr46@3.0.0 OK for: whatwg-url@10.0.0 want: ^3.0.0
1060 timing idealTree:node_modules/whatwg-url Completed in 1ms
1061 timing idealTree:node_modules/tr46 Completed in 0ms
1062 silly placeDep ROOT isexe@2.0.0 OK for: which@1.3.1 want: ^2.0.0
1063 timing idealTree:node_modules/which Completed in 0ms
1064 timing idealTree:node_modules/isexe Completed in 0ms
1065 silly placeDep ROOT available-typed-arrays@1.0.5 OK for: which-typed-array@1.1.11 want: ^1.0.5
1066 silly placeDep ROOT for-each@0.3.3 OK for: which-typed-array@1.1.11 want: ^0.3.3
1067 silly placeDep ROOT gopd@1.0.1 OK for: which-typed-array@1.1.11 want: ^1.0.1
1068 silly fetch manifest is-callable@^1.1.3
1069 http fetch GET 200 https://registry.npmjs.org/is-callable 4ms (cache hit)
1070 timing idealTree:node_modules/which-typed-array Completed in 7ms
1071 timing idealTree:node_modules/available-typed-arrays Completed in 0ms
1072 silly placeDep ROOT is-callable@1.2.7 OK for: for-each@0.3.3 want: ^1.1.3
1073 timing idealTree:node_modules/for-each Completed in 0ms
1074 timing idealTree:node_modules/gopd Completed in 0ms
1075 timing idealTree:node_modules/is-callable Completed in 1ms
1076 silly placeDep ROOT define-property@1.0.0 OK for: window-size@1.1.1 want: ^1.0.0
1077 silly placeDep node_modules/window-size is-number@3.0.0 OK for: window-size@1.1.1 want: ^3.0.0
1078 silly fetch manifest is-descriptor@^1.0.0
1079 silly fetch manifest kind-of@^3.0.2
1080 http fetch GET 200 https://registry.npmjs.org/kind-of 4ms (cache hit)
1081 http fetch GET 200 https://registry.npmjs.org/is-descriptor 5ms (cache hit)
1082 timing idealTree:node_modules/window-size Completed in 7ms
1083 silly placeDep ROOT is-descriptor@1.0.2 OK for: define-property@1.0.0 want: ^1.0.0
1084 silly fetch manifest is-accessor-descriptor@^1.0.0
1085 silly fetch manifest is-data-descriptor@^1.0.0
1086 silly fetch manifest kind-of@^6.0.2
1087 http fetch GET 200 https://registry.npmjs.org/is-accessor-descriptor 5ms (cache hit)
1088 http fetch GET 200 https://registry.npmjs.org/is-data-descriptor 6ms (cache hit)
1089 timing idealTree:node_modules/define-property Completed in 7ms
1090 silly placeDep ROOT is-accessor-descriptor@1.0.0 OK for: is-descriptor@1.0.2 want: ^1.0.0
1091 silly placeDep ROOT is-data-descriptor@1.0.0 OK for: is-descriptor@1.0.2 want: ^1.0.0
1092 silly placeDep ROOT kind-of@6.0.3 OK for: is-descriptor@1.0.2 want: ^6.0.2
1093 timing idealTree:node_modules/is-descriptor Completed in 1ms
1094 timing idealTree:node_modules/is-accessor-descriptor Completed in 0ms
1095 timing idealTree:node_modules/is-data-descriptor Completed in 0ms
1096 timing idealTree:node_modules/kind-of Completed in 0ms
1097 timing idealTree:node_modules/wrappy Completed in 0ms
1098 timing idealTree:node_modules/ws Completed in 0ms
1099 timing idealTree:node_modules/xfarr-api Completed in 0ms
1100 timing idealTree:node_modules/xml-name-validator Completed in 0ms
1101 timing idealTree:node_modules/xmlchars Completed in 0ms
1102 silly placeDep ROOT async.parallellimit@0.5.2 OK for: yt-search@2.10.4 want: ~0.5.2
1103 silly placeDep ROOT boolstring@1.0.2 OK for: yt-search@2.10.4 want: ~1.0.2
1104 silly placeDep ROOT dasu@0.4.3 OK for: yt-search@2.10.4 want: ~0.4.3
1105 silly placeDep ROOT human-time@0.0.2 OK for: yt-search@2.10.4 want: 0.0.2
1106 silly placeDep ROOT jsonpath-plus@5.0.7 OK for: yt-search@2.10.4 want: ~5.0.2
1107 silly placeDep ROOT minimist@1.2.8 OK for: yt-search@2.10.4 want: ~1.2.5
1108 silly placeDep ROOT node-fzf@0.5.3 OK for: yt-search@2.10.4 want: ~0.5.1
1109 silly fetch manifest async.util.eachoflimit@0.5.2
1110 silly fetch manifest async.util.parallel@0.5.2
1111 silly fetch manifest cli-color@~1.2.0
1112 silly fetch manifest keypress@~0.2.1
1113 silly fetch manifest redstar@0.0.2
1114 silly fetch manifest string-width@~2.1.1
1115 silly fetch manifest ttys@0.0.3
1116 http fetch GET 200 https://registry.npmjs.org/async.util.parallel 15ms (cache hit)
1117 http fetch GET 200 https://registry.npmjs.org/cli-color 15ms (cache hit)
1118 http fetch GET 200 https://registry.npmjs.org/keypress 15ms (cache hit)
1119 http fetch GET 200 https://registry.npmjs.org/async.util.eachoflimit 17ms (cache hit)
1120 http fetch GET 200 https://registry.npmjs.org/redstar 15ms (cache hit)
1121 http fetch GET 200 https://registry.npmjs.org/ttys 13ms (cache hit)
1122 http fetch GET 200 https://registry.npmjs.org/string-width 15ms (cache hit)
1123 timing idealTree:node_modules/yt-search Completed in 21ms
1124 silly placeDep ROOT async.util.eachoflimit@0.5.2 OK for: async.parallellimit@0.5.2 want: 0.5.2
1125 silly placeDep ROOT async.util.parallel@0.5.2 OK for: async.parallellimit@0.5.2 want: 0.5.2
1126 silly fetch manifest async.util.keyiterator@0.5.2
1127 silly fetch manifest async.util.noop@0.5.2
1128 silly fetch manifest async.util.once@0.5.2
1129 silly fetch manifest async.util.onlyonce@0.5.2
1130 silly fetch manifest async.util.isarraylike@0.5.2
1131 silly fetch manifest async.util.restparam@0.5.2
1132 http fetch GET 200 https://registry.npmjs.org/async.util.keyiterator 36ms (cache hit)
1133 http fetch GET 200 https://registry.npmjs.org/async.util.noop 36ms (cache hit)
1134 http fetch GET 200 https://registry.npmjs.org/async.util.once 36ms (cache hit)
1135 http fetch GET 200 https://registry.npmjs.org/async.util.onlyonce 36ms (cache hit)
1136 http fetch GET 200 https://registry.npmjs.org/async.util.isarraylike 36ms (cache hit)
1137 http fetch GET 200 https://registry.npmjs.org/async.util.restparam 35ms (cache hit)
1138 timing idealTree:node_modules/async.parallellimit Completed in 40ms
1139 silly placeDep ROOT async.util.keyiterator@0.5.2 OK for: async.util.eachoflimit@0.5.2 want: 0.5.2
1140 silly placeDep ROOT async.util.noop@0.5.2 OK for: async.util.eachoflimit@0.5.2 want: 0.5.2
1141 silly placeDep ROOT async.util.once@0.5.2 OK for: async.util.eachoflimit@0.5.2 want: 0.5.2
1142 silly placeDep ROOT async.util.onlyonce@0.5.2 OK for: async.util.eachoflimit@0.5.2 want: 0.5.2
1143 silly fetch manifest async.util.keys@0.5.2
1144 http fetch GET 200 https://registry.npmjs.org/async.util.keys 7ms (cache hit)
1145 timing idealTree:node_modules/async.util.eachoflimit Completed in 11ms
1146 silly placeDep ROOT async.util.isarraylike@0.5.2 OK for: async.util.keyiterator@0.5.2 want: 0.5.2
1147 silly placeDep ROOT async.util.keys@0.5.2 OK for: async.util.keyiterator@0.5.2 want: 0.5.2
1148 silly fetch manifest async.util.isarray@0.5.2
1149 http fetch GET 200 https://registry.npmjs.org/async.util.isarray 17ms (cache hit)
1150 timing idealTree:node_modules/async.util.keyiterator Completed in 20ms
1151 silly placeDep ROOT async.util.isarray@0.5.2 OK for: async.util.isarraylike@0.5.2 want: 0.5.2
1152 timing idealTree:node_modules/async.util.isarraylike Completed in 1ms
1153 timing idealTree:node_modules/async.util.isarray Completed in 0ms
1154 timing idealTree:node_modules/async.util.keys Completed in 0ms
1155 timing idealTree:node_modules/async.util.noop Completed in 0ms
1156 timing idealTree:node_modules/async.util.once Completed in 0ms
1157 timing idealTree:node_modules/async.util.onlyonce Completed in 0ms
1158 silly placeDep ROOT async.util.restparam@0.5.2 OK for: async.util.parallel@0.5.2 want: 0.5.2
1159 timing idealTree:node_modules/async.util.parallel Completed in 0ms
1160 timing idealTree:node_modules/async.util.restparam Completed in 0ms
1161 timing idealTree:node_modules/boolstring Completed in 0ms
1162 timing idealTree:node_modules/dasu Completed in 0ms
1163 timing idealTree:node_modules/human-time Completed in 0ms
1164 timing idealTree:node_modules/jsonpath-plus Completed in 0ms
1165 timing idealTree:node_modules/minimist Completed in 0ms
1166 silly placeDep ROOT cli-color@1.2.0 OK for: node-fzf@0.5.3 want: ~1.2.0
1167 silly placeDep ROOT keypress@0.2.1 OK for: node-fzf@0.5.3 want: ~0.2.1
1168 silly placeDep ROOT redstar@0.0.2 OK for: node-fzf@0.5.3 want: 0.0.2
1169 silly placeDep ROOT string-width@2.1.1 OK for: node-fzf@0.5.3 want: ~2.1.1
1170 silly placeDep ROOT ttys@0.0.3 OK for: node-fzf@0.5.3 want: 0.0.3
1171 silly fetch manifest ansi-regex@^2.1.1
1172 silly fetch manifest d@1
1173 silly fetch manifest es5-ext@^0.10.12
1174 silly fetch manifest es6-iterator@2
1175 silly fetch manifest memoizee@^0.4.3
1176 silly fetch manifest timers-ext@0.1
1177 silly fetch manifest minimatch@~3.0.4
1178 silly fetch manifest is-fullwidth-code-point@^2.0.0
1179 silly fetch manifest strip-ansi@^4.0.0
1180 http fetch GET 200 https://registry.npmjs.org/d 13ms (cache hit)
1181 http fetch GET 200 https://registry.npmjs.org/es5-ext 13ms (cache hit)
1182 http fetch GET 200 https://registry.npmjs.org/es6-iterator 13ms (cache hit)
1183 http fetch GET 200 https://registry.npmjs.org/memoizee 13ms (cache hit)
1184 http fetch GET 200 https://registry.npmjs.org/timers-ext 12ms (cache hit)
1185 http fetch GET 200 https://registry.npmjs.org/is-fullwidth-code-point 11ms (cache hit)
1186 http fetch GET 200 https://registry.npmjs.org/minimatch 12ms (cache hit)
1187 timing idealTree:node_modules/node-fzf Completed in 20ms
1188 silly placeDep node_modules/cli-color ansi-regex@2.1.1 OK for: cli-color@1.2.0 want: ^2.1.1
1189 silly placeDep ROOT d@1.0.1 OK for: cli-color@1.2.0 want: 1
1190 silly placeDep ROOT es5-ext@0.10.62 OK for: cli-color@1.2.0 want: ^0.10.12
1191 silly placeDep ROOT es6-iterator@2.0.3 OK for: cli-color@1.2.0 want: 2
1192 silly placeDep ROOT memoizee@0.4.15 OK for: cli-color@1.2.0 want: ^0.4.3
1193 silly placeDep ROOT timers-ext@0.1.7 OK for: cli-color@1.2.0 want: 0.1
1194 silly fetch manifest type@^1.0.1
1195 silly fetch manifest es6-symbol@^3.1.3
1196 silly fetch manifest next-tick@^1.1.0
1197 silly fetch manifest es6-symbol@^3.1.1
1198 silly fetch manifest es6-weak-map@^2.0.3
1199 silly fetch manifest event-emitter@^0.3.5
1200 silly fetch manifest is-promise@^2.2.2
1201 silly fetch manifest lru-queue@^0.1.0
1202 silly fetch manifest next-tick@1
1203 http fetch GET 200 https://registry.npmjs.org/type 15ms (cache hit)
1204 http fetch GET 200 https://registry.npmjs.org/es6-symbol 15ms (cache hit)
1205 http fetch GET 200 https://registry.npmjs.org/es6-weak-map 14ms (cache hit)
1206 http fetch GET 200 https://registry.npmjs.org/event-emitter 14ms (cache hit)
1207 http fetch GET 200 https://registry.npmjs.org/is-promise 14ms (cache hit)
1208 http fetch GET 200 https://registry.npmjs.org/lru-queue 13ms (cache hit)
1209 http fetch GET 200 https://registry.npmjs.org/next-tick 16ms (cache hit)
1210 timing idealTree:node_modules/cli-color Completed in 21ms
1211 silly placeDep ROOT type@1.2.0 OK for: d@1.0.1 want: ^1.0.1
1212 timing idealTree:node_modules/d Completed in 0ms
1213 silly placeDep ROOT es6-symbol@3.1.3 OK for: es5-ext@0.10.62 want: ^3.1.3
1214 silly placeDep ROOT next-tick@1.1.0 OK for: es5-ext@0.10.62 want: ^1.1.0
1215 silly fetch manifest ext@^1.1.2
1216 http fetch GET 200 https://registry.npmjs.org/ext 13ms (cache hit)
1217 timing idealTree:node_modules/es5-ext Completed in 16ms
1218 timing idealTree:node_modules/es6-iterator Completed in 0ms
1219 silly placeDep ROOT ext@1.7.0 OK for: es6-symbol@3.1.3 want: ^1.1.2
1220 silly fetch manifest type@^2.7.2
1221 timing idealTree:node_modules/es6-symbol Completed in 1ms
1222 silly placeDep node_modules/ext type@2.7.2 OK for: ext@1.7.0 want: ^2.7.2
1223 timing idealTree:node_modules/ext Completed in 0ms
1224 timing idealTree:node_modules/keypress Completed in 0ms
1225 silly placeDep ROOT es6-weak-map@2.0.3 OK for: memoizee@0.4.15 want: ^2.0.3
1226 silly placeDep ROOT event-emitter@0.3.5 OK for: memoizee@0.4.15 want: ^0.3.5
1227 silly placeDep ROOT is-promise@2.2.2 OK for: memoizee@0.4.15 want: ^2.2.2
1228 silly placeDep ROOT lru-queue@0.1.0 OK for: memoizee@0.4.15 want: ^0.1.0
1229 timing idealTree:node_modules/memoizee Completed in 3ms
1230 timing idealTree:node_modules/es6-weak-map Completed in 0ms
1231 timing idealTree:node_modules/event-emitter Completed in 0ms
1232 timing idealTree:node_modules/is-promise Completed in 0ms
1233 timing idealTree:node_modules/lru-queue Completed in 0ms
1234 timing idealTree:node_modules/next-tick Completed in 0ms
1235 silly placeDep ROOT minimatch@3.0.8 OK for: redstar@0.0.2 want: ~3.0.4
1236 silly fetch manifest brace-expansion@^1.1.7
1237 http fetch GET 200 https://registry.npmjs.org/brace-expansion 2ms (cache hit)
1238 timing idealTree:node_modules/redstar Completed in 4ms
1239 silly placeDep ROOT brace-expansion@1.1.11 OK for: minimatch@3.0.8 want: ^1.1.7
1240 silly fetch manifest balanced-match@^1.0.0
1241 silly fetch manifest concat-map@0.0.1
1242 http fetch GET 200 https://registry.npmjs.org/balanced-match 6ms (cache hit)
1243 http fetch GET 200 https://registry.npmjs.org/concat-map 6ms (cache hit)
1244 timing idealTree:node_modules/minimatch Completed in 8ms
1245 silly placeDep ROOT balanced-match@1.0.2 OK for: brace-expansion@1.1.11 want: ^1.0.0
1246 silly placeDep ROOT concat-map@0.0.1 OK for: brace-expansion@1.1.11 want: 0.0.1
1247 timing idealTree:node_modules/brace-expansion Completed in 1ms
1248 timing idealTree:node_modules/balanced-match Completed in 0ms
1249 timing idealTree:node_modules/concat-map Completed in 0ms
1250 silly placeDep ROOT is-fullwidth-code-point@2.0.0 OK for: string-width@2.1.1 want: ^2.0.0
1251 silly placeDep node_modules/string-width strip-ansi@4.0.0 OK for: string-width@2.1.1 want: ^4.0.0
1252 silly fetch manifest ansi-regex@^3.0.0
1253 timing idealTree:node_modules/string-width Completed in 1ms
1254 timing idealTree:node_modules/is-fullwidth-code-point Completed in 0ms
1255 timing idealTree:node_modules/timers-ext Completed in 0ms
1256 timing idealTree:node_modules/ttys Completed in 0ms
1257 timing idealTree:node_modules/type Completed in 0ms
1258 timing idealTree:node_modules/yts Completed in 0ms
1259 timing idealTree:node_modules/acorn-globals/node_modules/acorn Completed in 0ms
1260 timing idealTree:node_modules/cli-color/node_modules/ansi-regex Completed in 0ms
1261 timing idealTree:node_modules/cssstyle/node_modules/cssom Completed in 0ms
1262 timing idealTree:node_modules/data-urls/node_modules/whatwg-url Completed in 0ms
1263 timing idealTree:node_modules/debug/node_modules/ms Completed in 0ms
1264 timing idealTree:node_modules/decompress-response/node_modules/mimic-response Completed in 0ms
1265 silly placeDep node_modules/emoji-api domexception@2.0.1 OK for: jsdom@17.0.0 want: ^2.0.1
1266 silly placeDep node_modules/emoji-api html-encoding-sniffer@2.0.1 OK for: jsdom@17.0.0 want: ^2.0.1
1267 silly placeDep node_modules/emoji-api http-proxy-agent@4.0.1 OK for: jsdom@17.0.0 want: ^4.0.1
1268 silly placeDep node_modules/emoji-api parse5@6.0.1 OK for: jsdom@17.0.0 want: 6.0.1
1269 silly placeDep node_modules/emoji-api w3c-xmlserializer@2.0.0 OK for: jsdom@17.0.0 want: ^2.0.0
1270 silly placeDep node_modules/emoji-api webidl-conversions@6.1.0 OK for: jsdom@17.0.0 want: ^6.1.0
1271 silly placeDep node_modules/emoji-api whatwg-encoding@1.0.5 OK for: jsdom@17.0.0 want: ^1.0.5
1272 silly placeDep node_modules/emoji-api whatwg-mimetype@2.3.0 OK for: jsdom@17.0.0 want: ^2.3.0
1273 silly placeDep node_modules/emoji-api whatwg-url@9.1.0 OK for: jsdom@17.0.0 want: ^9.0.0
1274 silly placeDep node_modules/emoji-api xml-name-validator@3.0.0 OK for: jsdom@17.0.0 want: ^3.0.0
1275 silly fetch manifest webidl-conversions@^5.0.0
1276 silly fetch manifest @tootallnate/once@1
1277 silly fetch manifest iconv-lite@0.4.24
1278 silly fetch manifest tr46@^2.1.0
1279 timing idealTree:node_modules/emoji-api/node_modules/jsdom Completed in 6ms
1280 silly placeDep node_modules/emoji-api/node_modules/domexception webidl-conversions@5.0.0 OK for: domexception@2.0.1 want: ^5.0.0
1281 timing idealTree:node_modules/emoji-api/node_modules/domexception Completed in 0ms
1282 timing idealTree:node_modules/emoji-api/node_modules/html-encoding-sniffer Completed in 0ms
1283 silly placeDep node_modules/emoji-api @tootallnate/once@1.1.2 OK for: http-proxy-agent@4.0.1 want: 1
1284 timing idealTree:node_modules/emoji-api/node_modules/http-proxy-agent Completed in 1ms
1285 timing idealTree:node_modules/emoji-api/node_modules/@tootallnate/once Completed in 0ms
1286 timing idealTree:node_modules/emoji-api/node_modules/parse5 Completed in 0ms
1287 timing idealTree:node_modules/emoji-api/node_modules/w3c-xmlserializer Completed in 0ms
1288 timing idealTree:node_modules/emoji-api/node_modules/webidl-conversions Completed in 0ms
1289 silly placeDep node_modules/emoji-api iconv-lite@0.4.24 OK for: whatwg-encoding@1.0.5 want: 0.4.24
1290 timing idealTree:node_modules/emoji-api/node_modules/whatwg-encoding Completed in 5ms
1291 timing idealTree:node_modules/emoji-api/node_modules/iconv-lite Completed in 0ms
1292 timing idealTree:node_modules/emoji-api/node_modules/whatwg-mimetype Completed in 0ms
1293 silly placeDep node_modules/emoji-api tr46@2.1.0 OK for: whatwg-url@9.1.0 want: ^2.1.0
1294 timing idealTree:node_modules/emoji-api/node_modules/whatwg-url Completed in 1ms
1295 timing idealTree:node_modules/emoji-api/node_modules/tr46 Completed in 0ms
1296 timing idealTree:node_modules/emoji-api/node_modules/xml-name-validator Completed in 0ms
1297 timing idealTree:node_modules/ext/node_modules/type Completed in 0ms
1298 timing idealTree:node_modules/jsdom/node_modules/parse5 Completed in 0ms
1299 silly placeDep node_modules/node-fetch tr46@0.0.3 OK for: whatwg-url@5.0.0 want: ~0.0.3
1300 silly placeDep node_modules/node-fetch webidl-conversions@3.0.1 OK for: whatwg-url@5.0.0 want: ^3.0.0
1301 timing idealTree:node_modules/node-fetch/node_modules/whatwg-url Completed in 0ms
1302 timing idealTree:node_modules/node-fetch/node_modules/tr46 Completed in 0ms
1303 timing idealTree:node_modules/node-fetch/node_modules/webidl-conversions Completed in 0ms
1304 silly placeDep node_modules/path inherits@2.0.3 OK for: util@0.10.4 want: 2.0.3
1305 timing idealTree:node_modules/path/node_modules/util Completed in 0ms
1306 timing idealTree:node_modules/path/node_modules/inherits Completed in 0ms
1307 timing idealTree:node_modules/request/node_modules/form-data Completed in 0ms
1308 timing idealTree:node_modules/request/node_modules/qs Completed in 0ms
1309 timing idealTree:node_modules/request/node_modules/tough-cookie Completed in 0ms
1310 timing idealTree:node_modules/signed-varint/node_modules/varint Completed in 0ms
1311 silly placeDep node_modules/spinnies ansi-styles@3.2.1 OK for: chalk@2.4.2 want: ^3.2.1
1312 silly placeDep node_modules/spinnies supports-color@5.5.0 OK for: chalk@2.4.2 want: ^5.3.0
1313 silly fetch manifest color-convert@^1.9.0
1314 silly fetch manifest has-flag@^3.0.0
1315 timing idealTree:node_modules/spinnies/node_modules/chalk Completed in 2ms
1316 silly placeDep node_modules/spinnies color-convert@1.9.3 OK for: ansi-styles@3.2.1 want: ^1.9.0
1317 silly fetch manifest color-name@1.1.3
1318 timing idealTree:node_modules/spinnies/node_modules/ansi-styles Completed in 0ms
1319 silly placeDep node_modules/spinnies color-name@1.1.3 OK for: color-convert@1.9.3 want: 1.1.3
1320 timing idealTree:node_modules/spinnies/node_modules/color-convert Completed in 1ms
1321 timing idealTree:node_modules/spinnies/node_modules/color-name Completed in 0ms
1322 silly placeDep node_modules/spinnies has-flag@3.0.0 OK for: supports-color@5.5.0 want: ^3.0.0
1323 timing idealTree:node_modules/spinnies/node_modules/supports-color Completed in 0ms
1324 timing idealTree:node_modules/spinnies/node_modules/has-flag Completed in 0ms
1325 silly placeDep node_modules/string-width ansi-regex@3.0.1 OK for: strip-ansi@4.0.0 want: ^3.0.0
1326 timing idealTree:node_modules/string-width/node_modules/strip-ansi Completed in 1ms
1327 timing idealTree:node_modules/string-width/node_modules/ansi-regex Completed in 0ms
1328 timing idealTree:node_modules/tough-cookie/node_modules/universalify Completed in 0ms
1329 silly placeDep node_modules/unirest async@0.9.2 OK for: form-data@0.2.0 want: ~0.9.0
1330 silly placeDep node_modules/unirest combined-stream@0.0.7 OK for: form-data@0.2.0 want: ~0.0.4
1331 silly placeDep node_modules/unirest mime-types@2.0.14 OK for: form-data@0.2.0 want: ~2.0.3
1332 silly fetch manifest delayed-stream@0.0.5
1333 silly fetch manifest mime-db@~1.12.0
1334 timing idealTree:node_modules/unirest/node_modules/form-data Completed in 2ms
1335 timing idealTree:node_modules/unirest/node_modules/async Completed in 0ms
1336 silly placeDep node_modules/unirest delayed-stream@0.0.5 OK for: combined-stream@0.0.7 want: 0.0.5
1337 timing idealTree:node_modules/unirest/node_modules/combined-stream Completed in 0ms
1338 timing idealTree:node_modules/unirest/node_modules/delayed-stream Completed in 0ms
1339 timing idealTree:node_modules/unirest/node_modules/mime Completed in 0ms
1340 silly placeDep node_modules/unirest mime-db@1.12.0 OK for: mime-types@2.0.14 want: ~1.12.0
1341 timing idealTree:node_modules/unirest/node_modules/mime-types Completed in 1ms
1342 timing idealTree:node_modules/unirest/node_modules/mime-db Completed in 0ms
1343 silly placeDep node_modules/window-size kind-of@3.2.2 OK for: is-number@3.0.0 want: ^3.0.2
1344 silly fetch manifest is-buffer@^1.1.5
1345 http fetch GET 200 https://registry.npmjs.org/is-buffer 5ms (cache hit)
1346 timing idealTree:node_modules/window-size/node_modules/is-number Completed in 6ms
1347 silly placeDep ROOT is-buffer@1.1.6 OK for: kind-of@3.2.2 want: ^1.1.5
1348 timing idealTree:node_modules/window-size/node_modules/kind-of Completed in 1ms
1349 timing idealTree:node_modules/is-buffer Completed in 0ms
1350 timing idealTree:node_modules/emoji-api/node_modules/domexception/node_modules/webidl-conversions Completed in 0ms
1351 timing idealTree:buildDeps Completed in 2398ms
1352 timing idealTree:fixDepFlags Completed in 6ms
1353 timing idealTree Completed in 2425ms
1354 timing command:install Completed in 2445ms
1355 verbose stack Error: An unknown git error occurred
1355 verbose stack     at makeError (/usr/local/lib/node_modules/npm/node_modules/@npmcli/git/lib/make-error.js:28:13)
1355 verbose stack     at /usr/local/lib/node_modules/npm/node_modules/@npmcli/git/lib/spawn.js:36:26
1355 verbose stack     at processTicksAndRejections (node:internal/process/task_queues:96:5)
1356 verbose cwd /home/container
1357 verbose Linux 5.4.0-29-generic
1358 verbose argv "/usr/local/bin/node" "/usr/local/bin/npm" "install" "--production"
1359 verbose node v16.6.1
1360 verbose npm  v7.20.3
1361 error code 128
1362 error An unknown git error occurred
1363 error command git --no-replace-objects ls-remote ssh://git@github.com/adiwajshing/baileys.git
1364 error No user exists for uid 998
1364 error fatal: Could not read from remote repository.
1364 error
1364 error Please make sure you have the correct access rights
1364 error and the repository exists.
1365 verbose exit 128
